#
# There is insufficient memory for the Java Runtime Environment to continue.
# Native memory allocation (malloc) failed to allocate 363776 bytes for Chunk::new
# Possible reasons:
#   The system is out of physical RAM or swap space
#   The process is running with CompressedOops enabled, and the Java Heap may be blocking the growth of the native heap
# Possible solutions:
#   Reduce memory load on the system
#   Increase physical memory or swap space
#   Check if swap backing store is full
#   Decrease Java heap size (-Xmx/-Xms)
#   Decrease number of Java threads
#   Decrease Java thread stack sizes (-Xss)
#   Set larger code cache with -XX:ReservedCodeCacheSize=
#   JVM is running with Unscaled Compressed Oops mode in which the Java heap is
#     placed in the first 4GB address space. The Java Heap base address is the
#     maximum limit for the native heap growth. Please use -XX:HeapBaseMinAddress
#     to set the Java Heap base and to place the Java Heap above 4GB virtual address.
# This output file may be truncated or incomplete.
#
#  Out of Memory Error (arena.cpp:189), pid=11272, tid=29204
#
# JRE version: OpenJDK Runtime Environment Temurin-17.0.6+10 (17.0.6+10) (build 17.0.6+10)
# Java VM: OpenJDK 64-Bit Server VM Temurin-17.0.6+10 (17.0.6+10, mixed mode, tiered, compressed oops, compressed class ptrs, parallel gc, windows-amd64)
# No core dump will be written. Minidumps are not enabled by default on client versions of Windows
#

---------------  S U M M A R Y ------------

Command Line: --add-modules=ALL-SYSTEM --add-opens=java.base/java.util=ALL-UNNAMED --add-opens=java.base/java.lang=ALL-UNNAMED --add-opens=java.base/sun.nio.fs=ALL-UNNAMED -Declipse.application=org.eclipse.jdt.ls.core.id1 -Dosgi.bundles.defaultStartLevel=4 -Declipse.product=org.eclipse.jdt.ls.core.product -Djava.import.generatesMetadataFilesAtProjectRoot=false -Dfile.encoding=utf8 -XX:+UseParallelGC -XX:GCTimeRatio=4 -XX:AdaptiveSizePolicyWeight=90 -Dsun.zip.disableMemoryMapping=true -Xmx1G -Xms100m -Xlog:disable -javaagent:c:\Users\kiemp\.vscode\extensions\redhat.java-1.17.0-win32-x64\lombok\lombok-1.18.24.jar -XX:+HeapDumpOnOutOfMemoryError -XX:HeapDumpPath=c:\Users\kiemp\AppData\Roaming\Code\User\workspaceStorage\b246acea17aa2a10dd7647a36f8194b1\redhat.java -Daether.dependencyCollector.impl=bf c:\Users\kiemp\.vscode\extensions\redhat.java-1.17.0-win32-x64\server\plugins\org.eclipse.equinox.launcher_1.6.400.v20210924-0641.jar -configuration c:\Users\kiemp\AppData\Roaming\Code\User\globalStorage\redhat.java\1.17.0\config_win -data c:\Users\kiemp\AppData\Roaming\Code\User\workspaceStorage\b246acea17aa2a10dd7647a36f8194b1\redhat.java\jdt_ws

Host: AMD Ryzen 7 4800H with Radeon Graphics         , 16 cores, 23G,  Windows 11 , 64 bit Build 22621 (10.0.22621.1485)
Time: Mon Apr 24 15:00:39 2023 SE Asia Standard Time elapsed time: 29.468685 seconds (0d 0h 0m 29s)

---------------  T H R E A D  ---------------

Current thread (0x000002711a732b90):  JavaThread "C2 CompilerThread1" daemon [_thread_in_native, id=29204, stack(0x000000aa07100000,0x000000aa07200000)]


Current CompileTask:
C2:  29468 11396       4       org.eclipse.sisu.inject.LocatedBeans$Itr::hasNext (161 bytes)

Stack: [0x000000aa07100000,0x000000aa07200000]
Native frames: (J=compiled Java code, j=interpreted, Vv=VM code, C=native code)
V  [jvm.dll+0x67741a]
V  [jvm.dll+0x834434]
V  [jvm.dll+0x835bde]
V  [jvm.dll+0x836243]
V  [jvm.dll+0x2457b5]
V  [jvm.dll+0xabafc]
V  [jvm.dll+0xac0cc]
V  [jvm.dll+0x2ac94f]
V  [jvm.dll+0x57de47]
V  [jvm.dll+0x220812]
V  [jvm.dll+0x21a0f2]
V  [jvm.dll+0x21790b]
V  [jvm.dll+0x1a3d0d]
V  [jvm.dll+0x22742a]
V  [jvm.dll+0x225565]
V  [jvm.dll+0x7ea2cb]
V  [jvm.dll+0x7e483a]
V  [jvm.dll+0x6762c5]
C  [ucrtbase.dll+0x29363]
C  [KERNEL32.DLL+0x1269d]
C  [ntdll.dll+0x5a9f8]


---------------  P R O C E S S  ---------------

Threads class SMR info:
_java_thread_list=0x0000027121f5a030, length=32, elements={
0x000002717f9c02d0, 0x00000271153c2360, 0x00000271153c31d0, 0x00000271153c91d0,
0x00000271153cbd90, 0x0000027116f3f7a0, 0x0000027116f40a10, 0x0000027116f42750,
0x0000027116f43750, 0x0000027116f5aa30, 0x00000271170c27d0, 0x0000027118e59fc0,
0x000002711a27dc10, 0x000002711a04c3a0, 0x000002711a160e70, 0x000002711a151d20,
0x000002711a51a490, 0x000002711a6cd1f0, 0x000002711a6acd50, 0x000002711a6ad6f0,
0x000002711a6adbc0, 0x000002711a6ac880, 0x000002711e905d70, 0x000002711e901070,
0x000002711e902880, 0x000002711e8ff860, 0x000002711e900200, 0x000002711e906240,
0x000002711eeab400, 0x000002711eeae190, 0x000002711eead260, 0x000002711a732b90
}

Java Threads: ( => current thread )
  0x000002717f9c02d0 JavaThread "main" [_thread_blocked, id=3788, stack(0x000000aa05400000,0x000000aa05500000)]
  0x00000271153c2360 JavaThread "Reference Handler" daemon [_thread_blocked, id=5004, stack(0x000000aa05700000,0x000000aa05800000)]
  0x00000271153c31d0 JavaThread "Finalizer" daemon [_thread_blocked, id=7344, stack(0x000000aa05800000,0x000000aa05900000)]
  0x00000271153c91d0 JavaThread "Signal Dispatcher" daemon [_thread_blocked, id=19284, stack(0x000000aa05900000,0x000000aa05a00000)]
  0x00000271153cbd90 JavaThread "Attach Listener" daemon [_thread_blocked, id=21492, stack(0x000000aa05a00000,0x000000aa05b00000)]
  0x0000027116f3f7a0 JavaThread "Service Thread" daemon [_thread_blocked, id=3484, stack(0x000000aa05b00000,0x000000aa05c00000)]
  0x0000027116f40a10 JavaThread "Monitor Deflation Thread" daemon [_thread_blocked, id=14156, stack(0x000000aa05c00000,0x000000aa05d00000)]
  0x0000027116f42750 JavaThread "C2 CompilerThread0" daemon [_thread_in_native, id=15924, stack(0x000000aa05d00000,0x000000aa05e00000)]
  0x0000027116f43750 JavaThread "C1 CompilerThread0" daemon [_thread_blocked, id=24412, stack(0x000000aa05e00000,0x000000aa05f00000)]
  0x0000027116f5aa30 JavaThread "Sweeper thread" daemon [_thread_blocked, id=13412, stack(0x000000aa05f00000,0x000000aa06000000)]
  0x00000271170c27d0 JavaThread "Common-Cleaner" daemon [_thread_blocked, id=29280, stack(0x000000aa06000000,0x000000aa06100000)]
  0x0000027118e59fc0 JavaThread "Notification Thread" daemon [_thread_blocked, id=21772, stack(0x000000aa06600000,0x000000aa06700000)]
  0x000002711a27dc10 JavaThread "Active Thread: Equinox Container: 566fe02f-690a-4c62-bb73-117885458b77" [_thread_blocked, id=10128, stack(0x000000aa06d00000,0x000000aa06e00000)]
  0x000002711a04c3a0 JavaThread "Framework Event Dispatcher: Equinox Container: 566fe02f-690a-4c62-bb73-117885458b77" daemon [_thread_blocked, id=26260, stack(0x000000aa06200000,0x000000aa06300000)]
  0x000002711a160e70 JavaThread "Start Level: Equinox Container: 566fe02f-690a-4c62-bb73-117885458b77" daemon [_thread_blocked, id=26688, stack(0x000000aa06300000,0x000000aa06400000)]
  0x000002711a151d20 JavaThread "SCR Component Actor" daemon [_thread_blocked, id=13496, stack(0x000000aa06400000,0x000000aa06500000)]
  0x000002711a51a490 JavaThread "Worker-JM" [_thread_blocked, id=13576, stack(0x000000aa07200000,0x000000aa07300000)]
  0x000002711a6cd1f0 JavaThread "Worker-0" [_thread_blocked, id=6972, stack(0x000000aa07800000,0x000000aa07900000)]
  0x000002711a6acd50 JavaThread "Worker-1" [_thread_blocked, id=5052, stack(0x000000aa07900000,0x000000aa07a00000)]
  0x000002711a6ad6f0 JavaThread "Java indexing" daemon [_thread_blocked, id=3352, stack(0x000000aa07c00000,0x000000aa07d00000)]
  0x000002711a6adbc0 JavaThread "JNA Cleaner" daemon [_thread_blocked, id=5372, stack(0x000000aa07d00000,0x000000aa07e00000)]
  0x000002711a6ac880 JavaThread "pool-2-thread-1" [_thread_blocked, id=2736, stack(0x000000aa08000000,0x000000aa08100000)]
  0x000002711e905d70 JavaThread "Worker-2" [_thread_blocked, id=12240, stack(0x000000aa07b00000,0x000000aa07c00000)]
  0x000002711e901070 JavaThread "pool-1-thread-1" [_thread_blocked, id=25196, stack(0x000000aa08400000,0x000000aa08500000)]
  0x000002711e902880 JavaThread "Worker-3" [_thread_blocked, id=20596, stack(0x000000aa06f00000,0x000000aa07000000)]
  0x000002711e8ff860 JavaThread "Worker-4: Initialize workspace" [_thread_blocked, id=25468, stack(0x000000aa07000000,0x000000aa07100000)]
  0x000002711e900200 JavaThread "ForkJoinPool.commonPool-worker-1" daemon [_thread_in_vm, id=13240, stack(0x000000aa08900000,0x000000aa08a00000)]
  0x000002711e906240 JavaThread "ForkJoinPool.commonPool-worker-2" daemon [_thread_blocked, id=21544, stack(0x000000aa06100000,0x000000aa06200000)]
  0x000002711eeab400 JavaThread "C1 CompilerThread1" daemon [_thread_blocked, id=28588, stack(0x000000aa07300000,0x000000aa07400000)]
  0x000002711eeae190 JavaThread "C1 CompilerThread2" daemon [_thread_blocked, id=8088, stack(0x000000aa08100000,0x000000aa08200000)]
  0x000002711eead260 JavaThread "C1 CompilerThread3" daemon [_thread_blocked, id=8268, stack(0x000000aa08200000,0x000000aa08300000)]
=>0x000002711a732b90 JavaThread "C2 CompilerThread1" daemon [_thread_in_native, id=29204, stack(0x000000aa07100000,0x000000aa07200000)]

Other Threads:
  0x000002717fa7cdf0 VMThread "VM Thread" [stack: 0x000000aa05600000,0x000000aa05700000] [id=9460]
  0x0000027118e5d680 WatcherThread [stack: 0x000000aa06700000,0x000000aa06800000] [id=12648]
  0x000002717f9d3e90 GCTaskThread "GC Thread#0" [stack: 0x000000aa05500000,0x000000aa05600000] [id=4364]
  0x0000027119129200 GCTaskThread "GC Thread#1" [stack: 0x000000aa06800000,0x000000aa06900000] [id=20304]
  0x00000271192c8df0 GCTaskThread "GC Thread#2" [stack: 0x000000aa06900000,0x000000aa06a00000] [id=24916]
  0x00000271192c90a0 GCTaskThread "GC Thread#3" [stack: 0x000000aa06a00000,0x000000aa06b00000] [id=19504]
  0x00000271192c9350 GCTaskThread "GC Thread#4" [stack: 0x000000aa06b00000,0x000000aa06c00000] [id=23324]
  0x0000027119420dc0 GCTaskThread "GC Thread#5" [stack: 0x000000aa06c00000,0x000000aa06d00000] [id=24608]
  0x000002711a345c80 GCTaskThread "GC Thread#6" [stack: 0x000000aa06500000,0x000000aa06600000] [id=14388]
  0x000002711a361fb0 GCTaskThread "GC Thread#7" [stack: 0x000000aa06e00000,0x000000aa06f00000] [id=12976]
  0x000002711a68b340 GCTaskThread "GC Thread#8" [stack: 0x000000aa07400000,0x000000aa07500000] [id=23336]
  0x000002711a522a20 GCTaskThread "GC Thread#9" [stack: 0x000000aa07500000,0x000000aa07600000] [id=3120]
  0x000002711a5234e0 GCTaskThread "GC Thread#10" [stack: 0x000000aa07600000,0x000000aa07700000] [id=20328]
  0x000002711a523790 GCTaskThread "GC Thread#11" [stack: 0x000000aa07700000,0x000000aa07800000] [id=8132]
  0x000002711a6d2790 GCTaskThread "GC Thread#12" [stack: 0x000000aa07a00000,0x000000aa07b00000] [id=12400]

Threads with active compile tasks:
C2 CompilerThread0    29497 11394   !   4       java.lang.reflect.Field::declaredAnnotations (82 bytes)
C2 CompilerThread1    29497 11396       4       org.eclipse.sisu.inject.LocatedBeans$Itr::hasNext (161 bytes)

VM state: not at safepoint (normal execution)

VM Mutex/Monitor currently owned by a thread: None

Heap address: 0x00000000c0000000, size: 1024 MB, Compressed Oops mode: 32-bit

CDS archive(s) not mapped
Compressed class space mapped at: 0x0000000100000000-0x0000000140000000, reserved size: 1073741824
Narrow klass base: 0x0000000000000000, Narrow klass shift: 3, Narrow klass range: 0x140000000

GC Precious Log:
 CPUs: 16 total, 16 available
 Memory: 23983M
 Large Page Support: Disabled
 NUMA Support: Disabled
 Compressed Oops: Enabled (32-bit)
 Alignments: Space 512K, Generation 512K, Heap 2M
 Heap Min Capacity: 100M
 Heap Initial Capacity: 100M
 Heap Max Capacity: 1G
 Pre-touch: Disabled
 Parallel Workers: 13

Heap:
 PSYoungGen      total 16384K, used 7672K [0x00000000eab00000, 0x00000000ebf80000, 0x0000000100000000)
  eden space 14848K, 41% used [0x00000000eab00000,0x00000000eb0fe3f0,0x00000000eb980000)
  from space 1536K, 100% used [0x00000000ebc00000,0x00000000ebd80000,0x00000000ebd80000)
  to   space 2560K, 0% used [0x00000000eb980000,0x00000000eb980000,0x00000000ebc00000)
 ParOldGen       total 83456K, used 57611K [0x00000000c0000000, 0x00000000c5180000, 0x00000000eab00000)
  object space 83456K, 69% used [0x00000000c0000000,0x00000000c3842fa8,0x00000000c5180000)
 Metaspace       used 67656K, committed 68800K, reserved 1114112K
  class space    used 7042K, committed 7552K, reserved 1048576K

Card table byte_map: [0x000002717fc60000,0x000002717fe70000] _byte_map_base: 0x000002717f660000

Marking Bits: (ParMarkBitMap*) 0x00007ffa783b3e70
 Begin Bits: [0x0000027112fd0000, 0x0000027113fd0000)
 End Bits:   [0x0000027113fd0000, 0x0000027114fd0000)

Polling page: 0x000002717f540000

Metaspace:

Usage:
  Non-class:     59.20 MB used.
      Class:      6.88 MB used.
       Both:     66.07 MB used.

Virtual space:
  Non-class space:       64.00 MB reserved,      59.81 MB ( 93%) committed,  8 nodes.
      Class space:        1.00 GB reserved,       7.38 MB ( <1%) committed,  1 nodes.
             Both:        1.06 GB reserved,      67.19 MB (  6%) committed. 

Chunk freelists:
   Non-Class:  0 bytes
       Class:  449.00 KB
        Both:  449.00 KB

MaxMetaspaceSize: unlimited
CompressedClassSpaceSize: 1.00 GB
Initial GC threshold: 21.00 MB
Current GC threshold: 109.81 MB
CDS: off
MetaspaceReclaimPolicy: balanced
 - commit_granule_bytes: 65536.
 - commit_granule_words: 8192.
 - virtual_space_node_default_size: 1048576.
 - enlarge_chunks_in_place: 1.
 - new_chunks_are_fully_committed: 0.
 - uncommit_free_chunks: 1.
 - use_allocation_guard: 0.
 - handle_deallocations: 1.


Internal statistics:

num_allocs_failed_limit: 9.
num_arena_births: 784.
num_arena_deaths: 30.
num_vsnodes_births: 9.
num_vsnodes_deaths: 0.
num_space_committed: 1075.
num_space_uncommitted: 0.
num_chunks_returned_to_freelist: 47.
num_chunks_taken_from_freelist: 3572.
num_chunk_merges: 23.
num_chunk_splits: 2206.
num_chunks_enlarged: 1272.
num_purges: 4.
num_inconsistent_stats: 0.

CodeHeap 'non-profiled nmethods': size=119168Kb used=6701Kb max_used=7270Kb free=112466Kb
 bounds [0x000002710bb70000, 0x000002710c290000, 0x0000027112fd0000]
CodeHeap 'profiled nmethods': size=119104Kb used=20532Kb max_used=22234Kb free=98571Kb
 bounds [0x0000027103fd0000, 0x0000027105590000, 0x000002710b420000]
CodeHeap 'non-nmethods': size=7488Kb used=3039Kb max_used=3130Kb free=4448Kb
 bounds [0x000002710b420000, 0x000002710b740000, 0x000002710bb70000]
 total_blobs=10202 nmethods=9507 adapters=605
 compilation: enabled
              stopped_count=0, restarted_count=0
 full_count=0

Compilation events (20 events):
Event: 29.412 Thread 0x000002711a732b90 nmethod 11390 0x000002710bdd4a90 code [0x000002710bdd4c00, 0x000002710bdd4c98]
Event: 29.412 Thread 0x0000027116f43750 nmethod 11391 0x0000027104359010 code [0x0000027104359200, 0x0000027104359828]
Event: 29.416 Thread 0x000002711eead260 11392       1       org.apache.maven.plugin.descriptor.MojoDescriptor::getPluginDescriptor (5 bytes)
Event: 29.416 Thread 0x000002711eead260 nmethod 11392 0x000002710c216090 code [0x000002710c216220, 0x000002710c2162f8]
Event: 29.416 Thread 0x000002711eeab400 11393       1       org.codehaus.plexus.classworlds.realm.Entry::getClassLoader (5 bytes)
Event: 29.416 Thread 0x000002711eeab400 nmethod 11393 0x000002710c215d10 code [0x000002710c215ea0, 0x000002710c215f78]
Event: 29.417 Thread 0x0000027116f42750 11394   !   4       java.lang.reflect.Field::declaredAnnotations (82 bytes)
Event: 29.419 Thread 0x000002711a732b90 11395       4       com.google.inject.internal.LinkedBindingImpl::acceptTargetVisitor (8 bytes)
Event: 29.420 Thread 0x000002711a732b90 nmethod 11395 0x000002710bdfe410 code [0x000002710bdfe5a0, 0x000002710bdfe678]
Event: 29.422 Thread 0x000002711a732b90 11396       4       org.eclipse.sisu.inject.LocatedBeans$Itr::hasNext (161 bytes)
Event: 29.423 Thread 0x000002711eeae190 11397       3       org.eclipse.sisu.inject.RankedSequence::uid2rank (10 bytes)
Event: 29.423 Thread 0x000002711eeae190 nmethod 11397 0x0000027104522810 code [0x00000271045229a0, 0x0000027104522a98]
Event: 29.428 Thread 0x0000027116f43750 11398       3       org.eclipse.sisu.inject.RankedBindings$Itr::rank (8 bytes)
Event: 29.428 Thread 0x000002711eeab400 11399       3       org.eclipse.sisu.inject.RankedSequence$Itr::rank (8 bytes)
Event: 29.429 Thread 0x0000027116f43750 nmethod 11398 0x00000271046cfc90 code [0x00000271046cfe40, 0x00000271046d0038]
Event: 29.429 Thread 0x000002711eeab400 nmethod 11399 0x0000027104e21090 code [0x0000027104e21220, 0x0000027104e21398]
Event: 29.432 Thread 0x0000027116f43750 11400       3       java.lang.invoke.MethodHandles$Lookup::findConstructor (61 bytes)
Event: 29.432 Thread 0x0000027116f43750 nmethod 11400 0x00000271045f4490 code [0x00000271045f4700, 0x00000271045f4f18]
Event: 29.440 Thread 0x0000027116f43750 11401       3       java.lang.Class::privateGetPublicMethods (224 bytes)
Event: 29.441 Thread 0x0000027116f43750 nmethod 11401 0x0000027104477410 code [0x00000271044776c0, 0x0000027104478338]

GC Heap History (20 events):
Event: 25.057 GC heap before
{Heap before GC invocations=42 (full 3):
 PSYoungGen      total 17408K, used 17378K [0x00000000eab00000, 0x00000000ec480000, 0x0000000100000000)
  eden space 15872K, 100% used [0x00000000eab00000,0x00000000eba80000,0x00000000eba80000)
  from space 1536K, 98% used [0x00000000ebf00000,0x00000000ec078bd0,0x00000000ec080000)
  to   space 4608K, 0% used [0x00000000eba80000,0x00000000eba80000,0x00000000ebf00000)
 ParOldGen       total 68608K, used 57664K [0x00000000c0000000, 0x00000000c4300000, 0x00000000eab00000)
  object space 68608K, 84% used [0x00000000c0000000,0x00000000c3850240,0x00000000c4300000)
 Metaspace       used 64087K, committed 65216K, reserved 1114112K
  class space    used 6739K, committed 7296K, reserved 1048576K
}
Event: 25.060 GC heap after
{Heap after GC invocations=42 (full 3):
 PSYoungGen      total 18944K, used 2604K [0x00000000eab00000, 0x00000000ec080000, 0x0000000100000000)
  eden space 15872K, 0% used [0x00000000eab00000,0x00000000eab00000,0x00000000eba80000)
  from space 3072K, 84% used [0x00000000eba80000,0x00000000ebd0b2e8,0x00000000ebd80000)
  to   space 3072K, 0% used [0x00000000ebd80000,0x00000000ebd80000,0x00000000ec080000)
 ParOldGen       total 68608K, used 59156K [0x00000000c0000000, 0x00000000c4300000, 0x00000000eab00000)
  object space 68608K, 86% used [0x00000000c0000000,0x00000000c39c5390,0x00000000c4300000)
 Metaspace       used 64087K, committed 65216K, reserved 1114112K
  class space    used 6739K, committed 7296K, reserved 1048576K
}
Event: 26.428 GC heap before
{Heap before GC invocations=43 (full 3):
 PSYoungGen      total 18944K, used 18476K [0x00000000eab00000, 0x00000000ec080000, 0x0000000100000000)
  eden space 15872K, 100% used [0x00000000eab00000,0x00000000eba80000,0x00000000eba80000)
  from space 3072K, 84% used [0x00000000eba80000,0x00000000ebd0b2e8,0x00000000ebd80000)
  to   space 3072K, 0% used [0x00000000ebd80000,0x00000000ebd80000,0x00000000ec080000)
 ParOldGen       total 68608K, used 59156K [0x00000000c0000000, 0x00000000c4300000, 0x00000000eab00000)
  object space 68608K, 86% used [0x00000000c0000000,0x00000000c39c5390,0x00000000c4300000)
 Metaspace       used 65191K, committed 66304K, reserved 1114112K
  class space    used 6840K, committed 7360K, reserved 1048576K
}
Event: 26.431 GC heap after
{Heap after GC invocations=43 (full 3):
 PSYoungGen      total 17920K, used 2048K [0x00000000eab00000, 0x00000000ebf80000, 0x0000000100000000)
  eden space 15872K, 0% used [0x00000000eab00000,0x00000000eab00000,0x00000000eba80000)
  from space 2048K, 100% used [0x00000000ebd80000,0x00000000ebf80000,0x00000000ebf80000)
  to   space 2560K, 0% used [0x00000000eba80000,0x00000000eba80000,0x00000000ebd00000)
 ParOldGen       total 68608K, used 61588K [0x00000000c0000000, 0x00000000c4300000, 0x00000000eab00000)
  object space 68608K, 89% used [0x00000000c0000000,0x00000000c3c25188,0x00000000c4300000)
 Metaspace       used 65191K, committed 66304K, reserved 1114112K
  class space    used 6840K, committed 7360K, reserved 1048576K
}
Event: 27.046 GC heap before
{Heap before GC invocations=44 (full 3):
 PSYoungGen      total 17920K, used 17920K [0x00000000eab00000, 0x00000000ebf80000, 0x0000000100000000)
  eden space 15872K, 100% used [0x00000000eab00000,0x00000000eba80000,0x00000000eba80000)
  from space 2048K, 100% used [0x00000000ebd80000,0x00000000ebf80000,0x00000000ebf80000)
  to   space 2560K, 0% used [0x00000000eba80000,0x00000000eba80000,0x00000000ebd00000)
 ParOldGen       total 68608K, used 61588K [0x00000000c0000000, 0x00000000c4300000, 0x00000000eab00000)
  object space 68608K, 89% used [0x00000000c0000000,0x00000000c3c25188,0x00000000c4300000)
 Metaspace       used 65311K, committed 66496K, reserved 1114112K
  class space    used 6840K, committed 7360K, reserved 1048576K
}
Event: 27.049 GC heap after
{Heap after GC invocations=44 (full 3):
 PSYoungGen      total 17920K, used 1568K [0x00000000eab00000, 0x00000000ebe80000, 0x0000000100000000)
  eden space 15872K, 0% used [0x00000000eab00000,0x00000000eab00000,0x00000000eba80000)
  from space 2048K, 76% used [0x00000000eba80000,0x00000000ebc08000,0x00000000ebc80000)
  to   space 2048K, 0% used [0x00000000ebc80000,0x00000000ebc80000,0x00000000ebe80000)
 ParOldGen       total 68608K, used 63423K [0x00000000c0000000, 0x00000000c4300000, 0x00000000eab00000)
  object space 68608K, 92% used [0x00000000c0000000,0x00000000c3defd18,0x00000000c4300000)
 Metaspace       used 65311K, committed 66496K, reserved 1114112K
  class space    used 6840K, committed 7360K, reserved 1048576K
}
Event: 27.247 GC heap before
{Heap before GC invocations=45 (full 3):
 PSYoungGen      total 17920K, used 17440K [0x00000000eab00000, 0x00000000ebe80000, 0x0000000100000000)
  eden space 15872K, 100% used [0x00000000eab00000,0x00000000eba80000,0x00000000eba80000)
  from space 2048K, 76% used [0x00000000eba80000,0x00000000ebc08000,0x00000000ebc80000)
  to   space 2048K, 0% used [0x00000000ebc80000,0x00000000ebc80000,0x00000000ebe80000)
 ParOldGen       total 68608K, used 63423K [0x00000000c0000000, 0x00000000c4300000, 0x00000000eab00000)
  object space 68608K, 92% used [0x00000000c0000000,0x00000000c3defd18,0x00000000c4300000)
 Metaspace       used 65543K, committed 66688K, reserved 1114112K
  class space    used 6852K, committed 7360K, reserved 1048576K
}
Event: 27.250 GC heap after
{Heap after GC invocations=45 (full 3):
 PSYoungGen      total 17408K, used 1056K [0x00000000eab00000, 0x00000000ebe00000, 0x0000000100000000)
  eden space 15872K, 0% used [0x00000000eab00000,0x00000000eab00000,0x00000000eba80000)
  from space 1536K, 68% used [0x00000000ebc80000,0x00000000ebd88000,0x00000000ebe00000)
  to   space 1536K, 0% used [0x00000000ebb00000,0x00000000ebb00000,0x00000000ebc80000)
 ParOldGen       total 68608K, used 64716K [0x00000000c0000000, 0x00000000c4300000, 0x00000000eab00000)
  object space 68608K, 94% used [0x00000000c0000000,0x00000000c3f33080,0x00000000c4300000)
 Metaspace       used 65543K, committed 66688K, reserved 1114112K
  class space    used 6852K, committed 7360K, reserved 1048576K
}
Event: 27.557 GC heap before
{Heap before GC invocations=46 (full 3):
 PSYoungGen      total 17408K, used 16922K [0x00000000eab00000, 0x00000000ebe00000, 0x0000000100000000)
  eden space 15872K, 99% used [0x00000000eab00000,0x00000000eba7ebb8,0x00000000eba80000)
  from space 1536K, 68% used [0x00000000ebc80000,0x00000000ebd88000,0x00000000ebe00000)
  to   space 1536K, 0% used [0x00000000ebb00000,0x00000000ebb00000,0x00000000ebc80000)
 ParOldGen       total 68608K, used 64716K [0x00000000c0000000, 0x00000000c4300000, 0x00000000eab00000)
  object space 68608K, 94% used [0x00000000c0000000,0x00000000c3f33080,0x00000000c4300000)
 Metaspace       used 65870K, committed 67008K, reserved 1114112K
  class space    used 6891K, committed 7424K, reserved 1048576K
}
Event: 27.559 GC heap after
{Heap after GC invocations=46 (full 3):
 PSYoungGen      total 17408K, used 1536K [0x00000000eab00000, 0x00000000ec080000, 0x0000000100000000)
  eden space 15872K, 0% used [0x00000000eab00000,0x00000000eab00000,0x00000000eba80000)
  from space 1536K, 100% used [0x00000000ebb00000,0x00000000ebc80000,0x00000000ebc80000)
  to   space 3072K, 0% used [0x00000000ebd80000,0x00000000ebd80000,0x00000000ec080000)
 ParOldGen       total 68608K, used 65781K [0x00000000c0000000, 0x00000000c4300000, 0x00000000eab00000)
  object space 68608K, 95% used [0x00000000c0000000,0x00000000c403d730,0x00000000c4300000)
 Metaspace       used 65870K, committed 67008K, reserved 1114112K
  class space    used 6891K, committed 7424K, reserved 1048576K
}
Event: 27.814 GC heap before
{Heap before GC invocations=47 (full 3):
 PSYoungGen      total 17408K, used 17408K [0x00000000eab00000, 0x00000000ec080000, 0x0000000100000000)
  eden space 15872K, 100% used [0x00000000eab00000,0x00000000eba80000,0x00000000eba80000)
  from space 1536K, 100% used [0x00000000ebb00000,0x00000000ebc80000,0x00000000ebc80000)
  to   space 3072K, 0% used [0x00000000ebd80000,0x00000000ebd80000,0x00000000ec080000)
 ParOldGen       total 68608K, used 65781K [0x00000000c0000000, 0x00000000c4300000, 0x00000000eab00000)
  object space 68608K, 95% used [0x00000000c0000000,0x00000000c403d730,0x00000000c4300000)
 Metaspace       used 66013K, committed 67200K, reserved 1114112K
  class space    used 6893K, committed 7424K, reserved 1048576K
}
Event: 27.817 GC heap after
{Heap after GC invocations=47 (full 3):
 PSYoungGen      total 17920K, used 1648K [0x00000000eab00000, 0x00000000ebf80000, 0x0000000100000000)
  eden space 15872K, 0% used [0x00000000eab00000,0x00000000eab00000,0x00000000eba80000)
  from space 2048K, 80% used [0x00000000ebd80000,0x00000000ebf1c010,0x00000000ebf80000)
  to   space 2048K, 0% used [0x00000000ebb80000,0x00000000ebb80000,0x00000000ebd80000)
 ParOldGen       total 68608K, used 66789K [0x00000000c0000000, 0x00000000c4300000, 0x00000000eab00000)
  object space 68608K, 97% used [0x00000000c0000000,0x00000000c4139740,0x00000000c4300000)
 Metaspace       used 66013K, committed 67200K, reserved 1114112K
  class space    used 6893K, committed 7424K, reserved 1048576K
}
Event: 28.124 GC heap before
{Heap before GC invocations=48 (full 3):
 PSYoungGen      total 17920K, used 17520K [0x00000000eab00000, 0x00000000ebf80000, 0x0000000100000000)
  eden space 15872K, 100% used [0x00000000eab00000,0x00000000eba80000,0x00000000eba80000)
  from space 2048K, 80% used [0x00000000ebd80000,0x00000000ebf1c010,0x00000000ebf80000)
  to   space 2048K, 0% used [0x00000000ebb80000,0x00000000ebb80000,0x00000000ebd80000)
 ParOldGen       total 68608K, used 66789K [0x00000000c0000000, 0x00000000c4300000, 0x00000000eab00000)
  object space 68608K, 97% used [0x00000000c0000000,0x00000000c4139740,0x00000000c4300000)
 Metaspace       used 66286K, committed 67456K, reserved 1114112K
  class space    used 6895K, committed 7424K, reserved 1048576K
}
Event: 28.126 GC heap after
{Heap after GC invocations=48 (full 3):
 PSYoungGen      total 17408K, used 1184K [0x00000000eab00000, 0x00000000ebe00000, 0x0000000100000000)
  eden space 15872K, 0% used [0x00000000eab00000,0x00000000eab00000,0x00000000eba80000)
  from space 1536K, 77% used [0x00000000ebb80000,0x00000000ebca8000,0x00000000ebd00000)
  to   space 1024K, 0% used [0x00000000ebd00000,0x00000000ebd00000,0x00000000ebe00000)
 ParOldGen       total 68608K, used 67893K [0x00000000c0000000, 0x00000000c4300000, 0x00000000eab00000)
  object space 68608K, 98% used [0x00000000c0000000,0x00000000c424d750,0x00000000c4300000)
 Metaspace       used 66286K, committed 67456K, reserved 1114112K
  class space    used 6895K, committed 7424K, reserved 1048576K
}
Event: 28.126 GC heap before
{Heap before GC invocations=49 (full 4):
 PSYoungGen      total 17408K, used 1184K [0x00000000eab00000, 0x00000000ebe00000, 0x0000000100000000)
  eden space 15872K, 0% used [0x00000000eab00000,0x00000000eab00000,0x00000000eba80000)
  from space 1536K, 77% used [0x00000000ebb80000,0x00000000ebca8000,0x00000000ebd00000)
  to   space 1024K, 0% used [0x00000000ebd00000,0x00000000ebd00000,0x00000000ebe00000)
 ParOldGen       total 68608K, used 67893K [0x00000000c0000000, 0x00000000c4300000, 0x00000000eab00000)
  object space 68608K, 98% used [0x00000000c0000000,0x00000000c424d750,0x00000000c4300000)
 Metaspace       used 66286K, committed 67456K, reserved 1114112K
  class space    used 6895K, committed 7424K, reserved 1048576K
}
Event: 28.217 GC heap after
{Heap after GC invocations=49 (full 4):
 PSYoungGen      total 16384K, used 0K [0x00000000eab00000, 0x00000000ebd80000, 0x0000000100000000)
  eden space 15872K, 0% used [0x00000000eab00000,0x00000000eab00000,0x00000000eba80000)
  from space 512K, 0% used [0x00000000ebd00000,0x00000000ebd00000,0x00000000ebd80000)
  to   space 1536K, 0% used [0x00000000eba80000,0x00000000eba80000,0x00000000ebc00000)
 ParOldGen       total 83456K, used 56963K [0x00000000c0000000, 0x00000000c5180000, 0x00000000eab00000)
  object space 83456K, 68% used [0x00000000c0000000,0x00000000c37a0fa8,0x00000000c5180000)
 Metaspace       used 66273K, committed 67456K, reserved 1114112K
  class space    used 6891K, committed 7424K, reserved 1048576K
}
Event: 28.617 GC heap before
{Heap before GC invocations=50 (full 4):
 PSYoungGen      total 16384K, used 15872K [0x00000000eab00000, 0x00000000ebd80000, 0x0000000100000000)
  eden space 15872K, 100% used [0x00000000eab00000,0x00000000eba80000,0x00000000eba80000)
  from space 512K, 0% used [0x00000000ebd00000,0x00000000ebd00000,0x00000000ebd80000)
  to   space 1536K, 0% used [0x00000000eba80000,0x00000000eba80000,0x00000000ebc00000)
 ParOldGen       total 83456K, used 56963K [0x00000000c0000000, 0x00000000c5180000, 0x00000000eab00000)
  object space 83456K, 68% used [0x00000000c0000000,0x00000000c37a0fa8,0x00000000c5180000)
 Metaspace       used 66459K, committed 67584K, reserved 1114112K
  class space    used 6918K, committed 7424K, reserved 1048576K
}
Event: 28.620 GC heap after
{Heap after GC invocations=50 (full 4):
 PSYoungGen      total 17408K, used 1088K [0x00000000eab00000, 0x00000000ebd80000, 0x0000000100000000)
  eden space 15872K, 0% used [0x00000000eab00000,0x00000000eab00000,0x00000000eba80000)
  from space 1536K, 70% used [0x00000000eba80000,0x00000000ebb90000,0x00000000ebc00000)
  to   space 1536K, 0% used [0x00000000ebc00000,0x00000000ebc00000,0x00000000ebd80000)
 ParOldGen       total 83456K, used 56971K [0x00000000c0000000, 0x00000000c5180000, 0x00000000eab00000)
  object space 83456K, 68% used [0x00000000c0000000,0x00000000c37a2fa8,0x00000000c5180000)
 Metaspace       used 66459K, committed 67584K, reserved 1114112K
  class space    used 6918K, committed 7424K, reserved 1048576K
}
Event: 29.268 GC heap before
{Heap before GC invocations=51 (full 4):
 PSYoungGen      total 17408K, used 16960K [0x00000000eab00000, 0x00000000ebd80000, 0x0000000100000000)
  eden space 15872K, 100% used [0x00000000eab00000,0x00000000eba80000,0x00000000eba80000)
  from space 1536K, 70% used [0x00000000eba80000,0x00000000ebb90000,0x00000000ebc00000)
  to   space 1536K, 0% used [0x00000000ebc00000,0x00000000ebc00000,0x00000000ebd80000)
 ParOldGen       total 83456K, used 56971K [0x00000000c0000000, 0x00000000c5180000, 0x00000000eab00000)
  object space 83456K, 68% used [0x00000000c0000000,0x00000000c37a2fa8,0x00000000c5180000)
 Metaspace       used 67070K, committed 68288K, reserved 1114112K
  class space    used 6981K, committed 7552K, reserved 1048576K
}
Event: 29.271 GC heap after
{Heap after GC invocations=51 (full 4):
 PSYoungGen      total 16384K, used 1536K [0x00000000eab00000, 0x00000000ebf80000, 0x0000000100000000)
  eden space 14848K, 0% used [0x00000000eab00000,0x00000000eab00000,0x00000000eb980000)
  from space 1536K, 100% used [0x00000000ebc00000,0x00000000ebd80000,0x00000000ebd80000)
  to   space 2560K, 0% used [0x00000000eb980000,0x00000000eb980000,0x00000000ebc00000)
 ParOldGen       total 83456K, used 57611K [0x00000000c0000000, 0x00000000c5180000, 0x00000000eab00000)
  object space 83456K, 69% used [0x00000000c0000000,0x00000000c3842fa8,0x00000000c5180000)
 Metaspace       used 67070K, committed 68288K, reserved 1114112K
  class space    used 6981K, committed 7552K, reserved 1048576K
}

Dll operation events (10 events):
Event: 0.014 Loaded shared library c:\Users\kiemp\.vscode\extensions\redhat.java-1.17.0-win32-x64\jre\17.0.6-win32-x86_64\bin\java.dll
Event: 0.281 Loaded shared library c:\Users\kiemp\.vscode\extensions\redhat.java-1.17.0-win32-x64\jre\17.0.6-win32-x86_64\bin\zip.dll
Event: 0.286 Loaded shared library C:\Users\kiemp\.vscode\extensions\redhat.java-1.17.0-win32-x64\jre\17.0.6-win32-x86_64\bin\instrument.dll
Event: 0.338 Loaded shared library C:\Users\kiemp\.vscode\extensions\redhat.java-1.17.0-win32-x64\jre\17.0.6-win32-x86_64\bin\net.dll
Event: 0.377 Loaded shared library C:\Users\kiemp\.vscode\extensions\redhat.java-1.17.0-win32-x64\jre\17.0.6-win32-x86_64\bin\nio.dll
Event: 0.387 Loaded shared library C:\Users\kiemp\.vscode\extensions\redhat.java-1.17.0-win32-x64\jre\17.0.6-win32-x86_64\bin\zip.dll
Event: 0.413 Loaded shared library C:\Users\kiemp\.vscode\extensions\redhat.java-1.17.0-win32-x64\jre\17.0.6-win32-x86_64\bin\jimage.dll
Event: 0.514 Loaded shared library c:\Users\kiemp\.vscode\extensions\redhat.java-1.17.0-win32-x64\jre\17.0.6-win32-x86_64\bin\verify.dll
Event: 4.851 Loaded shared library C:\Users\kiemp\AppData\Roaming\Code\User\globalStorage\redhat.java\1.17.0\config_win\org.eclipse.equinox.launcher\org.eclipse.equinox.launcher.win32.win32.x86_64_1.2.700.v20221108-1024\eclipse_11801.dll
Event: 9.523 Loaded shared library C:\Users\kiemp\AppData\Local\Temp\jna-102045354\jna8254280130469510244.dll

Deoptimization events (20 events):
Event: 29.416 Thread 0x000002711e900200 Uncommon trap: trap_request=0xffffff54 fr.pc=0x000002710c1bead0 relative=0x0000000000000330
Event: 29.416 Thread 0x000002711e900200 Uncommon trap: reason=speculate_null_assert action=make_not_entrant pc=0x000002710c1bead0 method=org.eclipse.sisu.inject.RankedBindings$Itr.hasNext()Z @ 80 c2
Event: 29.417 Thread 0x000002711e900200 DEOPT PACKING pc=0x000002710c1bead0 sp=0x000000aa089fd0d0
Event: 29.417 Thread 0x000002711e900200 DEOPT UNPACKING pc=0x000002710b4766a3 sp=0x000000aa089fd0a8 mode 2
Event: 29.423 Thread 0x000002711e900200 Uncommon trap: trap_request=0xffffffde fr.pc=0x000002710c23d0a4 relative=0x0000000000000144
Event: 29.423 Thread 0x000002711e900200 Uncommon trap: reason=class_check action=maybe_recompile pc=0x000002710c23d0a4 method=org.eclipse.sisu.wire.EntryListAdapter$ValueIterator.next()Ljava/lang/Object; @ 4 c2
Event: 29.423 Thread 0x000002711e900200 DEOPT PACKING pc=0x000002710c23d0a4 sp=0x000000aa089fd3b0
Event: 29.423 Thread 0x000002711e900200 DEOPT UNPACKING pc=0x000002710b4766a3 sp=0x000000aa089fd350 mode 2
Event: 29.425 Thread 0x000002711e900200 Uncommon trap: trap_request=0xffffffde fr.pc=0x000002710c23d0a4 relative=0x0000000000000144
Event: 29.425 Thread 0x000002711e900200 Uncommon trap: reason=class_check action=maybe_recompile pc=0x000002710c23d0a4 method=org.eclipse.sisu.wire.EntryListAdapter$ValueIterator.next()Ljava/lang/Object; @ 4 c2
Event: 29.425 Thread 0x000002711e900200 DEOPT PACKING pc=0x000002710c23d0a4 sp=0x000000aa089fd3b0
Event: 29.425 Thread 0x000002711e900200 DEOPT UNPACKING pc=0x000002710b4766a3 sp=0x000000aa089fd350 mode 2
Event: 29.428 Thread 0x000002711e900200 Uncommon trap: trap_request=0xffffffde fr.pc=0x000002710c23d0a4 relative=0x0000000000000144
Event: 29.428 Thread 0x000002711e900200 Uncommon trap: reason=class_check action=maybe_recompile pc=0x000002710c23d0a4 method=org.eclipse.sisu.wire.EntryListAdapter$ValueIterator.next()Ljava/lang/Object; @ 4 c2
Event: 29.428 Thread 0x000002711e900200 DEOPT PACKING pc=0x000002710c23d0a4 sp=0x000000aa089fd3b0
Event: 29.428 Thread 0x000002711e900200 DEOPT UNPACKING pc=0x000002710b4766a3 sp=0x000000aa089fd350 mode 2
Event: 29.460 Thread 0x000002711e900200 Uncommon trap: trap_request=0xffffffde fr.pc=0x000002710c23d0a4 relative=0x0000000000000144
Event: 29.460 Thread 0x000002711e900200 Uncommon trap: reason=class_check action=maybe_recompile pc=0x000002710c23d0a4 method=org.eclipse.sisu.wire.EntryListAdapter$ValueIterator.next()Ljava/lang/Object; @ 4 c2
Event: 29.460 Thread 0x000002711e900200 DEOPT PACKING pc=0x000002710c23d0a4 sp=0x000000aa089fd410
Event: 29.460 Thread 0x000002711e900200 DEOPT UNPACKING pc=0x000002710b4766a3 sp=0x000000aa089fd3b0 mode 2

Classes unloaded (15 events):
Event: 5.722 Thread 0x000002717fa7cdf0 Unloading class 0x0000000100216400 'java/lang/invoke/LambdaForm$MH+0x0000000100216400'
Event: 5.722 Thread 0x000002717fa7cdf0 Unloading class 0x0000000100216000 'java/lang/invoke/LambdaForm$MH+0x0000000100216000'
Event: 5.722 Thread 0x000002717fa7cdf0 Unloading class 0x0000000100215c00 'java/lang/invoke/LambdaForm$MH+0x0000000100215c00'
Event: 5.722 Thread 0x000002717fa7cdf0 Unloading class 0x0000000100215400 'java/lang/invoke/LambdaForm$MH+0x0000000100215400'
Event: 5.722 Thread 0x000002717fa7cdf0 Unloading class 0x0000000100215000 'java/lang/invoke/LambdaForm$BMH+0x0000000100215000'
Event: 5.722 Thread 0x000002717fa7cdf0 Unloading class 0x0000000100214c00 'java/lang/invoke/LambdaForm$DMH+0x0000000100214c00'
Event: 5.722 Thread 0x000002717fa7cdf0 Unloading class 0x0000000100212000 'java/lang/invoke/LambdaForm$DMH+0x0000000100212000'
Event: 28.139 Thread 0x000002717fa7cdf0 Unloading class 0x0000000100761800 'java/lang/invoke/LambdaForm$MH+0x0000000100761800'
Event: 28.139 Thread 0x000002717fa7cdf0 Unloading class 0x0000000100761000 'java/lang/invoke/LambdaForm$MH+0x0000000100761000'
Event: 28.139 Thread 0x000002717fa7cdf0 Unloading class 0x0000000100761400 'java/lang/invoke/LambdaForm$MH+0x0000000100761400'
Event: 28.139 Thread 0x000002717fa7cdf0 Unloading class 0x0000000100760c00 'java/lang/invoke/LambdaForm$MH+0x0000000100760c00'
Event: 28.139 Thread 0x000002717fa7cdf0 Unloading class 0x0000000100759800 'java/lang/invoke/LambdaForm$DMH+0x0000000100759800'
Event: 28.139 Thread 0x000002717fa7cdf0 Unloading class 0x0000000100759c00 'java/lang/invoke/LambdaForm$DMH+0x0000000100759c00'
Event: 28.139 Thread 0x000002717fa7cdf0 Unloading class 0x0000000100760400 'java/lang/invoke/LambdaForm$DMH+0x0000000100760400'
Event: 28.139 Thread 0x000002717fa7cdf0 Unloading class 0x0000000100760000 'java/lang/invoke/LambdaForm$DMH+0x0000000100760000'

Classes redefined (0 events):
No events

Internal exceptions (20 events):
Event: 25.097 Thread 0x000002711e900200 Exception <a 'java/lang/NoSuchMethodError'{0x00000000eabc7ec8}: 'java.lang.Object java.lang.invoke.Invokers$Holder.linkToTargetMethod(java.lang.Object, java.lang.Object, int, java.lang.Object)'> (0x00000000eabc7ec8) 
thrown [s\src\hotspot\share\interpreter\linkResolver.cpp, line 759]
Event: 25.121 Thread 0x000002711e900200 Exception <a 'java/lang/NoSuchMethodError'{0x00000000eabf0be0}: 'java.lang.Object java.lang.invoke.DirectMethodHandle$Holder.invokeInterface(java.lang.Object, java.lang.Object, java.lang.Object, java.lang.Object)'> (0x00000000eabf0be0) 
thrown [s\src\hotspot\share\interpreter\linkResolver.cpp, line 759]
Event: 27.254 Thread 0x000002711e900200 Exception <a 'java/lang/NoSuchMethodError'{0x00000000eab2cc90}: 'void java.lang.invoke.DirectMethodHandle$Holder.invokeInterface(java.lang.Object, java.lang.Object)'> (0x00000000eab2cc90) 
thrown [s\src\hotspot\share\interpreter\linkResolver.cpp, line 759]
Event: 27.270 Thread 0x0000027120ad85d0 Exception <a 'java/lang/NoSuchMethodError'{0x00000000eac3f330}: 'java.lang.Object java.lang.invoke.Invokers$Holder.linkToTargetMethod(java.lang.Object, java.lang.Object, java.lang.Object, java.lang.Object, java.lang.Object, java.lang.Object, java.lang.Object)'> (0x00000000eac3f330) 
thrown [s\src\hotspot\share\interpreter\linkResolver.cpp, line 759]
Event: 27.270 Thread 0x0000027120add2d0 Exception <a 'java/lang/NoSuchMethodError'{0x00000000eac307d0}: 'java.lang.Object java.lang.invoke.Invokers$Holder.linkToTargetMethod(java.lang.Object, java.lang.Object, java.lang.Object, java.lang.Object, java.lang.Object, java.lang.Object, java.lang.Object)'> (0x00000000eac307d0) 
thrown [s\src\hotspot\share\interpreter\linkResolver.cpp, line 759]
Event: 27.270 Thread 0x0000027120adeae0 Exception <a 'java/lang/NoSuchMethodError'{0x00000000eac15e90}: 'java.lang.Object java.lang.invoke.Invokers$Holder.linkToTargetMethod(java.lang.Object, java.lang.Object, java.lang.Object, java.lang.Object, java.lang.Object, java.lang.Object, java.lang.Object)'> (0x00000000eac15e90) 
thrown [s\src\hotspot\share\interpreter\linkResolver.cpp, line 759]
Event: 27.270 Thread 0x0000027120add7a0 Exception <a 'java/lang/NoSuchMethodError'{0x00000000eac0a5f8}: 'java.lang.Object java.lang.invoke.Invokers$Holder.linkToTargetMethod(java.lang.Object, java.lang.Object, java.lang.Object, java.lang.Object, java.lang.Object, java.lang.Object, java.lang.Object)'> (0x00000000eac0a5f8) 
thrown [s\src\hotspot\share\interpreter\linkResolver.cpp, line 759]
Event: 27.270 Thread 0x0000027120ad8f70 Exception <a 'java/lang/NoSuchMethodError'{0x00000000eac25448}: 'java.lang.Object java.lang.invoke.Invokers$Holder.linkToTargetMethod(java.lang.Object, java.lang.Object, java.lang.Object, java.lang.Object, java.lang.Object, java.lang.Object, java.lang.Object)'> (0x00000000eac25448) 
thrown [s\src\hotspot\share\interpreter\linkResolver.cpp, line 759]
Event: 28.465 Thread 0x000002711e900200 Implicit null exception at 0x000002710bdf6522 to 0x000002710bdf69b0
Event: 28.465 Thread 0x000002711e900200 Implicit null exception at 0x000002710bba511c to 0x000002710bba5558
Event: 28.581 Thread 0x000002711e900200 Exception <a 'java/lang/NoSuchMethodError'{0x00000000eba15f70}: 'java.lang.Object java.lang.invoke.DirectMethodHandle$Holder.newInvokeSpecial(java.lang.Object, java.lang.Object, int, java.lang.Object, java.lang.Object)'> (0x00000000eba15f70) 
thrown [s\src\hotspot\share\interpreter\linkResolver.cpp, line 759]
Event: 28.600 Thread 0x000002711e900200 Exception <a 'java/lang/NoSuchMethodError'{0x00000000eba5ad98}: 'java.lang.Object java.lang.invoke.DirectMethodHandle$Holder.invokeStatic(java.lang.Object, int, java.lang.Object, java.lang.Object)'> (0x00000000eba5ad98) 
thrown [s\src\hotspot\share\interpreter\linkResolver.cpp, line 759]
Event: 28.602 Thread 0x000002711e900200 Exception <a 'java/lang/NoSuchMethodError'{0x00000000eba5ee28}: 'java.lang.Object java.lang.invoke.DelegatingMethodHandle$Holder.delegate(java.lang.Object, int, java.lang.Object, java.lang.Object)'> (0x00000000eba5ee28) 
thrown [s\src\hotspot\share\interpreter\linkResolver.cpp, line 759]
Event: 28.613 Thread 0x000002711e900200 Exception <a 'java/lang/NoSuchMethodError'{0x00000000eba73d18}: 'int java.lang.invoke.Invokers$Holder.linkToTargetMethod(java.lang.Object, java.lang.Object, java.lang.Object)'> (0x00000000eba73d18) 
thrown [s\src\hotspot\share\interpreter\linkResolver.cpp, line 759]
Event: 28.672 Thread 0x000002711e900200 Exception <a 'java/lang/NoSuchMethodError'{0x00000000eaca18c0}: 'java.lang.Object java.lang.invoke.DirectMethodHandle$Holder.invokeStatic(java.lang.Object, java.lang.Object, int, java.lang.Object, java.lang.Object)'> (0x00000000eaca18c0) 
thrown [s\src\hotspot\share\interpreter\linkResolver.cpp, line 759]
Event: 28.697 Thread 0x000002711e900200 Exception <a 'java/lang/NoSuchMethodError'{0x00000000ead11608}: 'void java.lang.invoke.DirectMethodHandle$Holder.invokeStatic(java.lang.Object, int)'> (0x00000000ead11608) 
thrown [s\src\hotspot\share\interpreter\linkResolver.cpp, line 759]
Event: 29.041 Thread 0x000002711e900200 Exception <a 'java/io/FileNotFoundException'{0x00000000eb30fc08}> (0x00000000eb30fc08) 
thrown [s\src\hotspot\share\prims\jni.cpp, line 516]
Event: 29.042 Thread 0x000002711e900200 Exception <a 'java/io/FileNotFoundException'{0x00000000eb3111f0}> (0x00000000eb3111f0) 
thrown [s\src\hotspot\share\prims\jni.cpp, line 516]
Event: 29.078 Thread 0x000002711e900200 Exception <a 'java/lang/NoSuchMethodError'{0x00000000eb3c8868}: 'int java.lang.invoke.DirectMethodHandle$Holder.invokeSpecialIFC(java.lang.Object, java.lang.Object, java.lang.Object, java.lang.Object)'> (0x00000000eb3c8868) 
thrown [s\src\hotspot\share\interpreter\linkResolver.cpp, line 759]
Event: 29.426 Thread 0x000002711e900200 Exception <a 'java/lang/NoSuchMethodError'{0x00000000eae92cc8}: 'void java.lang.invoke.DirectMethodHandle$Holder.invokeSpecial(java.lang.Object, java.lang.Object, java.lang.Object, java.lang.Object, java.lang.Object)'> (0x00000000eae92cc8) 
thrown [s\src\hotspot\share\interpreter\linkResolver.cpp, line 759]

VM Operations (20 events):
Event: 27.557 Executing VM operation: ParallelGCFailedAllocation
Event: 27.559 Executing VM operation: ParallelGCFailedAllocation done
Event: 27.605 Executing VM operation: HandshakeAllThreads
Event: 27.606 Executing VM operation: HandshakeAllThreads done
Event: 27.813 Executing VM operation: ParallelGCFailedAllocation
Event: 27.817 Executing VM operation: ParallelGCFailedAllocation done
Event: 28.123 Executing VM operation: ParallelGCFailedAllocation
Event: 28.217 Executing VM operation: ParallelGCFailedAllocation done
Event: 28.616 Executing VM operation: ParallelGCFailedAllocation
Event: 28.620 Executing VM operation: ParallelGCFailedAllocation done
Event: 28.675 Executing VM operation: HandshakeAllThreads
Event: 28.676 Executing VM operation: HandshakeAllThreads done
Event: 28.754 Executing VM operation: ICBufferFull
Event: 28.754 Executing VM operation: ICBufferFull done
Event: 28.945 Executing VM operation: HandshakeAllThreads
Event: 28.945 Executing VM operation: HandshakeAllThreads done
Event: 29.006 Executing VM operation: HandshakeAllThreads
Event: 29.006 Executing VM operation: HandshakeAllThreads done
Event: 29.267 Executing VM operation: ParallelGCFailedAllocation
Event: 29.271 Executing VM operation: ParallelGCFailedAllocation done

Events (20 events):
Event: 29.039 Thread 0x0000027116f5aa30 flushing nmethod 0x0000027105372590
Event: 29.040 Thread 0x0000027116f5aa30 flushing nmethod 0x0000027105395710
Event: 29.040 Thread 0x0000027116f5aa30 flushing nmethod 0x0000027105395c90
Event: 29.040 Thread 0x0000027116f5aa30 flushing nmethod 0x000002710539d190
Event: 29.040 Thread 0x0000027116f5aa30 flushing nmethod 0x00000271053a2310
Event: 29.040 Thread 0x0000027116f5aa30 flushing nmethod 0x00000271053af310
Event: 29.041 Thread 0x0000027116f5aa30 flushing nmethod 0x00000271054bcf90
Event: 29.042 Thread 0x0000027116f5aa30 flushing nmethod 0x0000027105523390
Event: 29.042 Thread 0x0000027116f5aa30 flushing nmethod 0x0000027105525910
Event: 29.042 Thread 0x0000027116f5aa30 flushing nmethod 0x0000027105526190
Event: 29.101 Thread 0x00000271216a91a0 Thread added: 0x00000271216a91a0
Event: 29.101 Thread 0x00000271216a8330 Thread added: 0x00000271216a8330
Event: 29.102 Thread 0x00000271216a7e60 Thread added: 0x00000271216a7e60
Event: 29.102 Thread 0x00000271216a9670 Thread added: 0x00000271216a9670
Event: 29.174 Thread 0x00000271216a8cd0 Thread added: 0x00000271216a8cd0
Event: 29.263 Thread 0x00000271216a8330 Thread exited: 0x00000271216a8330
Event: 29.263 Thread 0x00000271216a7e60 Thread exited: 0x00000271216a7e60
Event: 29.263 Thread 0x00000271216a91a0 Thread exited: 0x00000271216a91a0
Event: 29.263 Thread 0x00000271216a9670 Thread exited: 0x00000271216a9670
Event: 29.263 Thread 0x00000271216a8cd0 Thread exited: 0x00000271216a8cd0


Dynamic libraries:
0x00007ff7f5fa0000 - 0x00007ff7f5fae000 	c:\Users\kiemp\.vscode\extensions\redhat.java-1.17.0-win32-x64\jre\17.0.6-win32-x86_64\bin\java.exe
0x00007ffaa8e10000 - 0x00007ffaa9024000 	C:\WINDOWS\SYSTEM32\ntdll.dll
0x00007ffaa79a0000 - 0x00007ffaa7a62000 	C:\WINDOWS\System32\KERNEL32.DLL
0x00007ffaa6880000 - 0x00007ffaa6c1c000 	C:\WINDOWS\System32\KERNELBASE.dll
0x00007ffaa6640000 - 0x00007ffaa6751000 	C:\WINDOWS\System32\ucrtbase.dll
0x00007ffa78550000 - 0x00007ffa78567000 	c:\Users\kiemp\.vscode\extensions\redhat.java-1.17.0-win32-x64\jre\17.0.6-win32-x86_64\bin\jli.dll
0x00007ffa78530000 - 0x00007ffa78549000 	c:\Users\kiemp\.vscode\extensions\redhat.java-1.17.0-win32-x64\jre\17.0.6-win32-x86_64\bin\VCRUNTIME140.dll
0x00007ffaa6e20000 - 0x00007ffaa6fcb000 	C:\WINDOWS\System32\USER32.dll
0x00007ffaa64f0000 - 0x00007ffaa6516000 	C:\WINDOWS\System32\win32u.dll
0x00007ffaa7860000 - 0x00007ffaa7889000 	C:\WINDOWS\System32\GDI32.dll
0x00007ffaa6520000 - 0x00007ffaa6633000 	C:\WINDOWS\System32\gdi32full.dll
0x00007ffa93e60000 - 0x00007ffa940ee000 	C:\WINDOWS\WinSxS\amd64_microsoft.windows.common-controls_6595b64144ccf1df_6.0.22621.608_none_a9444ca7c10bb01d\COMCTL32.dll
0x00007ffaa67e0000 - 0x00007ffaa687a000 	C:\WINDOWS\System32\msvcp_win.dll
0x00007ffaa76a0000 - 0x00007ffaa7747000 	C:\WINDOWS\System32\msvcrt.dll
0x00007ffaa7fd0000 - 0x00007ffaa8001000 	C:\WINDOWS\System32\IMM32.DLL
0x00007ffa78520000 - 0x00007ffa7852c000 	c:\Users\kiemp\.vscode\extensions\redhat.java-1.17.0-win32-x64\jre\17.0.6-win32-x86_64\bin\vcruntime140_1.dll
0x00007ffa78480000 - 0x00007ffa78511000 	c:\Users\kiemp\.vscode\extensions\redhat.java-1.17.0-win32-x64\jre\17.0.6-win32-x86_64\bin\msvcp140.dll
0x00007ffa77830000 - 0x00007ffa78477000 	c:\Users\kiemp\.vscode\extensions\redhat.java-1.17.0-win32-x64\jre\17.0.6-win32-x86_64\bin\server\jvm.dll
0x00007ffaa7c30000 - 0x00007ffaa7cde000 	C:\WINDOWS\System32\ADVAPI32.dll
0x00007ffaa7890000 - 0x00007ffaa7934000 	C:\WINDOWS\System32\sechost.dll
0x00007ffaa8410000 - 0x00007ffaa8527000 	C:\WINDOWS\System32\RPCRT4.dll
0x00007ffa9ee60000 - 0x00007ffa9ee6a000 	C:\WINDOWS\SYSTEM32\VERSION.dll
0x00007ffa8b470000 - 0x00007ffa8b479000 	C:\WINDOWS\SYSTEM32\WSOCK32.dll
0x00007ffaa6ca0000 - 0x00007ffaa6d11000 	C:\WINDOWS\System32\WS2_32.dll
0x00007ffa9eeb0000 - 0x00007ffa9eee4000 	C:\WINDOWS\SYSTEM32\WINMM.dll
0x00007ffaa52a0000 - 0x00007ffaa52b8000 	C:\WINDOWS\SYSTEM32\kernel.appcore.dll
0x00007ffa77820000 - 0x00007ffa7782a000 	c:\Users\kiemp\.vscode\extensions\redhat.java-1.17.0-win32-x64\jre\17.0.6-win32-x86_64\bin\jimage.dll
0x00007ffa9c010000 - 0x00007ffa9c23e000 	C:\WINDOWS\SYSTEM32\DBGHELP.DLL
0x00007ffaa8010000 - 0x00007ffaa8399000 	C:\WINDOWS\System32\combase.dll
0x00007ffaa7780000 - 0x00007ffaa7857000 	C:\WINDOWS\System32\OLEAUT32.dll
0x00007ffa95d80000 - 0x00007ffa95db2000 	C:\WINDOWS\SYSTEM32\dbgcore.DLL
0x00007ffaa6760000 - 0x00007ffaa67db000 	C:\WINDOWS\System32\bcryptPrimitives.dll
0x00007ffa77810000 - 0x00007ffa7781e000 	c:\Users\kiemp\.vscode\extensions\redhat.java-1.17.0-win32-x64\jre\17.0.6-win32-x86_64\bin\instrument.dll
0x00007ffa777e0000 - 0x00007ffa77805000 	c:\Users\kiemp\.vscode\extensions\redhat.java-1.17.0-win32-x64\jre\17.0.6-win32-x86_64\bin\java.dll
0x00007ffa777c0000 - 0x00007ffa777d8000 	c:\Users\kiemp\.vscode\extensions\redhat.java-1.17.0-win32-x64\jre\17.0.6-win32-x86_64\bin\zip.dll
0x00007ffaa85e0000 - 0x00007ffaa8dd0000 	C:\WINDOWS\System32\SHELL32.dll
0x00007ffaa4260000 - 0x00007ffaa4b2d000 	C:\WINDOWS\SYSTEM32\windows.storage.dll
0x00007ffaa4120000 - 0x00007ffaa425e000 	C:\WINDOWS\SYSTEM32\wintypes.dll
0x00007ffaa6d20000 - 0x00007ffaa6e11000 	C:\WINDOWS\System32\SHCORE.dll
0x00007ffaa83b0000 - 0x00007ffaa840e000 	C:\WINDOWS\System32\shlwapi.dll
0x00007ffaa6180000 - 0x00007ffaa61a1000 	C:\WINDOWS\SYSTEM32\profapi.dll
0x00007ffa777a0000 - 0x00007ffa777b9000 	C:\Users\kiemp\.vscode\extensions\redhat.java-1.17.0-win32-x64\jre\17.0.6-win32-x86_64\bin\net.dll
0x00007ffa9e4a0000 - 0x00007ffa9e5d7000 	C:\WINDOWS\SYSTEM32\WINHTTP.dll
0x00007ffaa5710000 - 0x00007ffaa5779000 	C:\WINDOWS\system32\mswsock.dll
0x00007ffa77780000 - 0x00007ffa77795000 	C:\Users\kiemp\.vscode\extensions\redhat.java-1.17.0-win32-x64\jre\17.0.6-win32-x86_64\bin\nio.dll
0x00007ffa77770000 - 0x00007ffa77780000 	c:\Users\kiemp\.vscode\extensions\redhat.java-1.17.0-win32-x64\jre\17.0.6-win32-x86_64\bin\verify.dll
0x00007ffa776f0000 - 0x00007ffa7772e000 	C:\Users\kiemp\AppData\Roaming\Code\User\globalStorage\redhat.java\1.17.0\config_win\org.eclipse.equinox.launcher\org.eclipse.equinox.launcher.win32.win32.x86_64_1.2.700.v20221108-1024\eclipse_11801.dll
0x00007ffaa7a70000 - 0x00007ffaa7c0c000 	C:\WINDOWS\System32\ole32.dll
0x00007ffaa5980000 - 0x00007ffaa599b000 	C:\WINDOWS\SYSTEM32\CRYPTSP.dll
0x00007ffaa5210000 - 0x00007ffaa5245000 	C:\WINDOWS\system32\rsaenh.dll
0x00007ffaa5810000 - 0x00007ffaa5838000 	C:\WINDOWS\SYSTEM32\USERENV.dll
0x00007ffaa5b10000 - 0x00007ffaa5b38000 	C:\WINDOWS\SYSTEM32\bcrypt.dll
0x00007ffaa5970000 - 0x00007ffaa597c000 	C:\WINDOWS\SYSTEM32\CRYPTBASE.dll
0x00007ffaa4d80000 - 0x00007ffaa4dad000 	C:\WINDOWS\SYSTEM32\IPHLPAPI.DLL
0x00007ffaa7770000 - 0x00007ffaa7779000 	C:\WINDOWS\System32\NSI.dll
0x00007ffa9ee70000 - 0x00007ffa9ee89000 	C:\WINDOWS\SYSTEM32\dhcpcsvc6.DLL
0x00007ffa9e2f0000 - 0x00007ffa9e30f000 	C:\WINDOWS\SYSTEM32\dhcpcsvc.DLL
0x00007ffaa4df0000 - 0x00007ffaa4ee3000 	C:\WINDOWS\SYSTEM32\DNSAPI.dll
0x00007ffa77650000 - 0x00007ffa77695000 	C:\Users\kiemp\AppData\Local\Temp\jna-102045354\jna8254280130469510244.dll
0x00007ffaa7760000 - 0x00007ffaa7768000 	C:\WINDOWS\System32\PSAPI.DLL

dbghelp: loaded successfully - version: 4.0.5 - missing functions: none
symbol engine: initialized successfully - sym options: 0x614 - pdb path: .;c:\Users\kiemp\.vscode\extensions\redhat.java-1.17.0-win32-x64\jre\17.0.6-win32-x86_64\bin;C:\WINDOWS\SYSTEM32;C:\WINDOWS\WinSxS\amd64_microsoft.windows.common-controls_6595b64144ccf1df_6.0.22621.608_none_a9444ca7c10bb01d;c:\Users\kiemp\.vscode\extensions\redhat.java-1.17.0-win32-x64\jre\17.0.6-win32-x86_64\bin\server;C:\Users\kiemp\AppData\Roaming\Code\User\globalStorage\redhat.java\1.17.0\config_win\org.eclipse.equinox.launcher\org.eclipse.equinox.launcher.win32.win32.x86_64_1.2.700.v20221108-1024;C:\Users\kiemp\AppData\Local\Temp\jna-102045354

VM Arguments:
jvm_args: --add-modules=ALL-SYSTEM --add-opens=java.base/java.util=ALL-UNNAMED --add-opens=java.base/java.lang=ALL-UNNAMED --add-opens=java.base/sun.nio.fs=ALL-UNNAMED -Declipse.application=org.eclipse.jdt.ls.core.id1 -Dosgi.bundles.defaultStartLevel=4 -Declipse.product=org.eclipse.jdt.ls.core.product -Djava.import.generatesMetadataFilesAtProjectRoot=false -Dfile.encoding=utf8 -XX:+UseParallelGC -XX:GCTimeRatio=4 -XX:AdaptiveSizePolicyWeight=90 -Dsun.zip.disableMemoryMapping=true -Xmx1G -Xms100m -Xlog:disable -javaagent:c:\Users\kiemp\.vscode\extensions\redhat.java-1.17.0-win32-x64\lombok\lombok-1.18.24.jar -XX:+HeapDumpOnOutOfMemoryError -XX:HeapDumpPath=c:\Users\kiemp\AppData\Roaming\Code\User\workspaceStorage\b246acea17aa2a10dd7647a36f8194b1\redhat.java -Daether.dependencyCollector.impl=bf 
java_command: c:\Users\kiemp\.vscode\extensions\redhat.java-1.17.0-win32-x64\server\plugins\org.eclipse.equinox.launcher_1.6.400.v20210924-0641.jar -configuration c:\Users\kiemp\AppData\Roaming\Code\User\globalStorage\redhat.java\1.17.0\config_win -data c:\Users\kiemp\AppData\Roaming\Code\User\workspaceStorage\b246acea17aa2a10dd7647a36f8194b1\redhat.java\jdt_ws
java_class_path (initial): c:\Users\kiemp\.vscode\extensions\redhat.java-1.17.0-win32-x64\server\plugins\org.eclipse.equinox.launcher_1.6.400.v20210924-0641.jar
Launcher Type: SUN_STANDARD

[Global flags]
    uintx AdaptiveSizePolicyWeight                 = 90                                        {product} {command line}
     intx CICompilerCount                          = 12                                        {product} {ergonomic}
    uintx GCTimeRatio                              = 4                                         {product} {command line}
     bool HeapDumpOnOutOfMemoryError               = true                                   {manageable} {command line}
    ccstr HeapDumpPath                             = c:\Users\kiemp\AppData\Roaming\Code\User\workspaceStorage\b246acea17aa2a10dd7647a36f8194b1\redhat.java         {manageable} {command line}
   size_t InitialHeapSize                          = 104857600                                 {product} {command line}
   size_t MaxHeapSize                              = 1073741824                                {product} {command line}
   size_t MaxNewSize                               = 357564416                                 {product} {ergonomic}
   size_t MinHeapDeltaBytes                        = 524288                                    {product} {ergonomic}
   size_t MinHeapSize                              = 104857600                                 {product} {command line}
   size_t NewSize                                  = 34603008                                  {product} {ergonomic}
    uintx NonNMethodCodeHeapSize                   = 7602480                                {pd product} {ergonomic}
    uintx NonProfiledCodeHeapSize                  = 122027880                              {pd product} {ergonomic}
   size_t OldSize                                  = 70254592                                  {product} {ergonomic}
    uintx ProfiledCodeHeapSize                     = 122027880                              {pd product} {ergonomic}
    uintx ReservedCodeCacheSize                    = 251658240                              {pd product} {ergonomic}
     bool SegmentedCodeCache                       = true                                      {product} {ergonomic}
   size_t SoftMaxHeapSize                          = 1073741824                             {manageable} {ergonomic}
     bool UseCompressedClassPointers               = true                           {product lp64_product} {ergonomic}
     bool UseCompressedOops                        = true                           {product lp64_product} {ergonomic}
     bool UseLargePagesIndividualAllocation        = false                                  {pd product} {ergonomic}
     bool UseParallelGC                            = true                                      {product} {command line}

Logging:
Log output configuration:
 #0: stdout all=off uptime,level,tags
 #1: stderr all=off uptime,level,tags

Environment Variables:
JAVA_HOME=C:\Program Files\Java\jdk-17.0.4.101-hotspot
CLASSPATH=C:\xampp\tomcat\lib\servlet-api.jar
PATH=C:\Program Files (x86)\Common Files\Oracle\Java\javapath;C:\Program Files\Java\jdk-17.0.4.101-hotspot\bin;C:\Program Files (x86)\VMware\VMware Workstation\bin\;C:\WINDOWS\system32;C:\WINDOWS;C:\WINDOWS\System32\Wbem;C:\WINDOWS\System32\WindowsPowerShell\v1.0\;C:\WINDOWS\System32\OpenSSH\;C:\Program Files\Microsoft SQL Server\Client SDK\ODBC\170\Tools\Binn\;C:\Program Files (x86)\Microsoft SQL Server\150\Tools\Binn\;C:\Program Files\Microsoft SQL Server\150\Tools\Binn\;C:\Program Files\Microsoft SQL Server\150\DTS\Binn\;C:\Program Files (x86)\MinGW64\bin;C:\Program Files (x86)\NVIDIA Corporation\PhysX\Common;C:\Program Files\NVIDIA Corporation\NVIDIA NvDLISR;C:\Program Files\Azure Data Studio\bin;C:\Users\kiemp\AppData\Local\Microsoft\WindowsApps;C:\Users\kiemp\AppData\Local\Programs\Microsoft VS Code\bin;C:\Program Files\Docker\Docker\resources\bin;C:\ProgramData\DockerDesktop\version-bin;C:\Program Files\dotnet\;C:\Users\kiemp\AppData\Local\Programs\Python\Python310;C:\Users\kiemp\AppData\Local\Programs\Python\Python310\Scripts;C:\WINDOWS\system32;C:\WINDOWS;C:\WINDOWS\System32\Wbem;C:\WINDOWS\System32\WindowsPowerShell\v1.0\;C:\WINDOWS\System32\OpenSSH\;C:\Program Files (x86)\Microsoft SQL Server\150\DTS\Binn\;C:\xampp\tomcat\lib;C:\xampp\php;C:\ProgramData\ComposerSetup\bin;C:\Windows\System32;C:\Program Files\Git\cmd;C:\Program Files\MySQL\MySQL Server 8.0\bin;C:\Program Files\MySQL\MySQL Server 8.0\lib;C:\nvm;C:\nodejs;C:\Program Files\nodejs\;C:\Users\kiemp\AppData\Local\Programs\Python\Python310\Scripts\;C:\Users\kiemp\AppData\Local\Programs\Python\Python310\;C:\Users\kiemp\AppData\Local\Microsoft\WindowsApps;C:\Users\kiemp\AppData\Local\Programs\Microsoft VS Code\bin;C:\Program Files\Azure Data Studio\bin;C:\Program Files\JetBrains\IntelliJ IDEA Community Edition 2022.1\bin;;C:\Users\kiemp\AppData\Local\GitHubDesktop\bin;C:\Program Files\Java\jdk-18.0.2.1\bin;C:\Users\kiemp\AppData\Roaming\Composer\vendor\bin;C:\Users\kiemp\.dotnet\tools;C:\nvm;C:\nodejs;C
USERNAME=kiemp
OS=Windows_NT
PROCESSOR_IDENTIFIER=AMD64 Family 23 Model 96 Stepping 1, AuthenticAMD
TMP=C:\Users\kiemp\AppData\Local\Temp
TEMP=C:\Users\kiemp\AppData\Local\Temp



---------------  S Y S T E M  ---------------

OS:
 Windows 11 , 64 bit Build 22621 (10.0.22621.1485)
OS uptime: 0 days 0:11 hours

CPU: total 16 (initial active 16) (16 cores per cpu, 2 threads per core) family 23 model 96 stepping 1 microcode 0x0, cx8, cmov, fxsr, ht, mmx, 3dnowpref, sse, sse2, sse3, ssse3, sse4a, sse4.1, sse4.2, popcnt, lzcnt, tsc, tscinvbit, avx, avx2, aes, clmul, bmi1, bmi2, adx, sha, fma, vzeroupper, clflush, clflushopt

Memory: 4k page, system-wide physical 23983M (7041M free)
TotalPageFile size 26031M (AvailPageFile size 3M)
current process WorkingSet (physical memory assigned to process): 296M, peak: 373M
current process commit charge ("private bytes"): 370M, peak: 440M

vm_info: OpenJDK 64-Bit Server VM (17.0.6+10) for windows-amd64 JRE (17.0.6+10), built on Jan 18 2023 10:08:59 by "temurin" with MS VC++ 16.7 (VS2019)

END.
