#
# There is insufficient memory for the Java Runtime Environment to continue.
# Native memory allocation (mmap) failed to map 65536 bytes for Failed to commit metaspace.
# Possible reasons:
#   The system is out of physical RAM or swap space
#   The process is running with CompressedOops enabled, and the Java Heap may be blocking the growth of the native heap
# Possible solutions:
#   Reduce memory load on the system
#   Increase physical memory or swap space
#   Check if swap backing store is full
#   Decrease Java heap size (-Xmx/-Xms)
#   Decrease number of Java threads
#   Decrease Java thread stack sizes (-Xss)
#   Set larger code cache with -XX:ReservedCodeCacheSize=
#   JVM is running with Unscaled Compressed Oops mode in which the Java heap is
#     placed in the first 4GB address space. The Java Heap base address is the
#     maximum limit for the native heap growth. Please use -XX:HeapBaseMinAddress
#     to set the Java Heap base and to place the Java Heap above 4GB virtual address.
# This output file may be truncated or incomplete.
#
#  Out of Memory Error (virtualSpaceNode.cpp:110), pid=13996, tid=25308
#
# JRE version: OpenJDK Runtime Environment Temurin-17.0.6+10 (17.0.6+10) (build 17.0.6+10)
# Java VM: OpenJDK 64-Bit Server VM Temurin-17.0.6+10 (17.0.6+10, mixed mode, tiered, compressed oops, compressed class ptrs, parallel gc, windows-amd64)
# No core dump will be written. Minidumps are not enabled by default on client versions of Windows
#

---------------  S U M M A R Y ------------

Command Line: --add-modules=ALL-SYSTEM --add-opens=java.base/java.util=ALL-UNNAMED --add-opens=java.base/java.lang=ALL-UNNAMED --add-opens=java.base/sun.nio.fs=ALL-UNNAMED -Declipse.application=org.eclipse.jdt.ls.core.id1 -Dosgi.bundles.defaultStartLevel=4 -Declipse.product=org.eclipse.jdt.ls.core.product -Djava.import.generatesMetadataFilesAtProjectRoot=false -Dfile.encoding=utf8 -XX:+UseParallelGC -XX:GCTimeRatio=4 -XX:AdaptiveSizePolicyWeight=90 -Dsun.zip.disableMemoryMapping=true -Xmx1G -Xms100m -Xlog:disable -javaagent:c:\Users\kiemp\.vscode\extensions\redhat.java-1.16.0-win32-x64\lombok\lombok-1.18.24.jar -XX:+HeapDumpOnOutOfMemoryError -XX:HeapDumpPath=c:\Users\kiemp\AppData\Roaming\Code\User\workspaceStorage\c592173f26da50b681d098185c37a910\redhat.java c:\Users\kiemp\.vscode\extensions\redhat.java-1.16.0-win32-x64\server\plugins\org.eclipse.equinox.launcher_1.6.400.v20210924-0641.jar -configuration c:\Users\kiemp\AppData\Roaming\Code\User\globalStorage\redhat.java\1.16.0\config_win -data c:\Users\kiemp\AppData\Roaming\Code\User\workspaceStorage\c592173f26da50b681d098185c37a910\redhat.java\jdt_ws

Host: AMD Ryzen 7 4800H with Radeon Graphics         , 16 cores, 23G,  Windows 11 , 64 bit Build 22621 (10.0.22621.1485)
Time: Mon Apr 10 17:37:27 2023 SE Asia Standard Time elapsed time: 16.723797 seconds (0d 0h 0m 16s)

---------------  T H R E A D  ---------------

Current thread (0x00000229a749e180):  JavaThread "Worker-1: Repository registry initialization" [_thread_in_vm, id=25308, stack(0x000000dcfb500000,0x000000dcfb600000)]

Stack: [0x000000dcfb500000,0x000000dcfb600000]
Native frames: (J=compiled Java code, j=interpreted, Vv=VM code, C=native code)
V  [jvm.dll+0x67741a]
V  [jvm.dll+0x834434]
V  [jvm.dll+0x835bde]
V  [jvm.dll+0x836243]
V  [jvm.dll+0x2457b5]
V  [jvm.dll+0x8304cb]
V  [jvm.dll+0x61bca6]
V  [jvm.dll+0x1c05fe]
V  [jvm.dll+0x61e5f1]
V  [jvm.dll+0x61c646]
V  [jvm.dll+0x626487]
V  [jvm.dll+0x1ea42b]
V  [jvm.dll+0x1ea965]
V  [jvm.dll+0x1eb39f]
V  [jvm.dll+0x1e0841]
V  [jvm.dll+0x53c6d0]
V  [jvm.dll+0x7af5e8]
V  [jvm.dll+0x7af6d4]
V  [jvm.dll+0x40bc05]
V  [jvm.dll+0x411d58]
C  [java.dll+0x17ec]

Java frames: (J=compiled Java code, j=interpreted, Vv=VM code)
J 1134  java.lang.ClassLoader.defineClass1(Ljava/lang/ClassLoader;Ljava/lang/String;[BIILjava/security/ProtectionDomain;Ljava/lang/String;)Ljava/lang/Class; java.base@17.0.6 (0 bytes) @ 0x000002299a1754db [0x000002299a175420+0x00000000000000bb]
J 1784 c1 java.lang.ClassLoader.defineClass(Ljava/lang/String;[BIILjava/security/ProtectionDomain;)Ljava/lang/Class; java.base@17.0.6 (43 bytes) @ 0x00000229928be354 [0x00000229928be000+0x0000000000000354]
J 2395 c1 org.eclipse.osgi.internal.loader.ModuleClassLoader.defineClass(Ljava/lang/String;[BLorg/eclipse/osgi/internal/loader/classpath/ClasspathEntry;)Lorg/eclipse/osgi/internal/loader/ModuleClassLoader$DefineClassResult; (138 bytes) @ 0x0000022992a3da9c [0x0000022992a3d840+0x000000000000025c]
J 2259 c1 org.eclipse.osgi.internal.loader.classpath.ClasspathManager.defineClass(Ljava/lang/String;[BLorg/eclipse/osgi/internal/loader/classpath/ClasspathEntry;Lorg/eclipse/osgi/storage/bundlefile/BundleEntry;Ljava/util/List;)Ljava/lang/Class; (636 bytes) @ 0x00000229929f5734 [0x00000229929f3d60+0x00000000000019d4]
j  org.eclipse.osgi.internal.loader.classpath.ClasspathManager.findClassImpl(Ljava/lang/String;Lorg/eclipse/osgi/internal/loader/classpath/ClasspathEntry;Ljava/util/List;)Ljava/lang/Class;+269
J 1828 c1 org.eclipse.osgi.internal.loader.classpath.ClasspathManager.findLocalClassImpl(Ljava/lang/String;[Lorg/eclipse/osgi/internal/loader/classpath/ClasspathEntry;Ljava/util/List;)Ljava/lang/Class; (55 bytes) @ 0x00000229928e374c [0x00000229928e35c0+0x000000000000018c]
J 2247 c1 org.eclipse.osgi.internal.loader.classpath.ClasspathManager.findLocalClassImpl(Ljava/lang/String;Ljava/util/List;)Ljava/lang/Class; (132 bytes) @ 0x00000229929ecb54 [0x00000229929ec640+0x0000000000000514]
J 1816 c1 org.eclipse.osgi.internal.loader.classpath.ClasspathManager.findLocalClass(Ljava/lang/String;)Ljava/lang/Class; (210 bytes) @ 0x00000229928d19bc [0x00000229928d0d20+0x0000000000000c9c]
J 1814 c1 org.eclipse.osgi.internal.loader.BundleLoader.findLocalClass(Ljava/lang/String;)Ljava/lang/Class; (152 bytes) @ 0x00000229928d3cec [0x00000229928d34a0+0x000000000000084c]
J 3349 c1 org.eclipse.osgi.internal.loader.BundleLoader.findClass0(Ljava/lang/String;ZZ)Ljava/lang/Class; (466 bytes) @ 0x0000022992c1ee94 [0x0000022992c1c880+0x0000000000002614]
J 3970 c2 org.eclipse.osgi.internal.loader.ModuleClassLoader.loadClass(Ljava/lang/String;Z)Ljava/lang/Class; (36 bytes) @ 0x000002299a2e8158 [0x000002299a2e80c0+0x0000000000000098]
J 3486 c2 java.lang.ClassLoader.loadClass(Ljava/lang/String;)Ljava/lang/Class; java.base@17.0.6 (7 bytes) @ 0x000002299a2759c0 [0x000002299a275980+0x0000000000000040]
v  ~StubRoutines::call_stub
J 4022  java.lang.Class.getDeclaredMethods0(Z)[Ljava/lang/reflect/Method; java.base@17.0.6 (0 bytes) @ 0x000002299a2f16db [0x000002299a2f16a0+0x000000000000003b]
J 2829 c1 java.lang.Class.privateGetDeclaredMethods(Z)[Ljava/lang/reflect/Method; java.base@17.0.6 (64 bytes) @ 0x0000022992b05fb4 [0x0000022992b05e20+0x0000000000000194]
J 3756 c1 java.lang.Class.getDeclaredMethods()[Ljava/lang/reflect/Method; java.base@17.0.6 (27 bytes) @ 0x0000022992cedac4 [0x0000022992ced900+0x00000000000001c4]
J 3949 c1 com.google.inject.spi.InjectionPoint.getInjectionPoints(Lcom/google/inject/TypeLiteral;ZLcom/google/inject/internal/Errors;)Ljava/util/Set; (489 bytes) @ 0x0000022992d5284c [0x0000022992d51bc0+0x0000000000000c8c]
j  com.google.inject.spi.InjectionPoint.forInstanceMethodsAndFields(Lcom/google/inject/TypeLiteral;)Ljava/util/Set;+11
j  org.eclipse.sisu.wire.DependencyAnalyzer.analyzeImplementation(Lcom/google/inject/TypeLiteral;Z)Ljava/lang/Boolean;+44
j  org.eclipse.sisu.wire.DependencyAnalyzer.visit(Lcom/google/inject/spi/ProviderInstanceBinding;)Ljava/lang/Boolean;+33
j  org.eclipse.sisu.wire.DependencyAnalyzer.visit(Lcom/google/inject/spi/ProviderInstanceBinding;)Ljava/lang/Object;+5
j  com.google.inject.internal.ProviderInstanceBindingImpl.acceptTargetVisitor(Lcom/google/inject/spi/BindingTargetVisitor;)Ljava/lang/Object;+27
j  org.eclipse.sisu.wire.ElementAnalyzer.visit(Lcom/google/inject/Binding;)Ljava/lang/Void;+43
j  org.eclipse.sisu.wire.ElementAnalyzer.visit(Lcom/google/inject/Binding;)Ljava/lang/Object;+5
j  com.google.inject.internal.BindingImpl.acceptVisitor(Lcom/google/inject/spi/ElementVisitor;)Ljava/lang/Object;+2
j  org.eclipse.sisu.wire.WireModule.configure(Lcom/google/inject/Binder;)V+39
j  com.google.inject.spi.Elements$RecordingBinder.install(Lcom/google/inject/Module;)V+161
j  com.google.inject.spi.Elements.getElements(Lcom/google/inject/Stage;Ljava/lang/Iterable;)Ljava/util/List;+40
j  com.google.inject.internal.InjectorShell$Builder.build(Lcom/google/inject/internal/Initializer;Lcom/google/inject/internal/ProcessedBindingData;Lcom/google/inject/internal/util/Stopwatch;Lcom/google/inject/internal/Errors;)Ljava/util/List;+122
j  com.google.inject.internal.InternalInjectorCreator.build()Lcom/google/inject/Injector;+48
j  com.google.inject.Guice.createInjector(Lcom/google/inject/Stage;Ljava/lang/Iterable;)Lcom/google/inject/Injector;+15
j  com.google.inject.Guice.createInjector(Ljava/lang/Iterable;)Lcom/google/inject/Injector;+4
j  com.google.inject.Guice.createInjector([Lcom/google/inject/Module;)Lcom/google/inject/Injector;+4
j  org.codehaus.plexus.DefaultPlexusContainer.addPlexusInjector(Ljava/util/List;[Lcom/google/inject/Module;)Lcom/google/inject/Injector;+88
j  org.codehaus.plexus.DefaultPlexusContainer.<init>(Lorg/codehaus/plexus/ContainerConfiguration;[Lcom/google/inject/Module;)V+396
j  org.eclipse.m2e.core.internal.embedder.PlexusContainerManager.newPlexusContainer(Ljava/io/File;Lorg/codehaus/plexus/logging/LoggerManager;Lorg/eclipse/m2e/core/embedder/IMavenConfiguration;)Lorg/eclipse/m2e/core/internal/embedder/IMavenPlexusContainer;+241
j  org.eclipse.m2e.core.internal.embedder.PlexusContainerManager.aquire()Lorg/eclipse/m2e/core/internal/embedder/IMavenPlexusContainer;+28
j  org.eclipse.m2e.core.internal.embedder.MavenImpl.getPlexusContainer()Lorg/codehaus/plexus/PlexusContainer;+4
j  org.eclipse.m2e.core.internal.embedder.MavenImpl.lookup(Ljava/lang/Class;)Ljava/lang/Object;+40
j  org.eclipse.m2e.core.internal.embedder.MavenImpl.getSettings(Z)Lorg/apache/maven/settings/Settings;+182
j  org.eclipse.m2e.core.internal.embedder.MavenImpl.getSettings()Lorg/apache/maven/settings/Settings;+2
j  org.eclipse.m2e.core.internal.repository.RepositoryRegistry.updateRegistry(Lorg/eclipse/core/runtime/IProgressMonitor;)V+4
j  org.eclipse.m2e.core.internal.repository.RepositoryRegistryUpdateJob.run(Lorg/eclipse/core/runtime/IProgressMonitor;)Lorg/eclipse/core/runtime/IStatus;+27
j  org.eclipse.core.internal.jobs.Worker.run()V+32
v  ~StubRoutines::call_stub

---------------  P R O C E S S  ---------------

Threads class SMR info:
_java_thread_list=0x00000229aba80cd0, length=32, elements={
0x000002298f8f1dc0, 0x00000229a376a430, 0x00000229a376bcc0, 0x000002298f9aafe0,
0x000002298f9ab9a0, 0x00000229a5330310, 0x00000229a5351380, 0x00000229a535dcc0,
0x00000229a5368db0, 0x00000229a5395e80, 0x00000229a54d2ef0, 0x00000229a7234370,
0x00000229a75c8240, 0x00000229a54d8220, 0x00000229a7d4bab0, 0x00000229a77c9440,
0x00000229a761b240, 0x00000229a781d5c0, 0x00000229a74c3370, 0x00000229a749e180,
0x00000229a7686b10, 0x00000229a76851c0, 0x00000229a7686600, 0x00000229a749fe60,
0x00000229a7688970, 0x00000229a7687020, 0x00000229a749eb20, 0x00000229a7688460,
0x00000229a749dcb0, 0x00000229a76856d0, 0x00000229a749c970, 0x00000229a749d310
}

Java Threads: ( => current thread )
  0x000002298f8f1dc0 JavaThread "main" [_thread_blocked, id=9256, stack(0x000000dcf9100000,0x000000dcf9200000)]
  0x00000229a376a430 JavaThread "Reference Handler" daemon [_thread_blocked, id=21016, stack(0x000000dcf9400000,0x000000dcf9500000)]
  0x00000229a376bcc0 JavaThread "Finalizer" daemon [_thread_blocked, id=15288, stack(0x000000dcf9500000,0x000000dcf9600000)]
  0x000002298f9aafe0 JavaThread "Signal Dispatcher" daemon [_thread_blocked, id=26812, stack(0x000000dcf9600000,0x000000dcf9700000)]
  0x000002298f9ab9a0 JavaThread "Attach Listener" daemon [_thread_blocked, id=5388, stack(0x000000dcf9700000,0x000000dcf9800000)]
  0x00000229a5330310 JavaThread "Service Thread" daemon [_thread_blocked, id=23232, stack(0x000000dcf9800000,0x000000dcf9900000)]
  0x00000229a5351380 JavaThread "Monitor Deflation Thread" daemon [_thread_blocked, id=26360, stack(0x000000dcf9900000,0x000000dcf9a00000)]
  0x00000229a535dcc0 JavaThread "C2 CompilerThread0" daemon [_thread_blocked, id=26652, stack(0x000000dcf9a00000,0x000000dcf9b00000)]
  0x00000229a5368db0 JavaThread "C1 CompilerThread0" daemon [_thread_blocked, id=15468, stack(0x000000dcf9b00000,0x000000dcf9c00000)]
  0x00000229a5395e80 JavaThread "Sweeper thread" daemon [_thread_blocked, id=24620, stack(0x000000dcf9c00000,0x000000dcf9d00000)]
  0x00000229a54d2ef0 JavaThread "Common-Cleaner" daemon [_thread_blocked, id=23564, stack(0x000000dcf9d00000,0x000000dcf9e00000)]
  0x00000229a7234370 JavaThread "Notification Thread" daemon [_thread_blocked, id=24724, stack(0x000000dcfa100000,0x000000dcfa200000)]
  0x00000229a75c8240 JavaThread "Active Thread: Equinox Container: 9cbe2c70-825d-43ea-8dd1-af6baf2a2403" [_thread_blocked, id=26340, stack(0x000000dcfaa00000,0x000000dcfab00000)]
  0x00000229a54d8220 JavaThread "Framework Event Dispatcher: Equinox Container: 9cbe2c70-825d-43ea-8dd1-af6baf2a2403" daemon [_thread_blocked, id=25796, stack(0x000000dcf9f00000,0x000000dcfa000000)]
  0x00000229a7d4bab0 JavaThread "Start Level: Equinox Container: 9cbe2c70-825d-43ea-8dd1-af6baf2a2403" daemon [_thread_blocked, id=17068, stack(0x000000dcfa800000,0x000000dcfa900000)]
  0x00000229a77c9440 JavaThread "SCR Component Actor" daemon [_thread_blocked, id=17544, stack(0x000000dcfa900000,0x000000dcfaa00000)]
  0x00000229a761b240 JavaThread "SCR Component Registry" daemon [_thread_blocked, id=25704, stack(0x000000dcfac00000,0x000000dcfad00000)]
  0x00000229a781d5c0 JavaThread "Worker-JM" [_thread_blocked, id=9156, stack(0x000000dcfaf00000,0x000000dcfb000000)]
  0x00000229a74c3370 JavaThread "Worker-0" [_thread_blocked, id=5684, stack(0x000000dcfb000000,0x000000dcfb100000)]
=>0x00000229a749e180 JavaThread "Worker-1: Repository registry initialization" [_thread_in_vm, id=25308, stack(0x000000dcfb500000,0x000000dcfb600000)]
  0x00000229a7686b10 JavaThread "C1 CompilerThread1" daemon [_thread_blocked, id=10820, stack(0x000000dcfad00000,0x000000dcfae00000)]
  0x00000229a76851c0 JavaThread "C1 CompilerThread2" daemon [_thread_blocked, id=3976, stack(0x000000dcfae00000,0x000000dcfaf00000)]
  0x00000229a7686600 JavaThread "C1 CompilerThread3" daemon [_thread_blocked, id=24792, stack(0x000000dcfb600000,0x000000dcfb700000)]
  0x00000229a749fe60 JavaThread "Worker-2" [_thread_blocked, id=9188, stack(0x000000dcfb900000,0x000000dcfba00000)]
  0x00000229a7688970 JavaThread "C2 CompilerThread1" daemon [_thread_blocked, id=22252, stack(0x000000dcf9e00000,0x000000dcf9f00000)]
  0x00000229a7687020 JavaThread "C2 CompilerThread2" daemon [_thread_in_native, id=3264, stack(0x000000dcfb800000,0x000000dcfb900000)]
  0x00000229a749eb20 JavaThread "Java indexing" daemon [_thread_blocked, id=17708, stack(0x000000dcfba00000,0x000000dcfbb00000)]
  0x00000229a7688460 JavaThread "C2 CompilerThread3" daemon [_thread_in_native, id=26096, stack(0x000000dcfbb00000,0x000000dcfbc00000)]
  0x00000229a749dcb0 JavaThread "JNA Cleaner" daemon [_thread_blocked, id=8176, stack(0x000000dcfbc00000,0x000000dcfbd00000)]
  0x00000229a76856d0 JavaThread "C2 CompilerThread4" daemon [_thread_in_native, id=19652, stack(0x000000dcfbf00000,0x000000dcfc000000)]
  0x00000229a749c970 JavaThread "pool-2-thread-1" [_thread_blocked, id=17436, stack(0x000000dcfc300000,0x000000dcfc400000)]
  0x00000229a749d310 JavaThread "pool-1-thread-1" [_thread_in_vm, id=24868, stack(0x000000dcfc000000,0x000000dcfc100000)]

Other Threads:
  0x00000229a52f5d70 VMThread "VM Thread" [stack: 0x000000dcf9300000,0x000000dcf9400000] [id=24788]
  0x00000229a7234c40 WatcherThread [stack: 0x000000dcfa200000,0x000000dcfa300000] [id=16488]
  0x000002298f9080e0 GCTaskThread "GC Thread#0" [stack: 0x000000dcf9200000,0x000000dcf9300000] [id=21660]
  0x00000229a78899c0 GCTaskThread "GC Thread#1" [stack: 0x000000dcfa000000,0x000000dcfa100000] [id=10744]
  0x00000229a75f3460 GCTaskThread "GC Thread#2" [stack: 0x000000dcfa300000,0x000000dcfa400000] [id=6904]
  0x00000229a76f1740 GCTaskThread "GC Thread#3" [stack: 0x000000dcfa400000,0x000000dcfa500000] [id=18784]
  0x00000229a76f19f0 GCTaskThread "GC Thread#4" [stack: 0x000000dcfa500000,0x000000dcfa600000] [id=2336]
  0x00000229a76f1ca0 GCTaskThread "GC Thread#5" [stack: 0x000000dcfa600000,0x000000dcfa700000] [id=5276]
  0x00000229a76f1f50 GCTaskThread "GC Thread#6" [stack: 0x000000dcfa700000,0x000000dcfa800000] [id=10100]
  0x00000229a72a6f60 GCTaskThread "GC Thread#7" [stack: 0x000000dcfab00000,0x000000dcfac00000] [id=3576]
  0x00000229a77f8020 GCTaskThread "GC Thread#8" [stack: 0x000000dcfb100000,0x000000dcfb200000] [id=3304]
  0x00000229a77f82d0 GCTaskThread "GC Thread#9" [stack: 0x000000dcfb200000,0x000000dcfb300000] [id=20824]
  0x00000229a77f8580 GCTaskThread "GC Thread#10" [stack: 0x000000dcfb300000,0x000000dcfb400000] [id=3564]
  0x00000229a77f8830 GCTaskThread "GC Thread#11" [stack: 0x000000dcfb400000,0x000000dcfb500000] [id=3608]
  0x00000229a74bfe10 GCTaskThread "GC Thread#12" [stack: 0x000000dcfb700000,0x000000dcfb800000] [id=14880]

Threads with active compile tasks:
C2 CompilerThread2    16763 3968   !   4       org.eclipse.osgi.internal.loader.BundleLoader::findClass0 (466 bytes)
C2 CompilerThread3    16763 3807   !   4       org.eclipse.osgi.internal.loader.classpath.ClasspathManager::findLocalClass (210 bytes)
C2 CompilerThread4    16763 3790   !   4       org.eclipse.osgi.internal.loader.classpath.ClasspathManager::findClassImpl (308 bytes)

VM state: not at safepoint (normal execution)

VM Mutex/Monitor currently owned by a thread:  ([mutex/lock_event])
[0x000002298f8ec7f0] Metaspace_lock - owner thread: 0x00000229a749e180

Heap address: 0x00000000c0000000, size: 1024 MB, Compressed Oops mode: 32-bit

CDS archive(s) not mapped
Compressed class space mapped at: 0x0000000100000000-0x0000000140000000, reserved size: 1073741824
Narrow klass base: 0x0000000000000000, Narrow klass shift: 3, Narrow klass range: 0x140000000

GC Precious Log:
 CPUs: 16 total, 16 available
 Memory: 23983M
 Large Page Support: Disabled
 NUMA Support: Disabled
 Compressed Oops: Enabled (32-bit)
 Alignments: Space 512K, Generation 512K, Heap 2M
 Heap Min Capacity: 100M
 Heap Initial Capacity: 100M
 Heap Max Capacity: 1G
 Pre-touch: Disabled
 Parallel Workers: 13

Heap:
 PSYoungGen      total 24576K, used 21673K [0x00000000eab00000, 0x00000000ec600000, 0x0000000100000000)
  eden space 23040K, 88% used [0x00000000eab00000,0x00000000ebf02b08,0x00000000ec180000)
  from space 1536K, 77% used [0x00000000ec480000,0x00000000ec5a7c20,0x00000000ec600000)
  to   space 1536K, 0% used [0x00000000ec300000,0x00000000ec300000,0x00000000ec480000)
 ParOldGen       total 68608K, used 12362K [0x00000000c0000000, 0x00000000c4300000, 0x00000000eab00000)
  object space 68608K, 18% used [0x00000000c0000000,0x00000000c0c12870,0x00000000c4300000)
 Metaspace       used 40191K, committed 41024K, reserved 1089536K
  class space    used 4256K, committed 4672K, reserved 1048576K

Card table byte_map: [0x000002298f2b0000,0x000002298f4c0000] _byte_map_base: 0x000002298ecb0000

Marking Bits: (ParMarkBitMap*) 0x00007ffd1b4d3e70
 Begin Bits: [0x00000229a1570000, 0x00000229a2570000)
 End Bits:   [0x00000229a2570000, 0x00000229a3570000)

Polling page: 0x000002298d8f0000

Metaspace:

Usage:
  Non-class:     35.09 MB used.
      Class:      4.16 MB used.
       Both:     39.25 MB used.

Virtual space:
  Non-class space:       40.00 MB reserved,      35.50 MB ( 89%) committed,  5 nodes.
      Class space:        1.00 GB reserved,       4.56 MB ( <1%) committed,  1 nodes.
             Both:        1.04 GB reserved,      40.06 MB (  4%) committed. 

Chunk freelists:
   Non-Class:  496.00 KB
       Class:  3.28 MB
        Both:  3.77 MB

MaxMetaspaceSize: unlimited
CompressedClassSpaceSize: 1.00 GB
Initial GC threshold: 21.00 MB
Current GC threshold: 58.38 MB
CDS: off
MetaspaceReclaimPolicy: balanced
 - commit_granule_bytes: 65536.
 - commit_granule_words: 8192.
 - virtual_space_node_default_size: 1048576.
 - enlarge_chunks_in_place: 1.
 - new_chunks_are_fully_committed: 0.
 - uncommit_free_chunks: 1.
 - use_allocation_guard: 0.
 - handle_deallocations: 1.


Internal statistics:

num_allocs_failed_limit: 6.
num_arena_births: 550.
num_arena_deaths: 14.
num_vsnodes_births: 6.
num_vsnodes_deaths: 0.
num_space_committed: 641.
num_space_uncommitted: 0.
num_chunks_returned_to_freelist: 20.
num_chunks_taken_from_freelist: 2015.
num_chunk_merges: 10.
num_chunk_splits: 1237.
num_chunks_enlarged: 672.
num_purges: 2.
num_inconsistent_stats: 0.

CodeHeap 'non-profiled nmethods': size=119168Kb used=1927Kb max_used=1927Kb free=117240Kb
 bounds [0x000002299a110000, 0x000002299a380000, 0x00000229a1570000]
CodeHeap 'profiled nmethods': size=119104Kb used=8291Kb max_used=8291Kb free=110813Kb
 bounds [0x0000022992570000, 0x0000022992d90000, 0x00000229999c0000]
CodeHeap 'non-nmethods': size=7488Kb used=2957Kb max_used=3029Kb free=4530Kb
 bounds [0x00000229999c0000, 0x0000022999cc0000, 0x000002299a110000]
 total_blobs=4627 nmethods=4034 adapters=503
 compilation: enabled
              stopped_count=0, restarted_count=0
 full_count=0

Compilation events (20 events):
Event: 16.699 Thread 0x00000229a7686b10 4030       3       com.google.inject.internal.Annotations::isBindingAnnotation (8 bytes)
Event: 16.699 Thread 0x00000229a76851c0 4031       3       com.google.inject.internal.Annotations$AnnotationChecker::hasAnnotations (17 bytes)
Event: 16.699 Thread 0x00000229a7686600 4032   !   3       com.google.common.cache.LocalCache$LocalLoadingCache::getUnchecked (19 bytes)
Event: 16.699 Thread 0x00000229a5368db0 4033       3       com.google.common.cache.LocalCache$LocalLoadingCache::get (9 bytes)
Event: 16.700 Thread 0x00000229a5368db0 nmethod 4033 0x0000022992d84b10 code [0x0000022992d84cc0, 0x0000022992d84e88]
Event: 16.700 Thread 0x00000229a5368db0 4034       3       com.google.common.cache.LocalCache::getOrLoad (10 bytes)
Event: 16.700 Thread 0x00000229a7686600 nmethod 4032 0x0000022992d84f90 code [0x0000022992d85160, 0x0000022992d85548]
Event: 16.700 Thread 0x00000229a76851c0 nmethod 4031 0x0000022992d85710 code [0x0000022992d85900, 0x0000022992d85ea8]
Event: 16.700 Thread 0x00000229a7686600 4035       3       com.google.common.cache.LocalCache::get (21 bytes)
Event: 16.700 Thread 0x00000229a76851c0 4036       3       com.google.common.cache.LocalCache::hash (14 bytes)
Event: 16.700 Thread 0x00000229a5368db0 nmethod 4034 0x0000022992d86190 code [0x0000022992d86340, 0x0000022992d86488]
Event: 16.700 Thread 0x00000229a5368db0 4037       3       com.google.common.base.Equivalence::hash (12 bytes)
Event: 16.700 Thread 0x00000229a7686b10 nmethod 4030 0x0000022992d86510 code [0x0000022992d86720, 0x0000022992d86d48]
Event: 16.700 Thread 0x00000229a76851c0 nmethod 4036 0x0000022992d87090 code [0x0000022992d87240, 0x0000022992d874d8]
Event: 16.700 Thread 0x00000229a5368db0 nmethod 4037 0x0000022992d87610 code [0x0000022992d877c0, 0x0000022992d879e8]
Event: 16.700 Thread 0x00000229a7686b10 4038       3       com.google.common.base.Equivalence$Identity::doHash (5 bytes)
Event: 16.700 Thread 0x00000229a76851c0 4039       3       com.google.common.cache.LocalCache::rehash (49 bytes)
Event: 16.700 Thread 0x00000229a7686600 nmethod 4035 0x0000022992d87a90 code [0x0000022992d87ca0, 0x0000022992d88238]
Event: 16.700 Thread 0x00000229a76851c0 nmethod 4039 0x0000022992d88510 code [0x0000022992d886a0, 0x0000022992d887d8]
Event: 16.700 Thread 0x00000229a7686b10 nmethod 4038 0x0000022992d88890 code [0x0000022992d88a20, 0x0000022992d88b68]

GC Heap History (20 events):
Event: 9.016 GC heap before
{Heap before GC invocations=3 (full 0):
 PSYoungGen      total 29696K, used 29665K [0x00000000eab00000, 0x00000000ecc00000, 0x0000000100000000)
  eden space 25600K, 99% used [0x00000000eab00000,0x00000000ec3fcd18,0x00000000ec400000)
  from space 4096K, 99% used [0x00000000ec800000,0x00000000ecbfba58,0x00000000ecc00000)
  to   space 4096K, 0% used [0x00000000ec400000,0x00000000ec400000,0x00000000ec800000)
 ParOldGen       total 68608K, used 1352K [0x00000000c0000000, 0x00000000c4300000, 0x00000000eab00000)
  object space 68608K, 1% used [0x00000000c0000000,0x00000000c0152318,0x00000000c4300000)
 Metaspace       used 19801K, committed 20224K, reserved 1073152K
  class space    used 1986K, committed 2176K, reserved 1048576K
}
Event: 9.022 GC heap after
{Heap after GC invocations=3 (full 0):
 PSYoungGen      total 29696K, used 4070K [0x00000000eab00000, 0x00000000ecc00000, 0x0000000100000000)
  eden space 25600K, 0% used [0x00000000eab00000,0x00000000eab00000,0x00000000ec400000)
  from space 4096K, 99% used [0x00000000ec400000,0x00000000ec7f9888,0x00000000ec800000)
  to   space 4096K, 0% used [0x00000000ec800000,0x00000000ec800000,0x00000000ecc00000)
 ParOldGen       total 68608K, used 3720K [0x00000000c0000000, 0x00000000c4300000, 0x00000000eab00000)
  object space 68608K, 5% used [0x00000000c0000000,0x00000000c03a20b8,0x00000000c4300000)
 Metaspace       used 19801K, committed 20224K, reserved 1073152K
  class space    used 1986K, committed 2176K, reserved 1048576K
}
Event: 9.425 GC heap before
{Heap before GC invocations=4 (full 0):
 PSYoungGen      total 29696K, used 11856K [0x00000000eab00000, 0x00000000ecc00000, 0x0000000100000000)
  eden space 25600K, 30% used [0x00000000eab00000,0x00000000eb29aa80,0x00000000ec400000)
  from space 4096K, 99% used [0x00000000ec400000,0x00000000ec7f9888,0x00000000ec800000)
  to   space 4096K, 0% used [0x00000000ec800000,0x00000000ec800000,0x00000000ecc00000)
 ParOldGen       total 68608K, used 3720K [0x00000000c0000000, 0x00000000c4300000, 0x00000000eab00000)
  object space 68608K, 5% used [0x00000000c0000000,0x00000000c03a20b8,0x00000000c4300000)
 Metaspace       used 21103K, committed 21504K, reserved 1073152K
  class space    used 2122K, committed 2304K, reserved 1048576K
}
Event: 9.428 GC heap after
{Heap after GC invocations=4 (full 0):
 PSYoungGen      total 29696K, used 4077K [0x00000000eab00000, 0x00000000ecc00000, 0x0000000100000000)
  eden space 25600K, 0% used [0x00000000eab00000,0x00000000eab00000,0x00000000ec400000)
  from space 4096K, 99% used [0x00000000ec800000,0x00000000ecbfb420,0x00000000ecc00000)
  to   space 4096K, 0% used [0x00000000ec400000,0x00000000ec400000,0x00000000ec800000)
 ParOldGen       total 68608K, used 3984K [0x00000000c0000000, 0x00000000c4300000, 0x00000000eab00000)
  object space 68608K, 5% used [0x00000000c0000000,0x00000000c03e40d8,0x00000000c4300000)
 Metaspace       used 21103K, committed 21504K, reserved 1073152K
  class space    used 2122K, committed 2304K, reserved 1048576K
}
Event: 9.428 GC heap before
{Heap before GC invocations=5 (full 1):
 PSYoungGen      total 29696K, used 4077K [0x00000000eab00000, 0x00000000ecc00000, 0x0000000100000000)
  eden space 25600K, 0% used [0x00000000eab00000,0x00000000eab00000,0x00000000ec400000)
  from space 4096K, 99% used [0x00000000ec800000,0x00000000ecbfb420,0x00000000ecc00000)
  to   space 4096K, 0% used [0x00000000ec400000,0x00000000ec400000,0x00000000ec800000)
 ParOldGen       total 68608K, used 3984K [0x00000000c0000000, 0x00000000c4300000, 0x00000000eab00000)
  object space 68608K, 5% used [0x00000000c0000000,0x00000000c03e40d8,0x00000000c4300000)
 Metaspace       used 21103K, committed 21504K, reserved 1073152K
  class space    used 2122K, committed 2304K, reserved 1048576K
}
Event: 9.462 GC heap after
{Heap after GC invocations=5 (full 1):
 PSYoungGen      total 29696K, used 0K [0x00000000eab00000, 0x00000000ecc00000, 0x0000000100000000)
  eden space 25600K, 0% used [0x00000000eab00000,0x00000000eab00000,0x00000000ec400000)
  from space 4096K, 0% used [0x00000000ec800000,0x00000000ec800000,0x00000000ecc00000)
  to   space 4096K, 0% used [0x00000000ec400000,0x00000000ec400000,0x00000000ec800000)
 ParOldGen       total 68608K, used 7867K [0x00000000c0000000, 0x00000000c4300000, 0x00000000eab00000)
  object space 68608K, 11% used [0x00000000c0000000,0x00000000c07aece8,0x00000000c4300000)
 Metaspace       used 21090K, committed 21504K, reserved 1073152K
  class space    used 2119K, committed 2304K, reserved 1048576K
}
Event: 13.954 GC heap before
{Heap before GC invocations=6 (full 1):
 PSYoungGen      total 29696K, used 25600K [0x00000000eab00000, 0x00000000ecc00000, 0x0000000100000000)
  eden space 25600K, 100% used [0x00000000eab00000,0x00000000ec400000,0x00000000ec400000)
  from space 4096K, 0% used [0x00000000ec800000,0x00000000ec800000,0x00000000ecc00000)
  to   space 4096K, 0% used [0x00000000ec400000,0x00000000ec400000,0x00000000ec800000)
 ParOldGen       total 68608K, used 7867K [0x00000000c0000000, 0x00000000c4300000, 0x00000000eab00000)
  object space 68608K, 11% used [0x00000000c0000000,0x00000000c07aece8,0x00000000c4300000)
 Metaspace       used 24317K, committed 24896K, reserved 1073152K
  class space    used 2538K, committed 2816K, reserved 1048576K
}
Event: 13.957 GC heap after
{Heap after GC invocations=6 (full 1):
 PSYoungGen      total 27136K, used 2033K [0x00000000eab00000, 0x00000000ec980000, 0x0000000100000000)
  eden space 25088K, 0% used [0x00000000eab00000,0x00000000eab00000,0x00000000ec380000)
  from space 2048K, 99% used [0x00000000ec400000,0x00000000ec5fc738,0x00000000ec600000)
  to   space 3072K, 0% used [0x00000000ec680000,0x00000000ec680000,0x00000000ec980000)
 ParOldGen       total 68608K, used 7875K [0x00000000c0000000, 0x00000000c4300000, 0x00000000eab00000)
  object space 68608K, 11% used [0x00000000c0000000,0x00000000c07b0ce8,0x00000000c4300000)
 Metaspace       used 24317K, committed 24896K, reserved 1073152K
  class space    used 2538K, committed 2816K, reserved 1048576K
}
Event: 14.376 GC heap before
{Heap before GC invocations=7 (full 1):
 PSYoungGen      total 27136K, used 27121K [0x00000000eab00000, 0x00000000ec980000, 0x0000000100000000)
  eden space 25088K, 100% used [0x00000000eab00000,0x00000000ec380000,0x00000000ec380000)
  from space 2048K, 99% used [0x00000000ec400000,0x00000000ec5fc738,0x00000000ec600000)
  to   space 3072K, 0% used [0x00000000ec680000,0x00000000ec680000,0x00000000ec980000)
 ParOldGen       total 68608K, used 7875K [0x00000000c0000000, 0x00000000c4300000, 0x00000000eab00000)
  object space 68608K, 11% used [0x00000000c0000000,0x00000000c07b0ce8,0x00000000c4300000)
 Metaspace       used 27679K, committed 28352K, reserved 1081344K
  class space    used 2773K, committed 3072K, reserved 1048576K
}
Event: 14.378 GC heap after
{Heap after GC invocations=7 (full 1):
 PSYoungGen      total 27648K, used 2783K [0x00000000eab00000, 0x00000000ec980000, 0x0000000100000000)
  eden space 24576K, 0% used [0x00000000eab00000,0x00000000eab00000,0x00000000ec300000)
  from space 3072K, 90% used [0x00000000ec680000,0x00000000ec937e50,0x00000000ec980000)
  to   space 3072K, 0% used [0x00000000ec380000,0x00000000ec380000,0x00000000ec680000)
 ParOldGen       total 68608K, used 7883K [0x00000000c0000000, 0x00000000c4300000, 0x00000000eab00000)
  object space 68608K, 11% used [0x00000000c0000000,0x00000000c07b2ce8,0x00000000c4300000)
 Metaspace       used 27679K, committed 28352K, reserved 1081344K
  class space    used 2773K, committed 3072K, reserved 1048576K
}
Event: 14.742 GC heap before
{Heap before GC invocations=8 (full 1):
 PSYoungGen      total 27648K, used 27359K [0x00000000eab00000, 0x00000000ec980000, 0x0000000100000000)
  eden space 24576K, 100% used [0x00000000eab00000,0x00000000ec300000,0x00000000ec300000)
  from space 3072K, 90% used [0x00000000ec680000,0x00000000ec937e50,0x00000000ec980000)
  to   space 3072K, 0% used [0x00000000ec380000,0x00000000ec380000,0x00000000ec680000)
 ParOldGen       total 68608K, used 7883K [0x00000000c0000000, 0x00000000c4300000, 0x00000000eab00000)
  object space 68608K, 11% used [0x00000000c0000000,0x00000000c07b2ce8,0x00000000c4300000)
 Metaspace       used 30624K, committed 31296K, reserved 1081344K
  class space    used 3018K, committed 3328K, reserved 1048576K
}
Event: 14.745 GC heap after
{Heap after GC invocations=8 (full 1):
 PSYoungGen      total 27136K, used 3060K [0x00000000eab00000, 0x00000000ec980000, 0x0000000100000000)
  eden space 24064K, 0% used [0x00000000eab00000,0x00000000eab00000,0x00000000ec280000)
  from space 3072K, 99% used [0x00000000ec380000,0x00000000ec67d238,0x00000000ec680000)
  to   space 3072K, 0% used [0x00000000ec680000,0x00000000ec680000,0x00000000ec980000)
 ParOldGen       total 68608K, used 8051K [0x00000000c0000000, 0x00000000c4300000, 0x00000000eab00000)
  object space 68608K, 11% used [0x00000000c0000000,0x00000000c07dcce8,0x00000000c4300000)
 Metaspace       used 30624K, committed 31296K, reserved 1081344K
  class space    used 3018K, committed 3328K, reserved 1048576K
}
Event: 15.464 GC heap before
{Heap before GC invocations=9 (full 1):
 PSYoungGen      total 27136K, used 27124K [0x00000000eab00000, 0x00000000ec980000, 0x0000000100000000)
  eden space 24064K, 100% used [0x00000000eab00000,0x00000000ec280000,0x00000000ec280000)
  from space 3072K, 99% used [0x00000000ec380000,0x00000000ec67d238,0x00000000ec680000)
  to   space 3072K, 0% used [0x00000000ec680000,0x00000000ec680000,0x00000000ec980000)
 ParOldGen       total 68608K, used 8051K [0x00000000c0000000, 0x00000000c4300000, 0x00000000eab00000)
  object space 68608K, 11% used [0x00000000c0000000,0x00000000c07dcce8,0x00000000c4300000)
 Metaspace       used 34670K, committed 35456K, reserved 1081344K
  class space    used 3523K, committed 3904K, reserved 1048576K
}
Event: 15.467 GC heap after
{Heap after GC invocations=9 (full 1):
 PSYoungGen      total 26624K, used 3052K [0x00000000eab00000, 0x00000000ecb00000, 0x0000000100000000)
  eden space 23552K, 0% used [0x00000000eab00000,0x00000000eab00000,0x00000000ec200000)
  from space 3072K, 99% used [0x00000000ec680000,0x00000000ec97b2c8,0x00000000ec980000)
  to   space 4608K, 0% used [0x00000000ec200000,0x00000000ec200000,0x00000000ec680000)
 ParOldGen       total 68608K, used 9105K [0x00000000c0000000, 0x00000000c4300000, 0x00000000eab00000)
  object space 68608K, 13% used [0x00000000c0000000,0x00000000c08e4498,0x00000000c4300000)
 Metaspace       used 34670K, committed 35456K, reserved 1081344K
  class space    used 3523K, committed 3904K, reserved 1048576K
}
Event: 15.529 GC heap before
{Heap before GC invocations=10 (full 1):
 PSYoungGen      total 26624K, used 6457K [0x00000000eab00000, 0x00000000ecb00000, 0x0000000100000000)
  eden space 23552K, 14% used [0x00000000eab00000,0x00000000eae534c8,0x00000000ec200000)
  from space 3072K, 99% used [0x00000000ec680000,0x00000000ec97b2c8,0x00000000ec980000)
  to   space 4608K, 0% used [0x00000000ec200000,0x00000000ec200000,0x00000000ec680000)
 ParOldGen       total 68608K, used 9105K [0x00000000c0000000, 0x00000000c4300000, 0x00000000eab00000)
  object space 68608K, 13% used [0x00000000c0000000,0x00000000c08e4498,0x00000000c4300000)
 Metaspace       used 35068K, committed 35840K, reserved 1081344K
  class space    used 3578K, committed 3904K, reserved 1048576K
}
Event: 15.532 GC heap after
{Heap after GC invocations=10 (full 1):
 PSYoungGen      total 25600K, used 1613K [0x00000000eab00000, 0x00000000ec700000, 0x0000000100000000)
  eden space 23552K, 0% used [0x00000000eab00000,0x00000000eab00000,0x00000000ec200000)
  from space 2048K, 78% used [0x00000000ec200000,0x00000000ec393738,0x00000000ec400000)
  to   space 2560K, 0% used [0x00000000ec480000,0x00000000ec480000,0x00000000ec700000)
 ParOldGen       total 68608K, used 11151K [0x00000000c0000000, 0x00000000c4300000, 0x00000000eab00000)
  object space 68608K, 16% used [0x00000000c0000000,0x00000000c0ae3d38,0x00000000c4300000)
 Metaspace       used 35068K, committed 35840K, reserved 1081344K
  class space    used 3578K, committed 3904K, reserved 1048576K
}
Event: 15.532 GC heap before
{Heap before GC invocations=11 (full 2):
 PSYoungGen      total 25600K, used 1613K [0x00000000eab00000, 0x00000000ec700000, 0x0000000100000000)
  eden space 23552K, 0% used [0x00000000eab00000,0x00000000eab00000,0x00000000ec200000)
  from space 2048K, 78% used [0x00000000ec200000,0x00000000ec393738,0x00000000ec400000)
  to   space 2560K, 0% used [0x00000000ec480000,0x00000000ec480000,0x00000000ec700000)
 ParOldGen       total 68608K, used 11151K [0x00000000c0000000, 0x00000000c4300000, 0x00000000eab00000)
  object space 68608K, 16% used [0x00000000c0000000,0x00000000c0ae3d38,0x00000000c4300000)
 Metaspace       used 35068K, committed 35840K, reserved 1081344K
  class space    used 3578K, committed 3904K, reserved 1048576K
}
Event: 15.562 GC heap after
{Heap after GC invocations=11 (full 2):
 PSYoungGen      total 25600K, used 0K [0x00000000eab00000, 0x00000000ec700000, 0x0000000100000000)
  eden space 23552K, 0% used [0x00000000eab00000,0x00000000eab00000,0x00000000ec200000)
  from space 2048K, 0% used [0x00000000ec200000,0x00000000ec200000,0x00000000ec400000)
  to   space 2560K, 0% used [0x00000000ec480000,0x00000000ec480000,0x00000000ec700000)
 ParOldGen       total 68608K, used 12354K [0x00000000c0000000, 0x00000000c4300000, 0x00000000eab00000)
  object space 68608K, 18% used [0x00000000c0000000,0x00000000c0c10870,0x00000000c4300000)
 Metaspace       used 35068K, committed 35840K, reserved 1081344K
  class space    used 3578K, committed 3904K, reserved 1048576K
}
Event: 16.219 GC heap before
{Heap before GC invocations=12 (full 2):
 PSYoungGen      total 25600K, used 23552K [0x00000000eab00000, 0x00000000ec700000, 0x0000000100000000)
  eden space 23552K, 100% used [0x00000000eab00000,0x00000000ec200000,0x00000000ec200000)
  from space 2048K, 0% used [0x00000000ec200000,0x00000000ec200000,0x00000000ec400000)
  to   space 2560K, 0% used [0x00000000ec480000,0x00000000ec480000,0x00000000ec700000)
 ParOldGen       total 68608K, used 12354K [0x00000000c0000000, 0x00000000c4300000, 0x00000000eab00000)
  object space 68608K, 18% used [0x00000000c0000000,0x00000000c0c10870,0x00000000c4300000)
 Metaspace       used 37680K, committed 38528K, reserved 1089536K
  class space    used 3918K, committed 4352K, reserved 1048576K
}
Event: 16.221 GC heap after
{Heap after GC invocations=12 (full 2):
 PSYoungGen      total 24576K, used 1183K [0x00000000eab00000, 0x00000000ec600000, 0x0000000100000000)
  eden space 23040K, 0% used [0x00000000eab00000,0x00000000eab00000,0x00000000ec180000)
  from space 1536K, 77% used [0x00000000ec480000,0x00000000ec5a7c20,0x00000000ec600000)
  to   space 1536K, 0% used [0x00000000ec300000,0x00000000ec300000,0x00000000ec480000)
 ParOldGen       total 68608K, used 12362K [0x00000000c0000000, 0x00000000c4300000, 0x00000000eab00000)
  object space 68608K, 18% used [0x00000000c0000000,0x00000000c0c12870,0x00000000c4300000)
 Metaspace       used 37680K, committed 38528K, reserved 1089536K
  class space    used 3918K, committed 4352K, reserved 1048576K
}

Dll operation events (10 events):
Event: 0.017 Loaded shared library c:\Users\kiemp\.vscode\extensions\redhat.java-1.16.0-win32-x64\jre\17.0.6-win32-x86_64\bin\java.dll
Event: 0.252 Loaded shared library c:\Users\kiemp\.vscode\extensions\redhat.java-1.16.0-win32-x64\jre\17.0.6-win32-x86_64\bin\zip.dll
Event: 0.258 Loaded shared library C:\Users\kiemp\.vscode\extensions\redhat.java-1.16.0-win32-x64\jre\17.0.6-win32-x86_64\bin\instrument.dll
Event: 0.279 Loaded shared library C:\Users\kiemp\.vscode\extensions\redhat.java-1.16.0-win32-x64\jre\17.0.6-win32-x86_64\bin\net.dll
Event: 0.282 Loaded shared library C:\Users\kiemp\.vscode\extensions\redhat.java-1.16.0-win32-x64\jre\17.0.6-win32-x86_64\bin\nio.dll
Event: 0.294 Loaded shared library C:\Users\kiemp\.vscode\extensions\redhat.java-1.16.0-win32-x64\jre\17.0.6-win32-x86_64\bin\zip.dll
Event: 0.324 Loaded shared library C:\Users\kiemp\.vscode\extensions\redhat.java-1.16.0-win32-x64\jre\17.0.6-win32-x86_64\bin\jimage.dll
Event: 0.426 Loaded shared library c:\Users\kiemp\.vscode\extensions\redhat.java-1.16.0-win32-x64\jre\17.0.6-win32-x86_64\bin\verify.dll
Event: 7.678 Loaded shared library C:\Users\kiemp\AppData\Roaming\Code\User\globalStorage\redhat.java\1.16.0\config_win\org.eclipse.equinox.launcher\org.eclipse.equinox.launcher.win32.win32.x86_64_1.2.700.v20221108-1024\eclipse_11801.dll
Event: 15.389 Loaded shared library C:\Users\kiemp\AppData\Local\Temp\jna-102045354\jna15281371924988555501.dll

Deoptimization events (20 events):
Event: 16.002 Thread 0x00000229a749e180 Uncommon trap: trap_request=0xffffff66 fr.pc=0x000002299a2280fc relative=0x00000000000000dc
Event: 16.002 Thread 0x00000229a749e180 Uncommon trap: reason=speculate_class_check action=maybe_recompile pc=0x000002299a2280fc method=java.util.regex.Pattern$CharPredicate.lambda$negate$3(I)Z @ 2 c2
Event: 16.002 Thread 0x00000229a749e180 DEOPT PACKING pc=0x000002299a2280fc sp=0x000000dcfb5fe280
Event: 16.002 Thread 0x00000229a749e180 DEOPT UNPACKING pc=0x0000022999a166a3 sp=0x000000dcfb5fe1a0 mode 2
Event: 16.002 Thread 0x00000229a749e180 Uncommon trap: trap_request=0xffffff66 fr.pc=0x000002299a2280fc relative=0x00000000000000dc
Event: 16.002 Thread 0x00000229a749e180 Uncommon trap: reason=speculate_class_check action=maybe_recompile pc=0x000002299a2280fc method=java.util.regex.Pattern$CharPredicate.lambda$negate$3(I)Z @ 2 c2
Event: 16.002 Thread 0x00000229a749e180 DEOPT PACKING pc=0x000002299a2280fc sp=0x000000dcfb5fe280
Event: 16.002 Thread 0x00000229a749e180 DEOPT UNPACKING pc=0x0000022999a166a3 sp=0x000000dcfb5fe1a0 mode 2
Event: 16.002 Thread 0x00000229a749e180 Uncommon trap: trap_request=0xffffff66 fr.pc=0x000002299a2280fc relative=0x00000000000000dc
Event: 16.002 Thread 0x00000229a749e180 Uncommon trap: reason=speculate_class_check action=maybe_recompile pc=0x000002299a2280fc method=java.util.regex.Pattern$CharPredicate.lambda$negate$3(I)Z @ 2 c2
Event: 16.002 Thread 0x00000229a749e180 DEOPT PACKING pc=0x000002299a2280fc sp=0x000000dcfb5fe280
Event: 16.002 Thread 0x00000229a749e180 DEOPT UNPACKING pc=0x0000022999a166a3 sp=0x000000dcfb5fe1a0 mode 2
Event: 16.002 Thread 0x00000229a749e180 Uncommon trap: trap_request=0xffffff45 fr.pc=0x000002299a282b30 relative=0x0000000000000330
Event: 16.002 Thread 0x00000229a749e180 Uncommon trap: reason=unstable_if action=reinterpret pc=0x000002299a282b30 method=sun.nio.cs.StreamDecoder.implRead([CII)I @ 197 c2
Event: 16.002 Thread 0x00000229a749e180 DEOPT PACKING pc=0x000002299a282b30 sp=0x000000dcfb5fe160
Event: 16.002 Thread 0x00000229a749e180 DEOPT UNPACKING pc=0x0000022999a166a3 sp=0x000000dcfb5fe120 mode 2
Event: 16.578 Thread 0x000002298f8f1dc0 Uncommon trap: trap_request=0xffffff45 fr.pc=0x000002299a22fa10 relative=0x0000000000005ab0
Event: 16.578 Thread 0x000002298f8f1dc0 Uncommon trap: reason=unstable_if action=reinterpret pc=0x000002299a22fa10 method=jdk.internal.org.objectweb.asm.Frame.execute(IILjdk/internal/org/objectweb/asm/Symbol;Ljdk/internal/org/objectweb/asm/SymbolTable;)V @ 1 c2
Event: 16.578 Thread 0x000002298f8f1dc0 DEOPT PACKING pc=0x000002299a22fa10 sp=0x000000dcf91fdbe0
Event: 16.578 Thread 0x000002298f8f1dc0 DEOPT UNPACKING pc=0x0000022999a166a3 sp=0x000000dcf91fdb78 mode 2

Classes unloaded (7 events):
Event: 9.433 Thread 0x00000229a52f5d70 Unloading class 0x000000010021a400 'java/lang/invoke/LambdaForm$MH+0x000000010021a400'
Event: 9.433 Thread 0x00000229a52f5d70 Unloading class 0x000000010021a000 'java/lang/invoke/LambdaForm$MH+0x000000010021a000'
Event: 9.433 Thread 0x00000229a52f5d70 Unloading class 0x0000000100219c00 'java/lang/invoke/LambdaForm$MH+0x0000000100219c00'
Event: 9.433 Thread 0x00000229a52f5d70 Unloading class 0x0000000100219400 'java/lang/invoke/LambdaForm$MH+0x0000000100219400'
Event: 9.433 Thread 0x00000229a52f5d70 Unloading class 0x0000000100219000 'java/lang/invoke/LambdaForm$BMH+0x0000000100219000'
Event: 9.433 Thread 0x00000229a52f5d70 Unloading class 0x0000000100218c00 'java/lang/invoke/LambdaForm$DMH+0x0000000100218c00'
Event: 9.433 Thread 0x00000229a52f5d70 Unloading class 0x0000000100216000 'java/lang/invoke/LambdaForm$DMH+0x0000000100216000'

Classes redefined (0 events):
No events

Internal exceptions (20 events):
Event: 14.731 Thread 0x00000229a7d4bab0 Exception <a 'java/lang/ClassNotFoundException'{0x00000000ec28c748}: com/sun/org/apache/xerces/internal/impl/msg/spi/XMLSerializerMessagesProvider> (0x00000000ec28c748) 
thrown [s\src\hotspot\share\classfile\systemDictionary.cpp, line 256]
Event: 14.732 Thread 0x00000229a7d4bab0 Exception <a 'java/lang/ClassNotFoundException'{0x00000000ec2999d0}: com/sun/org/apache/xerces/internal/impl/msg/spi/XMLMessagesProvider> (0x00000000ec2999d0) 
thrown [s\src\hotspot\share\classfile\systemDictionary.cpp, line 256]
Event: 14.799 Thread 0x00000229a7d4bab0 Exception <a 'java/lang/NoSuchMethodError'{0x00000000eac6c2c0}: 'void java.lang.invoke.DirectMethodHandle$Holder.invokeVirtual(java.lang.Object, java.lang.Object)'> (0x00000000eac6c2c0) 
thrown [s\src\hotspot\share\interpreter\linkResolver.cpp, line 759]
Event: 14.842 Thread 0x00000229a7d4bab0 Exception <a 'java/lang/NoSuchMethodError'{0x00000000eadd9780}: 'java.lang.Object java.lang.invoke.DirectMethodHandle$Holder.invokeStaticInit(java.lang.Object, int, int, int, int)'> (0x00000000eadd9780) 
thrown [s\src\hotspot\share\interpreter\linkResolver.cpp, line 759]
Event: 14.960 Thread 0x00000229a7d4bab0 Exception <a 'java/lang/NoSuchMethodError'{0x00000000eaf077c8}: 'java.lang.Object java.lang.invoke.DirectMethodHandle$Holder.invokeStaticInit(java.lang.Object, java.lang.Object, int, int, int, int)'> (0x00000000eaf077c8) 
thrown [s\src\hotspot\share\interpreter\linkResolver.cpp, line 759]
Event: 15.087 Thread 0x00000229a7d4bab0 Exception <a 'java/lang/ClassNotFoundException'{0x00000000eb3497b8}: com/sun/org/apache/xml/internal/serializer/spi/XMLEntitiesProvider> (0x00000000eb3497b8) 
thrown [s\src\hotspot\share\classfile\systemDictionary.cpp, line 256]
Event: 15.269 Thread 0x00000229a7d4bab0 Exception <a 'java/io/FileNotFoundException'{0x00000000eb9efda8}> (0x00000000eb9efda8) 
thrown [s\src\hotspot\share\prims\jni.cpp, line 516]
Event: 15.444 Thread 0x00000229a7d4bab0 Exception <a 'java/lang/UnsatisfiedLinkError'{0x00000000ec129670}: The specified procedure could not be found.
> (0x00000000ec129670) 
thrown [s\src\hotspot\share\prims\jni.cpp, line 535]
Event: 15.452 Thread 0x00000229a7d4bab0 Exception <a 'java/io/FileNotFoundException'{0x00000000ec191ee0}> (0x00000000ec191ee0) 
thrown [s\src\hotspot\share\prims\jni.cpp, line 516]
Event: 15.470 Thread 0x00000229a7d4bab0 Exception <a 'java/io/FileNotFoundException'{0x00000000eab13160}> (0x00000000eab13160) 
thrown [s\src\hotspot\share\prims\jni.cpp, line 516]
Event: 15.489 Thread 0x00000229a7d4bab0 Exception <a 'java/lang/UnsatisfiedLinkError'{0x00000000eabed448}: The specified procedure could not be found.
> (0x00000000eabed448) 
thrown [s\src\hotspot\share\prims\jni.cpp, line 535]
Event: 15.520 Thread 0x000002298f8f1dc0 Exception <a 'sun/nio/fs/WindowsException'{0x00000000eada04c0}> (0x00000000eada04c0) 
thrown [s\src\hotspot\share\prims\jni.cpp, line 516]
Event: 15.703 Thread 0x00000229a749e180 Exception <a 'java/lang/NoClassDefFoundError'{0x00000000eb13ae50}: javax/enterprise/inject/Typed> (0x00000000eb13ae50) 
thrown [s\src\hotspot\share\classfile\systemDictionary.cpp, line 245]
Event: 15.728 Thread 0x000002298f8f1dc0 Exception <a 'java/lang/NoSuchMethodError'{0x00000000eb318660}: 'java.lang.Object java.lang.invoke.DirectMethodHandle$Holder.invokeStatic(java.lang.Object, java.lang.Object, long, java.lang.Object)'> (0x00000000eb318660) 
thrown [s\src\hotspot\share\interpreter\linkResolver.cpp, line 759]
Event: 15.729 Thread 0x000002298f8f1dc0 Exception <a 'java/lang/NoSuchMethodError'{0x00000000eb31c0f8}: 'java.lang.Object java.lang.invoke.DirectMethodHandle$Holder.invokeStaticInit(java.lang.Object, java.lang.Object, long, java.lang.Object)'> (0x00000000eb31c0f8) 
thrown [s\src\hotspot\share\interpreter\linkResolver.cpp, line 759]
Event: 15.731 Thread 0x000002298f8f1dc0 Exception <a 'java/lang/NoSuchMethodError'{0x00000000eb322708}: 'java.lang.Object java.lang.invoke.DirectMethodHandle$Holder.newInvokeSpecial(java.lang.Object, java.lang.Object, long)'> (0x00000000eb322708) 
thrown [s\src\hotspot\share\interpreter\linkResolver.cpp, line 759]
Event: 15.731 Thread 0x000002298f8f1dc0 Exception <a 'java/lang/NoSuchMethodError'{0x00000000eb3263d0}: 'java.lang.Object java.lang.invoke.Invokers$Holder.linkToTargetMethod(java.lang.Object, long, java.lang.Object)'> (0x00000000eb3263d0) 
thrown [s\src\hotspot\share\interpreter\linkResolver.cpp, line 759]
Event: 15.863 Thread 0x000002298f8f1dc0 Exception <a 'java/lang/NoSuchMethodError'{0x00000000eb8986f8}: 'void java.lang.invoke.DirectMethodHandle$Holder.invokeStatic(java.lang.Object, java.lang.Object, java.lang.Object, java.lang.Object)'> (0x00000000eb8986f8) 
thrown [s\src\hotspot\share\interpreter\linkResolver.cpp, line 759]
Event: 16.558 Thread 0x000002298f8f1dc0 Exception <a 'java/lang/NoSuchMethodError'{0x00000000eb88b4d0}: 'void java.lang.invoke.DirectMethodHandle$Holder.invokeSpecial(java.lang.Object, java.lang.Object, java.lang.Object, java.lang.Object, java.lang.Object, java.lang.Object)'> (0x00000000eb88b4d0) 
thrown [s\src\hotspot\share\interpreter\linkResolver.cpp, line 759]
Event: 16.560 Thread 0x000002298f8f1dc0 Exception <a 'java/lang/IncompatibleClassChangeError'{0x00000000eb894608}: Found class java.lang.Object, but interface was expected> (0x00000000eb894608) 
thrown [s\src\hotspot\share\interpreter\linkResolver.cpp, line 826]

VM Operations (20 events):
Event: 15.112 Executing VM operation: HandshakeAllThreads
Event: 15.112 Executing VM operation: HandshakeAllThreads done
Event: 15.147 Executing VM operation: HandshakeAllThreads
Event: 15.147 Executing VM operation: HandshakeAllThreads done
Event: 15.251 Executing VM operation: HandshakeAllThreads
Event: 15.252 Executing VM operation: HandshakeAllThreads done
Event: 15.417 Executing VM operation: HandshakeAllThreads
Event: 15.417 Executing VM operation: HandshakeAllThreads done
Event: 15.463 Executing VM operation: ParallelGCFailedAllocation
Event: 15.467 Executing VM operation: ParallelGCFailedAllocation done
Event: 15.529 Executing VM operation: CollectForMetadataAllocation
Event: 15.562 Executing VM operation: CollectForMetadataAllocation done
Event: 15.672 Executing VM operation: HandshakeAllThreads
Event: 15.672 Executing VM operation: HandshakeAllThreads done
Event: 15.922 Executing VM operation: HandshakeAllThreads
Event: 15.922 Executing VM operation: HandshakeAllThreads done
Event: 16.219 Executing VM operation: ParallelGCFailedAllocation
Event: 16.221 Executing VM operation: ParallelGCFailedAllocation done
Event: 16.597 Executing VM operation: HandshakeAllThreads
Event: 16.597 Executing VM operation: HandshakeAllThreads done

Events (20 events):
Event: 16.306 loading class sun/reflect/generics/tree/ArrayTypeSignature done
Event: 16.340 loading class sun/reflect/generics/tree/BooleanSignature
Event: 16.340 loading class sun/reflect/generics/tree/BooleanSignature done
Event: 16.494 Thread 0x00000229a7687a40 Thread exited: 0x00000229a7687a40
Event: 16.494 Thread 0x00000229adcb09d0 Thread exited: 0x00000229adcb09d0
Event: 16.514 loading class java/util/concurrent/atomic/AtomicIntegerArray
Event: 16.514 loading class java/util/concurrent/atomic/AtomicIntegerArray done
Event: 16.521 loading class java/util/Currency
Event: 16.522 loading class java/util/Currency done
Event: 16.532 loading class java/util/concurrent/atomic/AtomicLongArray
Event: 16.533 loading class java/util/concurrent/atomic/AtomicLongArray done
Event: 16.591 loading class sun/util/locale/provider/DateFormatProviderImpl
Event: 16.592 loading class sun/util/locale/provider/DateFormatProviderImpl done
Event: 16.612 Thread 0x00000229a749d310 Thread added: 0x00000229a749d310
Event: 16.624 loading class java/lang/InheritableThreadLocal
Event: 16.625 loading class java/lang/InheritableThreadLocal done
Event: 16.672 loading class sun/reflect/generics/repository/FieldRepository
Event: 16.672 loading class sun/reflect/generics/repository/FieldRepository done
Event: 16.684 loading class jdk/internal/reflect/UnsafeQualifiedIntegerFieldAccessorImpl
Event: 16.684 loading class jdk/internal/reflect/UnsafeQualifiedIntegerFieldAccessorImpl done


Dynamic libraries:
0x00007ff71a680000 - 0x00007ff71a68e000 	c:\Users\kiemp\.vscode\extensions\redhat.java-1.16.0-win32-x64\jre\17.0.6-win32-x86_64\bin\java.exe
0x00007ffda4630000 - 0x00007ffda4844000 	C:\WINDOWS\SYSTEM32\ntdll.dll
0x00007ffda2440000 - 0x00007ffda2502000 	C:\WINDOWS\System32\KERNEL32.DLL
0x00007ffda1aa0000 - 0x00007ffda1e3c000 	C:\WINDOWS\System32\KERNELBASE.dll
0x00007ffda2320000 - 0x00007ffda2431000 	C:\WINDOWS\System32\ucrtbase.dll
0x00007ffd734b0000 - 0x00007ffd734c7000 	c:\Users\kiemp\.vscode\extensions\redhat.java-1.16.0-win32-x64\jre\17.0.6-win32-x86_64\bin\jli.dll
0x00007ffda34d0000 - 0x00007ffda367b000 	C:\WINDOWS\System32\USER32.dll
0x00007ffda1a70000 - 0x00007ffda1a96000 	C:\WINDOWS\System32\win32u.dll
0x00007ffda3db0000 - 0x00007ffda3dd9000 	C:\WINDOWS\System32\GDI32.dll
0x00007ffda1e40000 - 0x00007ffda1f53000 	C:\WINDOWS\System32\gdi32full.dll
0x00007ffda1fd0000 - 0x00007ffda206a000 	C:\WINDOWS\System32\msvcp_win.dll
0x00007ffd713a0000 - 0x00007ffd713b9000 	c:\Users\kiemp\.vscode\extensions\redhat.java-1.16.0-win32-x64\jre\17.0.6-win32-x86_64\bin\VCRUNTIME140.dll
0x00007ffd8fe10000 - 0x00007ffd9009e000 	C:\WINDOWS\WinSxS\amd64_microsoft.windows.common-controls_6595b64144ccf1df_6.0.22621.608_none_a9444ca7c10bb01d\COMCTL32.dll
0x00007ffda29d0000 - 0x00007ffda2a77000 	C:\WINDOWS\System32\msvcrt.dll
0x00007ffda2990000 - 0x00007ffda29c1000 	C:\WINDOWS\System32\IMM32.DLL
0x00007ffd7ea10000 - 0x00007ffd7ea1c000 	c:\Users\kiemp\.vscode\extensions\redhat.java-1.16.0-win32-x64\jre\17.0.6-win32-x86_64\bin\vcruntime140_1.dll
0x00007ffd585c0000 - 0x00007ffd58651000 	c:\Users\kiemp\.vscode\extensions\redhat.java-1.16.0-win32-x64\jre\17.0.6-win32-x86_64\bin\msvcp140.dll
0x00007ffd1a950000 - 0x00007ffd1b597000 	c:\Users\kiemp\.vscode\extensions\redhat.java-1.16.0-win32-x64\jre\17.0.6-win32-x86_64\bin\server\jvm.dll
0x00007ffda3b40000 - 0x00007ffda3bee000 	C:\WINDOWS\System32\ADVAPI32.dll
0x00007ffda4270000 - 0x00007ffda4314000 	C:\WINDOWS\System32\sechost.dll
0x00007ffda3a20000 - 0x00007ffda3b35000 	C:\WINDOWS\System32\RPCRT4.dll
0x00007ffd88c60000 - 0x00007ffd88c69000 	C:\WINDOWS\SYSTEM32\WSOCK32.dll
0x00007ffd99250000 - 0x00007ffd99284000 	C:\WINDOWS\SYSTEM32\WINMM.dll
0x00007ffda4450000 - 0x00007ffda44c1000 	C:\WINDOWS\System32\WS2_32.dll
0x00007ffd993f0000 - 0x00007ffd993fa000 	C:\WINDOWS\SYSTEM32\VERSION.dll
0x00007ffda0ad0000 - 0x00007ffda0ae8000 	C:\WINDOWS\SYSTEM32\kernel.appcore.dll
0x00007ffd7e410000 - 0x00007ffd7e41a000 	c:\Users\kiemp\.vscode\extensions\redhat.java-1.16.0-win32-x64\jre\17.0.6-win32-x86_64\bin\jimage.dll
0x00007ffd97a60000 - 0x00007ffd97c8e000 	C:\WINDOWS\SYSTEM32\DBGHELP.DLL
0x00007ffda3de0000 - 0x00007ffda4169000 	C:\WINDOWS\System32\combase.dll
0x00007ffda3330000 - 0x00007ffda3407000 	C:\WINDOWS\System32\OLEAUT32.dll
0x00007ffd92800000 - 0x00007ffd92832000 	C:\WINDOWS\SYSTEM32\dbgcore.DLL
0x00007ffda21e0000 - 0x00007ffda225b000 	C:\WINDOWS\System32\bcryptPrimitives.dll
0x00007ffd7df10000 - 0x00007ffd7df1e000 	c:\Users\kiemp\.vscode\extensions\redhat.java-1.16.0-win32-x64\jre\17.0.6-win32-x86_64\bin\instrument.dll
0x00007ffd6e290000 - 0x00007ffd6e2b5000 	c:\Users\kiemp\.vscode\extensions\redhat.java-1.16.0-win32-x64\jre\17.0.6-win32-x86_64\bin\java.dll
0x00007ffd6d630000 - 0x00007ffd6d648000 	c:\Users\kiemp\.vscode\extensions\redhat.java-1.16.0-win32-x64\jre\17.0.6-win32-x86_64\bin\zip.dll
0x00007ffda2b40000 - 0x00007ffda3330000 	C:\WINDOWS\System32\SHELL32.dll
0x00007ffd9fa90000 - 0x00007ffda035d000 	C:\WINDOWS\SYSTEM32\windows.storage.dll
0x00007ffd9f950000 - 0x00007ffd9fa8e000 	C:\WINDOWS\SYSTEM32\wintypes.dll
0x00007ffda3820000 - 0x00007ffda3911000 	C:\WINDOWS\System32\SHCORE.dll
0x00007ffda3920000 - 0x00007ffda397e000 	C:\WINDOWS\System32\shlwapi.dll
0x00007ffda19a0000 - 0x00007ffda19c1000 	C:\WINDOWS\SYSTEM32\profapi.dll
0x00007ffd6c710000 - 0x00007ffd6c729000 	C:\Users\kiemp\.vscode\extensions\redhat.java-1.16.0-win32-x64\jre\17.0.6-win32-x86_64\bin\net.dll
0x00007ffd9a950000 - 0x00007ffd9aa87000 	C:\WINDOWS\SYSTEM32\WINHTTP.dll
0x00007ffda0f40000 - 0x00007ffda0fa9000 	C:\WINDOWS\system32\mswsock.dll
0x00007ffd62550000 - 0x00007ffd62565000 	C:\Users\kiemp\.vscode\extensions\redhat.java-1.16.0-win32-x64\jre\17.0.6-win32-x86_64\bin\nio.dll
0x00007ffd79eb0000 - 0x00007ffd79ec0000 	c:\Users\kiemp\.vscode\extensions\redhat.java-1.16.0-win32-x64\jre\17.0.6-win32-x86_64\bin\verify.dll
0x00007ffd58580000 - 0x00007ffd585be000 	C:\Users\kiemp\AppData\Roaming\Code\User\globalStorage\redhat.java\1.16.0\config_win\org.eclipse.equinox.launcher\org.eclipse.equinox.launcher.win32.win32.x86_64_1.2.700.v20221108-1024\eclipse_11801.dll
0x00007ffda3680000 - 0x00007ffda381c000 	C:\WINDOWS\System32\ole32.dll
0x00007ffda1190000 - 0x00007ffda11ab000 	C:\WINDOWS\SYSTEM32\CRYPTSP.dll
0x00007ffda0a40000 - 0x00007ffda0a75000 	C:\WINDOWS\system32\rsaenh.dll
0x00007ffda1040000 - 0x00007ffda1068000 	C:\WINDOWS\SYSTEM32\USERENV.dll
0x00007ffda1330000 - 0x00007ffda1358000 	C:\WINDOWS\SYSTEM32\bcrypt.dll
0x00007ffda11b0000 - 0x00007ffda11bc000 	C:\WINDOWS\SYSTEM32\CRYPTBASE.dll
0x00007ffda05b0000 - 0x00007ffda05dd000 	C:\WINDOWS\SYSTEM32\IPHLPAPI.DLL
0x00007ffda3a10000 - 0x00007ffda3a19000 	C:\WINDOWS\System32\NSI.dll
0x00007ffd9a930000 - 0x00007ffd9a949000 	C:\WINDOWS\SYSTEM32\dhcpcsvc6.DLL
0x00007ffd9a810000 - 0x00007ffd9a82f000 	C:\WINDOWS\SYSTEM32\dhcpcsvc.DLL
0x00007ffda0620000 - 0x00007ffda0713000 	C:\WINDOWS\SYSTEM32\DNSAPI.dll
0x00007ffd78cf0000 - 0x00007ffd78d35000 	C:\Users\kiemp\AppData\Local\Temp\jna-102045354\jna15281371924988555501.dll
0x00007ffda4260000 - 0x00007ffda4268000 	C:\WINDOWS\System32\PSAPI.DLL

dbghelp: loaded successfully - version: 4.0.5 - missing functions: none
symbol engine: initialized successfully - sym options: 0x614 - pdb path: .;c:\Users\kiemp\.vscode\extensions\redhat.java-1.16.0-win32-x64\jre\17.0.6-win32-x86_64\bin;C:\WINDOWS\SYSTEM32;C:\WINDOWS\WinSxS\amd64_microsoft.windows.common-controls_6595b64144ccf1df_6.0.22621.608_none_a9444ca7c10bb01d;c:\Users\kiemp\.vscode\extensions\redhat.java-1.16.0-win32-x64\jre\17.0.6-win32-x86_64\bin\server;C:\Users\kiemp\AppData\Roaming\Code\User\globalStorage\redhat.java\1.16.0\config_win\org.eclipse.equinox.launcher\org.eclipse.equinox.launcher.win32.win32.x86_64_1.2.700.v20221108-1024;C:\Users\kiemp\AppData\Local\Temp\jna-102045354

VM Arguments:
jvm_args: --add-modules=ALL-SYSTEM --add-opens=java.base/java.util=ALL-UNNAMED --add-opens=java.base/java.lang=ALL-UNNAMED --add-opens=java.base/sun.nio.fs=ALL-UNNAMED -Declipse.application=org.eclipse.jdt.ls.core.id1 -Dosgi.bundles.defaultStartLevel=4 -Declipse.product=org.eclipse.jdt.ls.core.product -Djava.import.generatesMetadataFilesAtProjectRoot=false -Dfile.encoding=utf8 -XX:+UseParallelGC -XX:GCTimeRatio=4 -XX:AdaptiveSizePolicyWeight=90 -Dsun.zip.disableMemoryMapping=true -Xmx1G -Xms100m -Xlog:disable -javaagent:c:\Users\kiemp\.vscode\extensions\redhat.java-1.16.0-win32-x64\lombok\lombok-1.18.24.jar -XX:+HeapDumpOnOutOfMemoryError -XX:HeapDumpPath=c:\Users\kiemp\AppData\Roaming\Code\User\workspaceStorage\c592173f26da50b681d098185c37a910\redhat.java 
java_command: c:\Users\kiemp\.vscode\extensions\redhat.java-1.16.0-win32-x64\server\plugins\org.eclipse.equinox.launcher_1.6.400.v20210924-0641.jar -configuration c:\Users\kiemp\AppData\Roaming\Code\User\globalStorage\redhat.java\1.16.0\config_win -data c:\Users\kiemp\AppData\Roaming\Code\User\workspaceStorage\c592173f26da50b681d098185c37a910\redhat.java\jdt_ws
java_class_path (initial): c:\Users\kiemp\.vscode\extensions\redhat.java-1.16.0-win32-x64\server\plugins\org.eclipse.equinox.launcher_1.6.400.v20210924-0641.jar
Launcher Type: SUN_STANDARD

[Global flags]
    uintx AdaptiveSizePolicyWeight                 = 90                                        {product} {command line}
     intx CICompilerCount                          = 12                                        {product} {ergonomic}
    uintx GCTimeRatio                              = 4                                         {product} {command line}
     bool HeapDumpOnOutOfMemoryError               = true                                   {manageable} {command line}
    ccstr HeapDumpPath                             = c:\Users\kiemp\AppData\Roaming\Code\User\workspaceStorage\c592173f26da50b681d098185c37a910\redhat.java         {manageable} {command line}
   size_t InitialHeapSize                          = 104857600                                 {product} {command line}
   size_t MaxHeapSize                              = 1073741824                                {product} {command line}
   size_t MaxNewSize                               = 357564416                                 {product} {ergonomic}
   size_t MinHeapDeltaBytes                        = 524288                                    {product} {ergonomic}
   size_t MinHeapSize                              = 104857600                                 {product} {command line}
   size_t NewSize                                  = 34603008                                  {product} {ergonomic}
    uintx NonNMethodCodeHeapSize                   = 7602480                                {pd product} {ergonomic}
    uintx NonProfiledCodeHeapSize                  = 122027880                              {pd product} {ergonomic}
   size_t OldSize                                  = 70254592                                  {product} {ergonomic}
    uintx ProfiledCodeHeapSize                     = 122027880                              {pd product} {ergonomic}
    uintx ReservedCodeCacheSize                    = 251658240                              {pd product} {ergonomic}
     bool SegmentedCodeCache                       = true                                      {product} {ergonomic}
   size_t SoftMaxHeapSize                          = 1073741824                             {manageable} {ergonomic}
     bool UseCompressedClassPointers               = true                           {product lp64_product} {ergonomic}
     bool UseCompressedOops                        = true                           {product lp64_product} {ergonomic}
     bool UseLargePagesIndividualAllocation        = false                                  {pd product} {ergonomic}
     bool UseParallelGC                            = true                                      {product} {command line}

Logging:
Log output configuration:
 #0: stdout all=off uptime,level,tags
 #1: stderr all=off uptime,level,tags

Environment Variables:
JAVA_HOME=C:\Program Files\Java\jdk-17.0.4.101-hotspot
CLASSPATH=C:\xampp\tomcat\lib\servlet-api.jar
PATH=C:\Program Files (x86)\Common Files\Oracle\Java\javapath;C:\Program Files\Java\jdk-17.0.4.101-hotspot\bin;C:\Program Files (x86)\VMware\VMware Workstation\bin\;C:\WINDOWS\system32;C:\WINDOWS;C:\WINDOWS\System32\Wbem;C:\WINDOWS\System32\WindowsPowerShell\v1.0\;C:\WINDOWS\System32\OpenSSH\;C:\Program Files\Microsoft SQL Server\Client SDK\ODBC\170\Tools\Binn\;C:\Program Files (x86)\Microsoft SQL Server\150\Tools\Binn\;C:\Program Files\Microsoft SQL Server\150\Tools\Binn\;C:\Program Files\Microsoft SQL Server\150\DTS\Binn\;C:\Program Files (x86)\MinGW64\bin;C:\Program Files (x86)\NVIDIA Corporation\PhysX\Common;C:\Program Files\NVIDIA Corporation\NVIDIA NvDLISR;C:\Program Files\Azure Data Studio\bin;C:\Users\kiemp\AppData\Local\Microsoft\WindowsApps;C:\Users\kiemp\AppData\Local\Programs\Microsoft VS Code\bin;C:\Program Files\Docker\Docker\resources\bin;C:\ProgramData\DockerDesktop\version-bin;C:\Program Files\dotnet\;C:\Users\kiemp\AppData\Local\Programs\Python\Python310;C:\Users\kiemp\AppData\Local\Programs\Python\Python310\Scripts;C:\WINDOWS\system32;C:\WINDOWS;C:\WINDOWS\System32\Wbem;C:\WINDOWS\System32\WindowsPowerShell\v1.0\;C:\WINDOWS\System32\OpenSSH\;C:\Program Files (x86)\Microsoft SQL Server\150\DTS\Binn\;C:\xampp\tomcat\lib;C:\xampp\php;C:\ProgramData\ComposerSetup\bin;C:\Windows\System32;C:\Program Files\Git\cmd;C:\Program Files\MySQL\MySQL Server 8.0\bin;C:\Program Files\MySQL\MySQL Server 8.0\lib;%NVM_HOME%;%NVM_SYMLINK%;C:\Program Files\nodejs\;C:\Users\kiemp\AppData\Local\Programs\Python\Python310\Scripts\;C:\Users\kiemp\AppData\Local\Programs\Python\Python310\;C:\Users\kiemp\AppData\Local\Microsoft\WindowsApps;C:\Users\kiemp\AppData\Local\Programs\Microsoft VS Code\bin;C:\Program Files\Azure Data Studio\bin;C:\Program Files\JetBrains\IntelliJ IDEA Community Edition 2022.1\bin;;C:\Users\kiemp\AppData\Local\GitHubDesktop\bin;C:\Program Files\Java\jdk-18.0.2.1\bin;C:\Users\kiemp\AppData\Roaming\Composer\vendor\bin;C:\Users\kiemp\.dotnet\tools;C:\nvm;C:\
USERNAME=kiemp
OS=Windows_NT
PROCESSOR_IDENTIFIER=AMD64 Family 23 Model 96 Stepping 1, AuthenticAMD
TMP=C:\Users\kiemp\AppData\Local\Temp
TEMP=C:\Users\kiemp\AppData\Local\Temp



---------------  S Y S T E M  ---------------

OS:
 Windows 11 , 64 bit Build 22621 (10.0.22621.1485)
OS uptime: 0 days 1:09 hours

CPU: total 16 (initial active 16) (16 cores per cpu, 2 threads per core) family 23 model 96 stepping 1 microcode 0x0, cx8, cmov, fxsr, ht, mmx, 3dnowpref, sse, sse2, sse3, ssse3, sse4a, sse4.1, sse4.2, popcnt, lzcnt, tsc, tscinvbit, avx, avx2, aes, clmul, bmi1, bmi2, adx, sha, fma, vzeroupper, clflush, clflushopt

Memory: 4k page, system-wide physical 23983M (4761M free)
TotalPageFile size 26031M (AvailPageFile size 1M)
current process WorkingSet (physical memory assigned to process): 207M, peak: 209M
current process commit charge ("private bytes"): 323M, peak: 325M

vm_info: OpenJDK 64-Bit Server VM (17.0.6+10) for windows-amd64 JRE (17.0.6+10), built on Jan 18 2023 10:08:59 by "temurin" with MS VC++ 16.7 (VS2019)

END.
