#
# There is insufficient memory for the Java Runtime Environment to continue.
# Native memory allocation (malloc) failed to allocate 32744 bytes for ChunkPool::allocate
# Possible reasons:
#   The system is out of physical RAM or swap space
#   The process is running with CompressedOops enabled, and the Java Heap may be blocking the growth of the native heap
# Possible solutions:
#   Reduce memory load on the system
#   Increase physical memory or swap space
#   Check if swap backing store is full
#   Decrease Java heap size (-Xmx/-Xms)
#   Decrease number of Java threads
#   Decrease Java thread stack sizes (-Xss)
#   Set larger code cache with -XX:ReservedCodeCacheSize=
#   JVM is running with Unscaled Compressed Oops mode in which the Java heap is
#     placed in the first 4GB address space. The Java Heap base address is the
#     maximum limit for the native heap growth. Please use -XX:HeapBaseMinAddress
#     to set the Java Heap base and to place the Java Heap above 4GB virtual address.
# This output file may be truncated or incomplete.
#
#  Out of Memory Error (arena.cpp:78), pid=3648, tid=13648
#
# JRE version: OpenJDK Runtime Environment Temurin-17.0.6+10 (17.0.6+10) (build 17.0.6+10)
# Java VM: OpenJDK 64-Bit Server VM Temurin-17.0.6+10 (17.0.6+10, mixed mode, tiered, compressed oops, compressed class ptrs, parallel gc, windows-amd64)
# No core dump will be written. Minidumps are not enabled by default on client versions of Windows
#

---------------  S U M M A R Y ------------

Command Line: --add-modules=ALL-SYSTEM --add-opens=java.base/java.util=ALL-UNNAMED --add-opens=java.base/java.lang=ALL-UNNAMED --add-opens=java.base/sun.nio.fs=ALL-UNNAMED -Declipse.application=org.eclipse.jdt.ls.core.id1 -Dosgi.bundles.defaultStartLevel=4 -Declipse.product=org.eclipse.jdt.ls.core.product -Djava.import.generatesMetadataFilesAtProjectRoot=false -Dfile.encoding=utf8 -XX:+UseParallelGC -XX:GCTimeRatio=4 -XX:AdaptiveSizePolicyWeight=90 -Dsun.zip.disableMemoryMapping=true -Xmx1G -Xms100m -Xlog:disable -javaagent:c:\Users\kiemp\.vscode\extensions\redhat.java-1.16.0-win32-x64\lombok\lombok-1.18.24.jar -XX:+HeapDumpOnOutOfMemoryError -XX:HeapDumpPath=c:\Users\kiemp\AppData\Roaming\Code\User\workspaceStorage\c592173f26da50b681d098185c37a910\redhat.java c:\Users\kiemp\.vscode\extensions\redhat.java-1.16.0-win32-x64\server\plugins\org.eclipse.equinox.launcher_1.6.400.v20210924-0641.jar -configuration c:\Users\kiemp\AppData\Roaming\Code\User\globalStorage\redhat.java\1.16.0\config_win -data c:\Users\kiemp\AppData\Roaming\Code\User\workspaceStorage\c592173f26da50b681d098185c37a910\redhat.java\jdt_ws

Host: AMD Ryzen 7 4800H with Radeon Graphics         , 16 cores, 23G,  Windows 11 , 64 bit Build 22621 (10.0.22621.1485)
Time: Mon Apr 10 17:37:29 2023 SE Asia Standard Time elapsed time: 0.490704 seconds (0d 0h 0m 0s)

---------------  T H R E A D  ---------------

Current thread (0x00000202009922e0):  JavaThread "C2 CompilerThread0" daemon [_thread_in_native, id=13648, stack(0x000000ec9c700000,0x000000ec9c800000)]


Current CompileTask:
C2:    490  478       4       java.util.Collections$UnmodifiableCollection$1::next (10 bytes)

Stack: [0x000000ec9c700000,0x000000ec9c800000]
Native frames: (J=compiled Java code, j=interpreted, Vv=VM code, C=native code)
V  [jvm.dll+0x67741a]
V  [jvm.dll+0x834434]
V  [jvm.dll+0x835bde]
V  [jvm.dll+0x836243]
V  [jvm.dll+0x2457b5]
V  [jvm.dll+0xabd1c]
V  [jvm.dll+0xac0cc]
V  [jvm.dll+0x11e018]
V  [jvm.dll+0x6a084b]
V  [jvm.dll+0x1bbe34]
V  [jvm.dll+0x218749]
V  [jvm.dll+0x217a11]
V  [jvm.dll+0x1a3d0d]
V  [jvm.dll+0x22742a]
V  [jvm.dll+0x225565]
V  [jvm.dll+0x7ea2cb]
V  [jvm.dll+0x7e483a]
V  [jvm.dll+0x6762c5]
C  [ucrtbase.dll+0x29363]
C  [KERNEL32.DLL+0x1269d]
C  [ntdll.dll+0x5a9f8]


---------------  P R O C E S S  ---------------

Threads class SMR info:
_java_thread_list=0x00000202028689d0, length=17, elements={
0x000002026af0ffd0, 0x000002027ed89ae0, 0x00000202009657d0, 0x000002026afce360,
0x000002027ed8cfd0, 0x000002027ed8e030, 0x000002027ed8e8f0, 0x00000202009922e0,
0x0000020200995fe0, 0x00000202009a4880, 0x000002026af752b0, 0x0000020200b0d400,
0x0000020200b30000, 0x0000020200b68160, 0x0000020200b68b30, 0x00000202028426e0,
0x00000202028702a0
}

Java Threads: ( => current thread )
  0x000002026af0ffd0 JavaThread "main" [_thread_in_vm, id=27608, stack(0x000000ec9be00000,0x000000ec9bf00000)]
  0x000002027ed89ae0 JavaThread "Reference Handler" daemon [_thread_blocked, id=24876, stack(0x000000ec9c100000,0x000000ec9c200000)]
  0x00000202009657d0 JavaThread "Finalizer" daemon [_thread_blocked, id=11412, stack(0x000000ec9c200000,0x000000ec9c300000)]
  0x000002026afce360 JavaThread "Signal Dispatcher" daemon [_thread_blocked, id=5540, stack(0x000000ec9c300000,0x000000ec9c400000)]
  0x000002027ed8cfd0 JavaThread "Attach Listener" daemon [_thread_blocked, id=10972, stack(0x000000ec9c400000,0x000000ec9c500000)]
  0x000002027ed8e030 JavaThread "Service Thread" daemon [_thread_blocked, id=2604, stack(0x000000ec9c500000,0x000000ec9c600000)]
  0x000002027ed8e8f0 JavaThread "Monitor Deflation Thread" daemon [_thread_blocked, id=10968, stack(0x000000ec9c600000,0x000000ec9c700000)]
=>0x00000202009922e0 JavaThread "C2 CompilerThread0" daemon [_thread_in_native, id=13648, stack(0x000000ec9c700000,0x000000ec9c800000)]
  0x0000020200995fe0 JavaThread "C1 CompilerThread0" daemon [_thread_blocked, id=18248, stack(0x000000ec9c800000,0x000000ec9c900000)]
  0x00000202009a4880 JavaThread "Sweeper thread" daemon [_thread_blocked, id=11160, stack(0x000000ec9c900000,0x000000ec9ca00000)]
  0x000002026af752b0 JavaThread "Common-Cleaner" daemon [_thread_blocked, id=2384, stack(0x000000ec9ca00000,0x000000ec9cb00000)]
  0x0000020200b0d400 JavaThread "C1 CompilerThread1" daemon [_thread_blocked, id=23540, stack(0x000000ec9cb00000,0x000000ec9cc00000)]
  0x0000020200b30000 JavaThread "C1 CompilerThread2" daemon [_thread_blocked, id=12728, stack(0x000000ec9cc00000,0x000000ec9cd00000)]
  0x0000020200b68160 JavaThread "C2 CompilerThread1" daemon [_thread_blocked, id=7480, stack(0x000000ec9cd00000,0x000000ec9ce00000)]
  0x0000020200b68b30 JavaThread "C2 CompilerThread2" daemon [_thread_blocked, id=17696, stack(0x000000ec9ce00000,0x000000ec9cf00000)]
  0x00000202028426e0 JavaThread "C1 CompilerThread3" daemon [_thread_blocked, id=24796, stack(0x000000ec9cf00000,0x000000ec9d000000)]
  0x00000202028702a0 JavaThread "Notification Thread" daemon [_thread_blocked, id=26072, stack(0x000000ec9d000000,0x000000ec9d100000)]

Other Threads:
  0x000002026af9be10 VMThread "VM Thread" [stack: 0x000000ec9c000000,0x000000ec9c100000] [id=12116]
  0x0000020202884d00 WatcherThread [stack: 0x000000ec9d100000,0x000000ec9d200000] [id=9964]
  0x000002026af272c0 GCTaskThread "GC Thread#0" [stack: 0x000000ec9bf00000,0x000000ec9c000000] [id=21832]

Threads with active compile tasks:
C2 CompilerThread0      509  478       4       java.util.Collections$UnmodifiableCollection$1::next (10 bytes)

VM state: not at safepoint (normal execution)

VM Mutex/Monitor currently owned by a thread:  ([mutex/lock_event])
[0x000002026af0aab0] Metaspace_lock - owner thread: 0x000002026af0ffd0

Heap address: 0x00000000c0000000, size: 1024 MB, Compressed Oops mode: 32-bit

CDS archive(s) not mapped
Compressed class space mapped at: 0x0000000100000000-0x0000000140000000, reserved size: 1073741824
Narrow klass base: 0x0000000000000000, Narrow klass shift: 3, Narrow klass range: 0x140000000

GC Precious Log:
 CPUs: 16 total, 16 available
 Memory: 23983M
 Large Page Support: Disabled
 NUMA Support: Disabled
 Compressed Oops: Enabled (32-bit)
 Alignments: Space 512K, Generation 512K, Heap 2M
 Heap Min Capacity: 100M
 Heap Initial Capacity: 100M
 Heap Max Capacity: 1G
 Pre-touch: Disabled
 Parallel Workers: 13

Heap:
 PSYoungGen      total 29696K, used 11340K [0x00000000eab00000, 0x00000000ecc00000, 0x0000000100000000)
  eden space 25600K, 44% used [0x00000000eab00000,0x00000000eb613140,0x00000000ec400000)
  from space 4096K, 0% used [0x00000000ec800000,0x00000000ec800000,0x00000000ecc00000)
  to   space 4096K, 0% used [0x00000000ec400000,0x00000000ec400000,0x00000000ec800000)
 ParOldGen       total 68608K, used 0K [0x00000000c0000000, 0x00000000c4300000, 0x00000000eab00000)
  object space 68608K, 0% used [0x00000000c0000000,0x00000000c0000000,0x00000000c4300000)
 Metaspace       used 7579K, committed 7680K, reserved 1056768K
  class space    used 741K, committed 832K, reserved 1048576K

Card table byte_map: [0x000002026a8e0000,0x000002026aaf0000] _byte_map_base: 0x000002026a2e0000

Marking Bits: (ParMarkBitMap*) 0x00007ffd1b4d3e70
 Begin Bits: [0x000002027cb90000, 0x000002027db90000)
 End Bits:   [0x000002027db90000, 0x000002027eb90000)

Polling page: 0x000002026a6d0000

Metaspace:

Usage:
  Non-class:      6.68 MB used.
      Class:    741.75 KB used.
       Both:      7.40 MB used.

Virtual space:
  Non-class space:        8.00 MB reserved,       6.69 MB ( 84%) committed,  1 nodes.
      Class space:        1.00 GB reserved,     832.00 KB ( <1%) committed,  1 nodes.
             Both:        1.01 GB reserved,       7.50 MB ( <1%) committed. 

Chunk freelists:
   Non-Class:  1.00 MB
       Class:  3.22 MB
        Both:  4.22 MB

MaxMetaspaceSize: unlimited
CompressedClassSpaceSize: 1.00 GB
Initial GC threshold: 21.00 MB
Current GC threshold: 21.00 MB
CDS: off
MetaspaceReclaimPolicy: balanced
 - commit_granule_bytes: 65536.
 - commit_granule_words: 8192.
 - virtual_space_node_default_size: 1048576.
 - enlarge_chunks_in_place: 1.
 - new_chunks_are_fully_committed: 0.
 - uncommit_free_chunks: 1.
 - use_allocation_guard: 0.
 - handle_deallocations: 1.


Internal statistics:

num_allocs_failed_limit: 0.
num_arena_births: 10.
num_arena_deaths: 0.
num_vsnodes_births: 2.
num_vsnodes_deaths: 0.
num_space_committed: 120.
num_space_uncommitted: 0.
num_chunks_returned_to_freelist: 0.
num_chunks_taken_from_freelist: 37.
num_chunk_merges: 0.
num_chunk_splits: 20.
num_chunks_enlarged: 16.
num_purges: 0.
num_inconsistent_stats: 0.

CodeHeap 'non-profiled nmethods': size=119168Kb used=157Kb max_used=157Kb free=119010Kb
 bounds [0x0000020275730000, 0x00000202759a0000, 0x000002027cb90000]
CodeHeap 'profiled nmethods': size=119104Kb used=662Kb max_used=662Kb free=118441Kb
 bounds [0x000002026db90000, 0x000002026de00000, 0x0000020274fe0000]
CodeHeap 'non-nmethods': size=7488Kb used=2810Kb max_used=2826Kb free=4677Kb
 bounds [0x0000020274fe0000, 0x00000202752b0000, 0x0000020275730000]
 total_blobs=893 nmethods=485 adapters=320
 compilation: enabled
              stopped_count=0, restarted_count=0
 full_count=0

Compilation events (20 events):
Event: 0.471 Thread 0x0000020200b68160 nmethod 469 0x0000020275753190 code [0x0000020275753340, 0x0000020275753908]
Event: 0.473 Thread 0x0000020200b68b30 nmethod 461 0x0000020275753d10 code [0x0000020275753ea0, 0x0000020275754378]
Event: 0.473 Thread 0x0000020200b0d400  474       3       sun.security.util.ObjectIdentifier::checkOtherComponent (41 bytes)
Event: 0.474 Thread 0x0000020200b0d400 nmethod 474 0x000002026dc31090 code [0x000002026dc312c0, 0x000002026dc319a8]
Event: 0.475 Thread 0x00000202009922e0  475       4       java.util.HashMap$KeyIterator::next (8 bytes)
Event: 0.476 Thread 0x0000020200b68160  476   !   4       java.lang.String::replace (258 bytes)
Event: 0.479 Thread 0x00000202009922e0 nmethod 475 0x0000020275754690 code [0x0000020275754820, 0x0000020275754a98]
Event: 0.481 Thread 0x0000020200995fe0  477       3       sun.security.util.DerInputStream::<init> (38 bytes)
Event: 0.481 Thread 0x00000202009922e0  478       4       java.util.Collections$UnmodifiableCollection$1::next (10 bytes)
Event: 0.481 Thread 0x0000020200995fe0 nmethod 477 0x000002026dc31c90 code [0x000002026dc31e20, 0x000002026dc31fb8]
Event: 0.484 Thread 0x0000020200b68b30  479       4       java.util.HashSet::iterator (13 bytes)
Event: 0.484 Thread 0x0000020200b0d400  480       3       java.net.URI::match (56 bytes)
Event: 0.484 Thread 0x0000020200995fe0  481       3       sun.security.util.DerValue::data (29 bytes)
Event: 0.485 Thread 0x0000020200995fe0 nmethod 481 0x000002026dc32090 code [0x000002026dc32240, 0x000002026dc32408]
Event: 0.485 Thread 0x0000020200b0d400 nmethod 480 0x000002026dc32510 code [0x000002026dc326c0, 0x000002026dc329b8]
Event: 0.486 Thread 0x0000020200b0d400  482       3       sun.security.util.DerValue::<init> (445 bytes)
Event: 0.486 Thread 0x0000020200b30000  483       3       sun.security.util.DerInputStream::getDerValue (76 bytes)
Event: 0.486 Thread 0x0000020200b30000 nmethod 483 0x000002026dc32a90 code [0x000002026dc32c40, 0x000002026dc32ea8]
Event: 0.487 Thread 0x0000020200b30000  484       3       sun.security.util.DerInputStream::available (10 bytes)
Event: 0.487 Thread 0x0000020200b30000 nmethod 484 0x000002026dc33010 code [0x000002026dc331a0, 0x000002026dc332b8]

GC Heap History (0 events):
No events

Dll operation events (8 events):
Event: 0.013 Loaded shared library c:\Users\kiemp\.vscode\extensions\redhat.java-1.16.0-win32-x64\jre\17.0.6-win32-x86_64\bin\java.dll
Event: 0.212 Loaded shared library c:\Users\kiemp\.vscode\extensions\redhat.java-1.16.0-win32-x64\jre\17.0.6-win32-x86_64\bin\zip.dll
Event: 0.219 Loaded shared library C:\Users\kiemp\.vscode\extensions\redhat.java-1.16.0-win32-x64\jre\17.0.6-win32-x86_64\bin\instrument.dll
Event: 0.244 Loaded shared library C:\Users\kiemp\.vscode\extensions\redhat.java-1.16.0-win32-x64\jre\17.0.6-win32-x86_64\bin\net.dll
Event: 0.247 Loaded shared library C:\Users\kiemp\.vscode\extensions\redhat.java-1.16.0-win32-x64\jre\17.0.6-win32-x86_64\bin\nio.dll
Event: 0.258 Loaded shared library C:\Users\kiemp\.vscode\extensions\redhat.java-1.16.0-win32-x64\jre\17.0.6-win32-x86_64\bin\zip.dll
Event: 0.279 Loaded shared library C:\Users\kiemp\.vscode\extensions\redhat.java-1.16.0-win32-x64\jre\17.0.6-win32-x86_64\bin\jimage.dll
Event: 0.343 Loaded shared library c:\Users\kiemp\.vscode\extensions\redhat.java-1.16.0-win32-x64\jre\17.0.6-win32-x86_64\bin\verify.dll

Deoptimization events (20 events):
Event: 0.464 Thread 0x000002026af0ffd0 Uncommon trap: trap_request=0xffffffde fr.pc=0x0000020275751124 relative=0x0000000000000104
Event: 0.464 Thread 0x000002026af0ffd0 Uncommon trap: reason=class_check action=maybe_recompile pc=0x0000020275751124 method=jdk.internal.misc.Unsafe.allocateUninitializedArray(Ljava/lang/Class;I)Ljava/lang/Object; @ 51 c2
Event: 0.464 Thread 0x000002026af0ffd0 DEOPT PACKING pc=0x0000020275751124 sp=0x000000ec9befc120
Event: 0.464 Thread 0x000002026af0ffd0 DEOPT UNPACKING pc=0x00000202750366a3 sp=0x000000ec9befc0a8 mode 2
Event: 0.464 Thread 0x000002026af0ffd0 Uncommon trap: trap_request=0xffffffde fr.pc=0x0000020275751124 relative=0x0000000000000104
Event: 0.464 Thread 0x000002026af0ffd0 Uncommon trap: reason=class_check action=maybe_recompile pc=0x0000020275751124 method=jdk.internal.misc.Unsafe.allocateUninitializedArray(Ljava/lang/Class;I)Ljava/lang/Object; @ 51 c2
Event: 0.464 Thread 0x000002026af0ffd0 DEOPT PACKING pc=0x0000020275751124 sp=0x000000ec9befc120
Event: 0.464 Thread 0x000002026af0ffd0 DEOPT UNPACKING pc=0x00000202750366a3 sp=0x000000ec9befc0a8 mode 2
Event: 0.464 Thread 0x000002026af0ffd0 Uncommon trap: trap_request=0xffffffde fr.pc=0x0000020275751124 relative=0x0000000000000104
Event: 0.464 Thread 0x000002026af0ffd0 Uncommon trap: reason=class_check action=maybe_recompile pc=0x0000020275751124 method=jdk.internal.misc.Unsafe.allocateUninitializedArray(Ljava/lang/Class;I)Ljava/lang/Object; @ 51 c2
Event: 0.464 Thread 0x000002026af0ffd0 DEOPT PACKING pc=0x0000020275751124 sp=0x000000ec9befc120
Event: 0.464 Thread 0x000002026af0ffd0 DEOPT UNPACKING pc=0x00000202750366a3 sp=0x000000ec9befc0a8 mode 2
Event: 0.464 Thread 0x000002026af0ffd0 Uncommon trap: trap_request=0xffffffde fr.pc=0x0000020275751124 relative=0x0000000000000104
Event: 0.464 Thread 0x000002026af0ffd0 Uncommon trap: reason=class_check action=maybe_recompile pc=0x0000020275751124 method=jdk.internal.misc.Unsafe.allocateUninitializedArray(Ljava/lang/Class;I)Ljava/lang/Object; @ 51 c2
Event: 0.464 Thread 0x000002026af0ffd0 DEOPT PACKING pc=0x0000020275751124 sp=0x000000ec9befc160
Event: 0.464 Thread 0x000002026af0ffd0 DEOPT UNPACKING pc=0x00000202750366a3 sp=0x000000ec9befc0e8 mode 2
Event: 0.483 Thread 0x000002026af0ffd0 Uncommon trap: trap_request=0xffffff45 fr.pc=0x00000202757445c0 relative=0x00000000000000c0
Event: 0.483 Thread 0x000002026af0ffd0 Uncommon trap: reason=unstable_if action=reinterpret pc=0x00000202757445c0 method=java.net.URI.match(CJJ)Z @ 45 c2
Event: 0.483 Thread 0x000002026af0ffd0 DEOPT PACKING pc=0x00000202757445c0 sp=0x000000ec9befcc40
Event: 0.483 Thread 0x000002026af0ffd0 DEOPT UNPACKING pc=0x00000202750366a3 sp=0x000000ec9befcbc8 mode 2

Classes unloaded (0 events):
No events

Classes redefined (0 events):
No events

Internal exceptions (2 events):
Event: 0.179 Thread 0x000002026af0ffd0 Exception <a 'java/lang/NoSuchMethodError'{0x00000000eacb3b78}: 'void java.lang.invoke.DirectMethodHandle$Holder.invokeStatic(java.lang.Object, java.lang.Object, java.lang.Object)'> (0x00000000eacb3b78) 
thrown [s\src\hotspot\share\interpreter\linkResolver.cpp, line 759]
Event: 0.363 Thread 0x000002026af0ffd0 Exception <a 'java/lang/reflect/InvocationTargetException'{0x00000000eb0f9508}> (0x00000000eb0f9508) 
thrown [s\src\hotspot\share\runtime\reflection.cpp, line 1121]

VM Operations (4 events):
Event: 0.184 Executing VM operation: HandshakeAllThreads
Event: 0.184 Executing VM operation: HandshakeAllThreads done
Event: 0.300 Executing VM operation: HandshakeAllThreads
Event: 0.300 Executing VM operation: HandshakeAllThreads done

Events (20 events):
Event: 0.482 loading class sun/security/x509/AccessDescription
Event: 0.483 loading class sun/security/x509/AccessDescription done
Event: 0.483 loading class sun/security/x509/GeneralName
Event: 0.483 loading class sun/security/x509/GeneralName done
Event: 0.483 loading class sun/security/x509/URIName
Event: 0.483 loading class sun/security/x509/URIName done
Event: 0.483 loading class sun/security/x509/DNSName
Event: 0.483 loading class sun/security/x509/DNSName done
Event: 0.484 loading class sun/security/x509/CRLDistributionPointsExtension
Event: 0.484 loading class sun/security/x509/CRLDistributionPointsExtension done
Event: 0.484 loading class sun/security/x509/DistributionPoint
Event: 0.484 loading class sun/security/x509/DistributionPoint done
Event: 0.484 loading class sun/security/x509/CertificatePoliciesExtension
Event: 0.485 loading class sun/security/x509/CertificatePoliciesExtension done
Event: 0.485 loading class sun/security/x509/PolicyInformation
Event: 0.485 loading class sun/security/x509/PolicyInformation done
Event: 0.485 loading class sun/security/x509/CertificatePolicyId
Event: 0.485 loading class sun/security/x509/CertificatePolicyId done
Event: 0.485 loading class java/security/cert/PolicyQualifierInfo
Event: 0.485 loading class java/security/cert/PolicyQualifierInfo done


Dynamic libraries:
0x00007ff71a680000 - 0x00007ff71a68e000 	c:\Users\kiemp\.vscode\extensions\redhat.java-1.16.0-win32-x64\jre\17.0.6-win32-x86_64\bin\java.exe
0x00007ffda4630000 - 0x00007ffda4844000 	C:\WINDOWS\SYSTEM32\ntdll.dll
0x00007ffda2440000 - 0x00007ffda2502000 	C:\WINDOWS\System32\KERNEL32.DLL
0x00007ffda1aa0000 - 0x00007ffda1e3c000 	C:\WINDOWS\System32\KERNELBASE.dll
0x00007ffda2320000 - 0x00007ffda2431000 	C:\WINDOWS\System32\ucrtbase.dll
0x00007ffd713a0000 - 0x00007ffd713b9000 	c:\Users\kiemp\.vscode\extensions\redhat.java-1.16.0-win32-x64\jre\17.0.6-win32-x86_64\bin\VCRUNTIME140.dll
0x00007ffd734b0000 - 0x00007ffd734c7000 	c:\Users\kiemp\.vscode\extensions\redhat.java-1.16.0-win32-x64\jre\17.0.6-win32-x86_64\bin\jli.dll
0x00007ffda34d0000 - 0x00007ffda367b000 	C:\WINDOWS\System32\USER32.dll
0x00007ffd8fe10000 - 0x00007ffd9009e000 	C:\WINDOWS\WinSxS\amd64_microsoft.windows.common-controls_6595b64144ccf1df_6.0.22621.608_none_a9444ca7c10bb01d\COMCTL32.dll
0x00007ffda29d0000 - 0x00007ffda2a77000 	C:\WINDOWS\System32\msvcrt.dll
0x00007ffda3db0000 - 0x00007ffda3dd9000 	C:\WINDOWS\System32\GDI32.dll
0x00007ffda1a70000 - 0x00007ffda1a96000 	C:\WINDOWS\System32\win32u.dll
0x00007ffda1e40000 - 0x00007ffda1f53000 	C:\WINDOWS\System32\gdi32full.dll
0x00007ffda1fd0000 - 0x00007ffda206a000 	C:\WINDOWS\System32\msvcp_win.dll
0x00007ffda2990000 - 0x00007ffda29c1000 	C:\WINDOWS\System32\IMM32.DLL
0x00007ffd7ea10000 - 0x00007ffd7ea1c000 	c:\Users\kiemp\.vscode\extensions\redhat.java-1.16.0-win32-x64\jre\17.0.6-win32-x86_64\bin\vcruntime140_1.dll
0x00007ffd585c0000 - 0x00007ffd58651000 	c:\Users\kiemp\.vscode\extensions\redhat.java-1.16.0-win32-x64\jre\17.0.6-win32-x86_64\bin\msvcp140.dll
0x00007ffd1a950000 - 0x00007ffd1b597000 	c:\Users\kiemp\.vscode\extensions\redhat.java-1.16.0-win32-x64\jre\17.0.6-win32-x86_64\bin\server\jvm.dll
0x00007ffda3b40000 - 0x00007ffda3bee000 	C:\WINDOWS\System32\ADVAPI32.dll
0x00007ffda4270000 - 0x00007ffda4314000 	C:\WINDOWS\System32\sechost.dll
0x00007ffda3a20000 - 0x00007ffda3b35000 	C:\WINDOWS\System32\RPCRT4.dll
0x00007ffd88c60000 - 0x00007ffd88c69000 	C:\WINDOWS\SYSTEM32\WSOCK32.dll
0x00007ffda4450000 - 0x00007ffda44c1000 	C:\WINDOWS\System32\WS2_32.dll
0x00007ffd99250000 - 0x00007ffd99284000 	C:\WINDOWS\SYSTEM32\WINMM.dll
0x00007ffd993f0000 - 0x00007ffd993fa000 	C:\WINDOWS\SYSTEM32\VERSION.dll
0x00007ffda0ad0000 - 0x00007ffda0ae8000 	C:\WINDOWS\SYSTEM32\kernel.appcore.dll
0x00007ffd7e410000 - 0x00007ffd7e41a000 	c:\Users\kiemp\.vscode\extensions\redhat.java-1.16.0-win32-x64\jre\17.0.6-win32-x86_64\bin\jimage.dll
0x00007ffd97a60000 - 0x00007ffd97c8e000 	C:\WINDOWS\SYSTEM32\DBGHELP.DLL
0x00007ffda3de0000 - 0x00007ffda4169000 	C:\WINDOWS\System32\combase.dll
0x00007ffda3330000 - 0x00007ffda3407000 	C:\WINDOWS\System32\OLEAUT32.dll
0x00007ffd92800000 - 0x00007ffd92832000 	C:\WINDOWS\SYSTEM32\dbgcore.DLL
0x00007ffda21e0000 - 0x00007ffda225b000 	C:\WINDOWS\System32\bcryptPrimitives.dll
0x00007ffd7df10000 - 0x00007ffd7df1e000 	c:\Users\kiemp\.vscode\extensions\redhat.java-1.16.0-win32-x64\jre\17.0.6-win32-x86_64\bin\instrument.dll
0x00007ffd6e290000 - 0x00007ffd6e2b5000 	c:\Users\kiemp\.vscode\extensions\redhat.java-1.16.0-win32-x64\jre\17.0.6-win32-x86_64\bin\java.dll
0x00007ffd6d630000 - 0x00007ffd6d648000 	c:\Users\kiemp\.vscode\extensions\redhat.java-1.16.0-win32-x64\jre\17.0.6-win32-x86_64\bin\zip.dll
0x00007ffda2b40000 - 0x00007ffda3330000 	C:\WINDOWS\System32\SHELL32.dll
0x00007ffd9fa90000 - 0x00007ffda035d000 	C:\WINDOWS\SYSTEM32\windows.storage.dll
0x00007ffd9f950000 - 0x00007ffd9fa8e000 	C:\WINDOWS\SYSTEM32\wintypes.dll
0x00007ffda3820000 - 0x00007ffda3911000 	C:\WINDOWS\System32\SHCORE.dll
0x00007ffda3920000 - 0x00007ffda397e000 	C:\WINDOWS\System32\shlwapi.dll
0x00007ffda19a0000 - 0x00007ffda19c1000 	C:\WINDOWS\SYSTEM32\profapi.dll
0x00007ffd6c710000 - 0x00007ffd6c729000 	C:\Users\kiemp\.vscode\extensions\redhat.java-1.16.0-win32-x64\jre\17.0.6-win32-x86_64\bin\net.dll
0x00007ffd9a950000 - 0x00007ffd9aa87000 	C:\WINDOWS\SYSTEM32\WINHTTP.dll
0x00007ffda0f40000 - 0x00007ffda0fa9000 	C:\WINDOWS\system32\mswsock.dll
0x00007ffd62550000 - 0x00007ffd62565000 	C:\Users\kiemp\.vscode\extensions\redhat.java-1.16.0-win32-x64\jre\17.0.6-win32-x86_64\bin\nio.dll
0x00007ffd79eb0000 - 0x00007ffd79ec0000 	c:\Users\kiemp\.vscode\extensions\redhat.java-1.16.0-win32-x64\jre\17.0.6-win32-x86_64\bin\verify.dll

dbghelp: loaded successfully - version: 4.0.5 - missing functions: none
symbol engine: initialized successfully - sym options: 0x614 - pdb path: .;c:\Users\kiemp\.vscode\extensions\redhat.java-1.16.0-win32-x64\jre\17.0.6-win32-x86_64\bin;C:\WINDOWS\SYSTEM32;C:\WINDOWS\WinSxS\amd64_microsoft.windows.common-controls_6595b64144ccf1df_6.0.22621.608_none_a9444ca7c10bb01d;c:\Users\kiemp\.vscode\extensions\redhat.java-1.16.0-win32-x64\jre\17.0.6-win32-x86_64\bin\server

VM Arguments:
jvm_args: --add-modules=ALL-SYSTEM --add-opens=java.base/java.util=ALL-UNNAMED --add-opens=java.base/java.lang=ALL-UNNAMED --add-opens=java.base/sun.nio.fs=ALL-UNNAMED -Declipse.application=org.eclipse.jdt.ls.core.id1 -Dosgi.bundles.defaultStartLevel=4 -Declipse.product=org.eclipse.jdt.ls.core.product -Djava.import.generatesMetadataFilesAtProjectRoot=false -Dfile.encoding=utf8 -XX:+UseParallelGC -XX:GCTimeRatio=4 -XX:AdaptiveSizePolicyWeight=90 -Dsun.zip.disableMemoryMapping=true -Xmx1G -Xms100m -Xlog:disable -javaagent:c:\Users\kiemp\.vscode\extensions\redhat.java-1.16.0-win32-x64\lombok\lombok-1.18.24.jar -XX:+HeapDumpOnOutOfMemoryError -XX:HeapDumpPath=c:\Users\kiemp\AppData\Roaming\Code\User\workspaceStorage\c592173f26da50b681d098185c37a910\redhat.java 
java_command: c:\Users\kiemp\.vscode\extensions\redhat.java-1.16.0-win32-x64\server\plugins\org.eclipse.equinox.launcher_1.6.400.v20210924-0641.jar -configuration c:\Users\kiemp\AppData\Roaming\Code\User\globalStorage\redhat.java\1.16.0\config_win -data c:\Users\kiemp\AppData\Roaming\Code\User\workspaceStorage\c592173f26da50b681d098185c37a910\redhat.java\jdt_ws
java_class_path (initial): c:\Users\kiemp\.vscode\extensions\redhat.java-1.16.0-win32-x64\server\plugins\org.eclipse.equinox.launcher_1.6.400.v20210924-0641.jar
Launcher Type: SUN_STANDARD

[Global flags]
    uintx AdaptiveSizePolicyWeight                 = 90                                        {product} {command line}
     intx CICompilerCount                          = 12                                        {product} {ergonomic}
    uintx GCTimeRatio                              = 4                                         {product} {command line}
     bool HeapDumpOnOutOfMemoryError               = true                                   {manageable} {command line}
    ccstr HeapDumpPath                             = c:\Users\kiemp\AppData\Roaming\Code\User\workspaceStorage\c592173f26da50b681d098185c37a910\redhat.java         {manageable} {command line}
   size_t InitialHeapSize                          = 104857600                                 {product} {command line}
   size_t MaxHeapSize                              = 1073741824                                {product} {command line}
   size_t MaxNewSize                               = 357564416                                 {product} {ergonomic}
   size_t MinHeapDeltaBytes                        = 524288                                    {product} {ergonomic}
   size_t MinHeapSize                              = 104857600                                 {product} {command line}
   size_t NewSize                                  = 34603008                                  {product} {ergonomic}
    uintx NonNMethodCodeHeapSize                   = 7602480                                {pd product} {ergonomic}
    uintx NonProfiledCodeHeapSize                  = 122027880                              {pd product} {ergonomic}
   size_t OldSize                                  = 70254592                                  {product} {ergonomic}
    uintx ProfiledCodeHeapSize                     = 122027880                              {pd product} {ergonomic}
    uintx ReservedCodeCacheSize                    = 251658240                              {pd product} {ergonomic}
     bool SegmentedCodeCache                       = true                                      {product} {ergonomic}
   size_t SoftMaxHeapSize                          = 1073741824                             {manageable} {ergonomic}
     bool UseCompressedClassPointers               = true                           {product lp64_product} {ergonomic}
     bool UseCompressedOops                        = true                           {product lp64_product} {ergonomic}
     bool UseLargePagesIndividualAllocation        = false                                  {pd product} {ergonomic}
     bool UseParallelGC                            = true                                      {product} {command line}

Logging:
Log output configuration:
 #0: stdout all=off uptime,level,tags
 #1: stderr all=off uptime,level,tags

Environment Variables:
JAVA_HOME=C:\Program Files\Java\jdk-17.0.4.101-hotspot
CLASSPATH=C:\xampp\tomcat\lib\servlet-api.jar
PATH=C:\Program Files (x86)\Common Files\Oracle\Java\javapath;C:\Program Files\Java\jdk-17.0.4.101-hotspot\bin;C:\Program Files (x86)\VMware\VMware Workstation\bin\;C:\WINDOWS\system32;C:\WINDOWS;C:\WINDOWS\System32\Wbem;C:\WINDOWS\System32\WindowsPowerShell\v1.0\;C:\WINDOWS\System32\OpenSSH\;C:\Program Files\Microsoft SQL Server\Client SDK\ODBC\170\Tools\Binn\;C:\Program Files (x86)\Microsoft SQL Server\150\Tools\Binn\;C:\Program Files\Microsoft SQL Server\150\Tools\Binn\;C:\Program Files\Microsoft SQL Server\150\DTS\Binn\;C:\Program Files (x86)\MinGW64\bin;C:\Program Files (x86)\NVIDIA Corporation\PhysX\Common;C:\Program Files\NVIDIA Corporation\NVIDIA NvDLISR;C:\Program Files\Azure Data Studio\bin;C:\Users\kiemp\AppData\Local\Microsoft\WindowsApps;C:\Users\kiemp\AppData\Local\Programs\Microsoft VS Code\bin;C:\Program Files\Docker\Docker\resources\bin;C:\ProgramData\DockerDesktop\version-bin;C:\Program Files\dotnet\;C:\Users\kiemp\AppData\Local\Programs\Python\Python310;C:\Users\kiemp\AppData\Local\Programs\Python\Python310\Scripts;C:\WINDOWS\system32;C:\WINDOWS;C:\WINDOWS\System32\Wbem;C:\WINDOWS\System32\WindowsPowerShell\v1.0\;C:\WINDOWS\System32\OpenSSH\;C:\Program Files (x86)\Microsoft SQL Server\150\DTS\Binn\;C:\xampp\tomcat\lib;C:\xampp\php;C:\ProgramData\ComposerSetup\bin;C:\Windows\System32;C:\Program Files\Git\cmd;C:\Program Files\MySQL\MySQL Server 8.0\bin;C:\Program Files\MySQL\MySQL Server 8.0\lib;%NVM_HOME%;%NVM_SYMLINK%;C:\Program Files\nodejs\;C:\Users\kiemp\AppData\Local\Programs\Python\Python310\Scripts\;C:\Users\kiemp\AppData\Local\Programs\Python\Python310\;C:\Users\kiemp\AppData\Local\Microsoft\WindowsApps;C:\Users\kiemp\AppData\Local\Programs\Microsoft VS Code\bin;C:\Program Files\Azure Data Studio\bin;C:\Program Files\JetBrains\IntelliJ IDEA Community Edition 2022.1\bin;;C:\Users\kiemp\AppData\Local\GitHubDesktop\bin;C:\Program Files\Java\jdk-18.0.2.1\bin;C:\Users\kiemp\AppData\Roaming\Composer\vendor\bin;C:\Users\kiemp\.dotnet\tools;C:\nvm;C:\
USERNAME=kiemp
OS=Windows_NT
PROCESSOR_IDENTIFIER=AMD64 Family 23 Model 96 Stepping 1, AuthenticAMD
TMP=C:\Users\kiemp\AppData\Local\Temp
TEMP=C:\Users\kiemp\AppData\Local\Temp



---------------  S Y S T E M  ---------------

OS:
 Windows 11 , 64 bit Build 22621 (10.0.22621.1485)
OS uptime: 0 days 1:09 hours

CPU: total 16 (initial active 16) (16 cores per cpu, 2 threads per core) family 23 model 96 stepping 1 microcode 0x0, cx8, cmov, fxsr, ht, mmx, 3dnowpref, sse, sse2, sse3, ssse3, sse4a, sse4.1, sse4.2, popcnt, lzcnt, tsc, tscinvbit, avx, avx2, aes, clmul, bmi1, bmi2, adx, sha, fma, vzeroupper, clflush, clflushopt

Memory: 4k page, system-wide physical 23983M (4913M free)
TotalPageFile size 26031M (AvailPageFile size 5M)
current process WorkingSet (physical memory assigned to process): 47M, peak: 47M
current process commit charge ("private bytes"): 207M, peak: 207M

vm_info: OpenJDK 64-Bit Server VM (17.0.6+10) for windows-amd64 JRE (17.0.6+10), built on Jan 18 2023 10:08:59 by "temurin" with MS VC++ 16.7 (VS2019)

END.
