#
# There is insufficient memory for the Java Runtime Environment to continue.
# Native memory allocation (malloc) failed to allocate 101920 bytes for Chunk::new
# Possible reasons:
#   The system is out of physical RAM or swap space
#   The process is running with CompressedOops enabled, and the Java Heap may be blocking the growth of the native heap
# Possible solutions:
#   Reduce memory load on the system
#   Increase physical memory or swap space
#   Check if swap backing store is full
#   Decrease Java heap size (-Xmx/-Xms)
#   Decrease number of Java threads
#   Decrease Java thread stack sizes (-Xss)
#   Set larger code cache with -XX:ReservedCodeCacheSize=
#   JVM is running with Unscaled Compressed Oops mode in which the Java heap is
#     placed in the first 4GB address space. The Java Heap base address is the
#     maximum limit for the native heap growth. Please use -XX:HeapBaseMinAddress
#     to set the Java Heap base and to place the Java Heap above 4GB virtual address.
# This output file may be truncated or incomplete.
#
#  Out of Memory Error (arena.cpp:189), pid=26920, tid=26264
#
# JRE version: OpenJDK Runtime Environment Temurin-17.0.6+10 (17.0.6+10) (build 17.0.6+10)
# Java VM: OpenJDK 64-Bit Server VM Temurin-17.0.6+10 (17.0.6+10, mixed mode, tiered, compressed oops, compressed class ptrs, parallel gc, windows-amd64)
# No core dump will be written. Minidumps are not enabled by default on client versions of Windows
#

---------------  S U M M A R Y ------------

Command Line: --add-modules=ALL-SYSTEM --add-opens=java.base/java.util=ALL-UNNAMED --add-opens=java.base/java.lang=ALL-UNNAMED --add-opens=java.base/sun.nio.fs=ALL-UNNAMED -Declipse.application=org.eclipse.jdt.ls.core.id1 -Dosgi.bundles.defaultStartLevel=4 -Declipse.product=org.eclipse.jdt.ls.core.product -Djava.import.generatesMetadataFilesAtProjectRoot=false -Dfile.encoding=utf8 -XX:+UseParallelGC -XX:GCTimeRatio=4 -XX:AdaptiveSizePolicyWeight=90 -Dsun.zip.disableMemoryMapping=true -Xmx1G -Xms100m -Xlog:disable -javaagent:c:\Users\kiemp\.vscode\extensions\redhat.java-1.16.0-win32-x64\lombok\lombok-1.18.24.jar -XX:+HeapDumpOnOutOfMemoryError -XX:HeapDumpPath=c:\Users\kiemp\AppData\Roaming\Code\User\workspaceStorage\c592173f26da50b681d098185c37a910\redhat.java c:\Users\kiemp\.vscode\extensions\redhat.java-1.16.0-win32-x64\server\plugins\org.eclipse.equinox.launcher_1.6.400.v20210924-0641.jar -configuration c:\Users\kiemp\AppData\Roaming\Code\User\globalStorage\redhat.java\1.16.0\config_win -data c:\Users\kiemp\AppData\Roaming\Code\User\workspaceStorage\c592173f26da50b681d098185c37a910\redhat.java\jdt_ws

Host: AMD Ryzen 7 4800H with Radeon Graphics         , 16 cores, 23G,  Windows 11 , 64 bit Build 22621 (10.0.22621.1485)
Time: Mon Apr 10 17:37:54 2023 SE Asia Standard Time elapsed time: 6.221782 seconds (0d 0h 0m 6s)

---------------  T H R E A D  ---------------

Current thread (0x000001527e521140):  JavaThread "C2 CompilerThread2" daemon [_thread_in_native, id=26264, stack(0x00000015df100000,0x00000015df200000)]


Current CompileTask:
C2:   6221 4108       4       org.eclipse.osgi.internal.loader.BundleLoader::addExportedProvidersFor (167 bytes)

Stack: [0x00000015df100000,0x00000015df200000]
Native frames: (J=compiled Java code, j=interpreted, Vv=VM code, C=native code)
V  [jvm.dll+0x67741a]
V  [jvm.dll+0x834434]
V  [jvm.dll+0x835bde]
V  [jvm.dll+0x836243]
V  [jvm.dll+0x2457b5]
V  [jvm.dll+0xabafc]
V  [jvm.dll+0xac0cc]
V  [jvm.dll+0x6c587b]
V  [jvm.dll+0x1bbf27]
V  [jvm.dll+0x218749]
V  [jvm.dll+0x217a11]
V  [jvm.dll+0x1a3d0d]
V  [jvm.dll+0x22742a]
V  [jvm.dll+0x225565]
V  [jvm.dll+0x7ea2cb]
V  [jvm.dll+0x7e483a]
V  [jvm.dll+0x6762c5]
C  [ucrtbase.dll+0x29363]
C  [KERNEL32.DLL+0x1269d]
C  [ntdll.dll+0x5a9f8]


---------------  P R O C E S S  ---------------

Threads class SMR info:
_java_thread_list=0x000001520f2eb4c0, length=32, elements={
0x00000152745316b0, 0x00000152793a9140, 0x000001527af087d0, 0x00000152793adfb0,
0x00000152793ae970, 0x00000152745edb80, 0x000001527af30300, 0x000001527af34b90,
0x000001527af36b80, 0x000001527af37570, 0x000001527afb44c0, 0x000001527b0c4730,
0x000001527b0cc730, 0x000001527b2276e0, 0x000001527ce15af0, 0x000001527e3e5770,
0x000001527e604b50, 0x000001527e405b00, 0x000001527e6260c0, 0x000001527e604060,
0x000001527e8d00a0, 0x000001527e521650, 0x000001527e77c510, 0x000001527e8003b0,
0x000001527e521140, 0x000001527e801220, 0x000001527e7ff540, 0x000001527e522070,
0x000001527e522580, 0x000001527e802a30, 0x000001527e522a90, 0x000001527e7ffee0
}

Java Threads: ( => current thread )
  0x00000152745316b0 JavaThread "main" [_thread_blocked, id=3340, stack(0x00000015dcb00000,0x00000015dcc00000)]
  0x00000152793a9140 JavaThread "Reference Handler" daemon [_thread_blocked, id=12708, stack(0x00000015dce00000,0x00000015dcf00000)]
  0x000001527af087d0 JavaThread "Finalizer" daemon [_thread_blocked, id=26720, stack(0x00000015dcf00000,0x00000015dd000000)]
  0x00000152793adfb0 JavaThread "Signal Dispatcher" daemon [_thread_blocked, id=6060, stack(0x00000015dd000000,0x00000015dd100000)]
  0x00000152793ae970 JavaThread "Attach Listener" daemon [_thread_blocked, id=13336, stack(0x00000015dd100000,0x00000015dd200000)]
  0x00000152745edb80 JavaThread "Service Thread" daemon [_thread_blocked, id=17468, stack(0x00000015dd200000,0x00000015dd300000)]
  0x000001527af30300 JavaThread "Monitor Deflation Thread" daemon [_thread_blocked, id=27064, stack(0x00000015dd300000,0x00000015dd400000)]
  0x000001527af34b90 JavaThread "C2 CompilerThread0" daemon [_thread_in_native, id=7524, stack(0x00000015dd400000,0x00000015dd500000)]
  0x000001527af36b80 JavaThread "C1 CompilerThread0" daemon [_thread_blocked, id=18060, stack(0x00000015dd500000,0x00000015dd600000)]
  0x000001527af37570 JavaThread "Sweeper thread" daemon [_thread_blocked, id=25148, stack(0x00000015dd600000,0x00000015dd700000)]
  0x000001527afb44c0 JavaThread "Common-Cleaner" daemon [_thread_blocked, id=26896, stack(0x00000015dd700000,0x00000015dd800000)]
  0x000001527b0c4730 JavaThread "C1 CompilerThread1" daemon [_thread_blocked, id=3084, stack(0x00000015dd800000,0x00000015dd900000)]
  0x000001527b0cc730 JavaThread "C1 CompilerThread2" daemon [_thread_blocked, id=26884, stack(0x00000015dd900000,0x00000015dda00000)]
  0x000001527b2276e0 JavaThread "C1 CompilerThread3" daemon [_thread_blocked, id=21728, stack(0x00000015ddb00000,0x00000015ddc00000)]
  0x000001527ce15af0 JavaThread "Notification Thread" daemon [_thread_blocked, id=26404, stack(0x00000015ddc00000,0x00000015ddd00000)]
  0x000001527e3e5770 JavaThread "Active Thread: Equinox Container: 0312d363-7c85-4191-ac6f-30f1ef694cf4" [_thread_blocked, id=27636, stack(0x00000015de400000,0x00000015de500000)]
  0x000001527e604b50 JavaThread "Framework Event Dispatcher: Equinox Container: 0312d363-7c85-4191-ac6f-30f1ef694cf4" daemon [_thread_blocked, id=26804, stack(0x00000015de500000,0x00000015de600000)]
  0x000001527e405b00 JavaThread "Start Level: Equinox Container: 0312d363-7c85-4191-ac6f-30f1ef694cf4" daemon [_thread_blocked, id=25104, stack(0x00000015de600000,0x00000015de700000)]
  0x000001527e6260c0 JavaThread "SCR Component Actor" daemon [_thread_blocked, id=5468, stack(0x00000015de700000,0x00000015de800000)]
  0x000001527e604060 JavaThread "SCR Component Registry" daemon [_thread_blocked, id=12992, stack(0x00000015de300000,0x00000015de400000)]
  0x000001527e8d00a0 JavaThread "Worker-JM" [_thread_blocked, id=20768, stack(0x00000015de200000,0x00000015de300000)]
  0x000001527e521650 JavaThread "C2 CompilerThread1" daemon [_thread_in_native, id=17504, stack(0x00000015dea00000,0x00000015deb00000)]
  0x000001527e77c510 JavaThread "Worker-0: Repository registry initialization" [_thread_in_vm, id=15944, stack(0x00000015def00000,0x00000015df000000)]
  0x000001527e8003b0 JavaThread "Worker-1" [_thread_blocked, id=25332, stack(0x00000015df000000,0x00000015df100000)]
=>0x000001527e521140 JavaThread "C2 CompilerThread2" daemon [_thread_in_native, id=26264, stack(0x00000015df100000,0x00000015df200000)]
  0x000001527e801220 JavaThread "Java indexing" daemon [_thread_blocked, id=12496, stack(0x00000015df300000,0x00000015df400000)]
  0x000001527e7ff540 JavaThread "JNA Cleaner" daemon [_thread_blocked, id=6332, stack(0x00000015df400000,0x00000015df500000)]
  0x000001527e522070 JavaThread "C2 CompilerThread3" daemon [_thread_blocked, id=24248, stack(0x00000015df700000,0x00000015df800000)]
  0x000001527e522580 JavaThread "C2 CompilerThread4" daemon [_thread_in_native, id=24892, stack(0x00000015df800000,0x00000015df900000)]
  0x000001527e802a30 JavaThread "pool-2-thread-1" [_thread_blocked, id=3764, stack(0x00000015df900000,0x00000015dfa00000)]
  0x000001527e522a90 JavaThread "C2 CompilerThread5" daemon [_thread_in_native, id=25804, stack(0x00000015dfa00000,0x00000015dfb00000)]
  0x000001527e7ffee0 JavaThread "pool-1-thread-1" [_thread_in_native, id=24908, stack(0x00000015dfc00000,0x00000015dfd00000)]

Other Threads:
  0x00000152793a6270 VMThread "VM Thread" [stack: 0x00000015dcd00000,0x00000015dce00000] [id=26852]
  0x000001527ce15fc0 WatcherThread [stack: 0x00000015ddd00000,0x00000015dde00000] [id=25868]
  0x00000152745493c0 GCTaskThread "GC Thread#0" [stack: 0x00000015dcc00000,0x00000015dcd00000] [id=1572]
  0x000001527d3921d0 GCTaskThread "GC Thread#1" [stack: 0x00000015dda00000,0x00000015ddb00000] [id=26936]
  0x000001527d3930c0 GCTaskThread "GC Thread#2" [stack: 0x00000015dde00000,0x00000015ddf00000] [id=26084]
  0x000001527d4a08e0 GCTaskThread "GC Thread#3" [stack: 0x00000015ddf00000,0x00000015de000000] [id=17660]
  0x000001527d4a0b90 GCTaskThread "GC Thread#4" [stack: 0x00000015de000000,0x00000015de100000] [id=5992]
  0x000001527d4a0e40 GCTaskThread "GC Thread#5" [stack: 0x00000015de100000,0x00000015de200000] [id=27108]
  0x000001527e27a990 GCTaskThread "GC Thread#6" [stack: 0x00000015de800000,0x00000015de900000] [id=13184]
  0x000001527e279970 GCTaskThread "GC Thread#7" [stack: 0x00000015de900000,0x00000015dea00000] [id=14816]
  0x000001527e27b1a0 GCTaskThread "GC Thread#8" [stack: 0x00000015deb00000,0x00000015dec00000] [id=27248]
  0x000001527e27a6e0 GCTaskThread "GC Thread#9" [stack: 0x00000015dec00000,0x00000015ded00000] [id=24384]
  0x000001527e279c20 GCTaskThread "GC Thread#10" [stack: 0x00000015ded00000,0x00000015dee00000] [id=26956]
  0x000001527e2796c0 GCTaskThread "GC Thread#11" [stack: 0x00000015dee00000,0x00000015def00000] [id=8008]
  0x000001527e27a180 GCTaskThread "GC Thread#12" [stack: 0x00000015df200000,0x00000015df300000] [id=17160]

Threads with active compile tasks:
C2 CompilerThread0     6240 4175       4       org.eclipse.osgi.internal.loader.classpath.ClasspathManager::findLocalClassImpl (55 bytes)
C2 CompilerThread1     6240 4049   !   4       org.eclipse.osgi.internal.loader.classpath.ClasspathManager::defineClass (636 bytes)
C2 CompilerThread2     6240 4108       4       org.eclipse.osgi.internal.loader.BundleLoader::addExportedProvidersFor (167 bytes)
C2 CompilerThread4     6240 3840   !   4       org.eclipse.osgi.internal.loader.classpath.ClasspathManager::findLocalClass (210 bytes)
C2 CompilerThread5     6240 4552   !   4       org.eclipse.osgi.internal.loader.BundleLoader::findClass0 (466 bytes)

VM state: not at safepoint (normal execution)

VM Mutex/Monitor currently owned by a thread:  ([mutex/lock_event])
[0x000001527452c8e0] Metaspace_lock - owner thread: 0x000001527e77c510

Heap address: 0x00000000c0000000, size: 1024 MB, Compressed Oops mode: 32-bit

CDS archive(s) not mapped
Compressed class space mapped at: 0x0000000100000000-0x0000000140000000, reserved size: 1073741824
Narrow klass base: 0x0000000000000000, Narrow klass shift: 3, Narrow klass range: 0x140000000

GC Precious Log:
 CPUs: 16 total, 16 available
 Memory: 23983M
 Large Page Support: Disabled
 NUMA Support: Disabled
 Compressed Oops: Enabled (32-bit)
 Alignments: Space 512K, Generation 512K, Heap 2M
 Heap Min Capacity: 100M
 Heap Initial Capacity: 100M
 Heap Max Capacity: 1G
 Pre-touch: Disabled
 Parallel Workers: 13

Heap:
 PSYoungGen      total 24064K, used 23567K [0x00000000eab00000, 0x00000000ec580000, 0x0000000100000000)
  eden space 22528K, 99% used [0x00000000eab00000,0x00000000ec0d3c78,0x00000000ec100000)
  from space 1536K, 79% used [0x00000000ec300000,0x00000000ec430000,0x00000000ec480000)
  to   space 1024K, 0% used [0x00000000ec480000,0x00000000ec480000,0x00000000ec580000)
 ParOldGen       total 68608K, used 13097K [0x00000000c0000000, 0x00000000c4300000, 0x00000000eab00000)
  object space 68608K, 19% used [0x00000000c0000000,0x00000000c0cca498,0x00000000c4300000)
 Metaspace       used 43394K, committed 44352K, reserved 1089536K
  class space    used 4660K, committed 5120K, reserved 1048576K

Card table byte_map: [0x0000015273ed0000,0x00000152740e0000] _byte_map_base: 0x00000152738d0000

Marking Bits: (ParMarkBitMap*) 0x00007ffd1b4d3e70
 Begin Bits: [0x00000152771b0000, 0x00000152781b0000)
 End Bits:   [0x00000152781b0000, 0x00000152791b0000)

Polling page: 0x00000152724d0000

Metaspace:

Usage:
  Non-class:     37.83 MB used.
      Class:      4.55 MB used.
       Both:     42.38 MB used.

Virtual space:
  Non-class space:       40.00 MB reserved,      38.31 MB ( 96%) committed,  5 nodes.
      Class space:        1.00 GB reserved,       5.00 MB ( <1%) committed,  1 nodes.
             Both:        1.04 GB reserved,      43.31 MB (  4%) committed. 

Chunk freelists:
   Non-Class:  880.00 KB
       Class:  2.84 MB
        Both:  3.70 MB

MaxMetaspaceSize: unlimited
CompressedClassSpaceSize: 1.00 GB
Initial GC threshold: 21.00 MB
Current GC threshold: 58.38 MB
CDS: off
MetaspaceReclaimPolicy: balanced
 - commit_granule_bytes: 65536.
 - commit_granule_words: 8192.
 - virtual_space_node_default_size: 1048576.
 - enlarge_chunks_in_place: 1.
 - new_chunks_are_fully_committed: 0.
 - uncommit_free_chunks: 1.
 - use_allocation_guard: 0.
 - handle_deallocations: 1.


Internal statistics:

num_allocs_failed_limit: 6.
num_arena_births: 560.
num_arena_deaths: 14.
num_vsnodes_births: 6.
num_vsnodes_deaths: 0.
num_space_committed: 693.
num_space_uncommitted: 0.
num_chunks_returned_to_freelist: 20.
num_chunks_taken_from_freelist: 2179.
num_chunk_merges: 10.
num_chunk_splits: 1345.
num_chunks_enlarged: 746.
num_purges: 2.
num_inconsistent_stats: 0.

CodeHeap 'non-profiled nmethods': size=119168Kb used=2095Kb max_used=2095Kb free=117072Kb
 bounds [0x0000015207ba0000, 0x0000015207e10000, 0x000001520f000000]
CodeHeap 'profiled nmethods': size=119104Kb used=9391Kb max_used=9391Kb free=109712Kb
 bounds [0x0000015200000000, 0x0000015200930000, 0x0000015207450000]
CodeHeap 'non-nmethods': size=7488Kb used=2958Kb max_used=3060Kb free=4529Kb
 bounds [0x0000015207450000, 0x0000015207750000, 0x0000015207ba0000]
 total_blobs=5142 nmethods=4548 adapters=504
 compilation: enabled
              stopped_count=0, restarted_count=0
 full_count=0

Compilation events (20 events):
Event: 6.172 Thread 0x000001527af36b80 nmethod 4546 0x0000015200926990 code [0x0000015200926b40, 0x0000015200926d08]
Event: 6.175 Thread 0x000001527b2276e0 4547       3       org.eclipse.sisu.inject.Implementations$ClassFinder::visit (9 bytes)
Event: 6.175 Thread 0x000001527af36b80 4548       3       org.eclipse.sisu.inject.Implementations$ClassFinder::visit (13 bytes)
Event: 6.176 Thread 0x000001527af36b80 nmethod 4548 0x0000015200926e10 code [0x0000015200926fc0, 0x0000015200927178]
Event: 6.176 Thread 0x000001527af36b80 4550       3       org.eclipse.sisu.inject.Implementations::find (13 bytes)
Event: 6.176 Thread 0x000001527b0c4730 4549       3       org.eclipse.sisu.inject.InjectorBindings::isAssignableFrom (28 bytes)
Event: 6.176 Thread 0x000001527b0cc730 4551       3       org.eclipse.sisu.inject.TypeArguments::isAssignableFrom (158 bytes)
Event: 6.176 Thread 0x000001527b2276e0 nmethod 4547 0x0000015200927310 code [0x00000152009274c0, 0x00000152009277d8]
Event: 6.177 Thread 0x000001527af36b80 nmethod 4550 0x0000015200927990 code [0x0000015200927b40, 0x0000015200927de8]
Event: 6.177 Thread 0x000001527b0c4730 nmethod 4549 0x0000015200927f10 code [0x0000015200928100, 0x00000152009285e8]
Event: 6.178 Thread 0x000001527b0cc730 nmethod 4551 0x0000015200928790 code [0x0000015200928b20, 0x000001520092a3c8]
Event: 6.183 Thread 0x000001527e522a90 4552   !   4       org.eclipse.osgi.internal.loader.BundleLoader::findClass0 (466 bytes)
Event: 6.195 Thread 0x000001527b2276e0 4553       3       java.util.regex.Pattern$Slice::match (79 bytes)
Event: 6.195 Thread 0x000001527b2276e0 nmethod 4553 0x000001520092aa10 code [0x000001520092abe0, 0x000001520092b078]
Event: 6.200 Thread 0x000001527e522070 4554       4       org.eclipse.osgi.internal.loader.ModuleClassLoader::loadClass (36 bytes)
Event: 6.204 Thread 0x000001527b0cc730 4555       3       java.lang.StringUTF16::getChars (42 bytes)
Event: 6.204 Thread 0x000001527b0c4730 4556       3       java.lang.StringUTF16::length (5 bytes)
Event: 6.205 Thread 0x000001527b0c4730 nmethod 4556 0x000001520092b210 code [0x000001520092b3a0, 0x000001520092b498]
Event: 6.205 Thread 0x000001527b0cc730 nmethod 4555 0x000001520092b590 code [0x000001520092b760, 0x000001520092baa8]
Event: 6.206 Thread 0x000001527e522070 nmethod 4554 0x0000015207dab790 code [0x0000015207dab940, 0x0000015207dabb38]

GC Heap History (20 events):
Event: 3.142 GC heap before
{Heap before GC invocations=4 (full 0):
 PSYoungGen      total 29696K, used 12580K [0x00000000eab00000, 0x00000000ecc00000, 0x0000000100000000)
  eden space 25600K, 33% used [0x00000000eab00000,0x00000000eb34f658,0x00000000ec400000)
  from space 4096K, 99% used [0x00000000ec400000,0x00000000ec7f9bf0,0x00000000ec800000)
  to   space 4096K, 0% used [0x00000000ec800000,0x00000000ec800000,0x00000000ecc00000)
 ParOldGen       total 68608K, used 3697K [0x00000000c0000000, 0x00000000c4300000, 0x00000000eab00000)
  object space 68608K, 5% used [0x00000000c0000000,0x00000000c039c500,0x00000000c4300000)
 Metaspace       used 21082K, committed 21504K, reserved 1073152K
  class space    used 2118K, committed 2304K, reserved 1048576K
}
Event: 3.145 GC heap after
{Heap after GC invocations=4 (full 0):
 PSYoungGen      total 29696K, used 4070K [0x00000000eab00000, 0x00000000ecc00000, 0x0000000100000000)
  eden space 25600K, 0% used [0x00000000eab00000,0x00000000eab00000,0x00000000ec400000)
  from space 4096K, 99% used [0x00000000ec800000,0x00000000ecbf9bf0,0x00000000ecc00000)
  to   space 4096K, 0% used [0x00000000ec400000,0x00000000ec400000,0x00000000ec800000)
 ParOldGen       total 68608K, used 4001K [0x00000000c0000000, 0x00000000c4300000, 0x00000000eab00000)
  object space 68608K, 5% used [0x00000000c0000000,0x00000000c03e8500,0x00000000c4300000)
 Metaspace       used 21082K, committed 21504K, reserved 1073152K
  class space    used 2118K, committed 2304K, reserved 1048576K
}
Event: 3.145 GC heap before
{Heap before GC invocations=5 (full 1):
 PSYoungGen      total 29696K, used 4070K [0x00000000eab00000, 0x00000000ecc00000, 0x0000000100000000)
  eden space 25600K, 0% used [0x00000000eab00000,0x00000000eab00000,0x00000000ec400000)
  from space 4096K, 99% used [0x00000000ec800000,0x00000000ecbf9bf0,0x00000000ecc00000)
  to   space 4096K, 0% used [0x00000000ec400000,0x00000000ec400000,0x00000000ec800000)
 ParOldGen       total 68608K, used 4001K [0x00000000c0000000, 0x00000000c4300000, 0x00000000eab00000)
  object space 68608K, 5% used [0x00000000c0000000,0x00000000c03e8500,0x00000000c4300000)
 Metaspace       used 21082K, committed 21504K, reserved 1073152K
  class space    used 2118K, committed 2304K, reserved 1048576K
}
Event: 3.167 GC heap after
{Heap after GC invocations=5 (full 1):
 PSYoungGen      total 29696K, used 0K [0x00000000eab00000, 0x00000000ecc00000, 0x0000000100000000)
  eden space 25600K, 0% used [0x00000000eab00000,0x00000000eab00000,0x00000000ec400000)
  from space 4096K, 0% used [0x00000000ec800000,0x00000000ec800000,0x00000000ecc00000)
  to   space 4096K, 0% used [0x00000000ec400000,0x00000000ec400000,0x00000000ec800000)
 ParOldGen       total 68608K, used 7870K [0x00000000c0000000, 0x00000000c4300000, 0x00000000eab00000)
  object space 68608K, 11% used [0x00000000c0000000,0x00000000c07af818,0x00000000c4300000)
 Metaspace       used 21069K, committed 21504K, reserved 1073152K
  class space    used 2115K, committed 2304K, reserved 1048576K
}
Event: 3.695 GC heap before
{Heap before GC invocations=6 (full 1):
 PSYoungGen      total 29696K, used 25600K [0x00000000eab00000, 0x00000000ecc00000, 0x0000000100000000)
  eden space 25600K, 100% used [0x00000000eab00000,0x00000000ec400000,0x00000000ec400000)
  from space 4096K, 0% used [0x00000000ec800000,0x00000000ec800000,0x00000000ecc00000)
  to   space 4096K, 0% used [0x00000000ec400000,0x00000000ec400000,0x00000000ec800000)
 ParOldGen       total 68608K, used 7870K [0x00000000c0000000, 0x00000000c4300000, 0x00000000eab00000)
  object space 68608K, 11% used [0x00000000c0000000,0x00000000c07af818,0x00000000c4300000)
 Metaspace       used 24331K, committed 24896K, reserved 1073152K
  class space    used 2537K, committed 2816K, reserved 1048576K
}
Event: 3.698 GC heap after
{Heap after GC invocations=6 (full 1):
 PSYoungGen      total 27136K, used 2009K [0x00000000eab00000, 0x00000000ec980000, 0x0000000100000000)
  eden space 25088K, 0% used [0x00000000eab00000,0x00000000eab00000,0x00000000ec380000)
  from space 2048K, 98% used [0x00000000ec400000,0x00000000ec5f6460,0x00000000ec600000)
  to   space 3072K, 0% used [0x00000000ec680000,0x00000000ec680000,0x00000000ec980000)
 ParOldGen       total 68608K, used 7878K [0x00000000c0000000, 0x00000000c4300000, 0x00000000eab00000)
  object space 68608K, 11% used [0x00000000c0000000,0x00000000c07b1818,0x00000000c4300000)
 Metaspace       used 24331K, committed 24896K, reserved 1073152K
  class space    used 2537K, committed 2816K, reserved 1048576K
}
Event: 4.130 GC heap before
{Heap before GC invocations=7 (full 1):
 PSYoungGen      total 27136K, used 27097K [0x00000000eab00000, 0x00000000ec980000, 0x0000000100000000)
  eden space 25088K, 100% used [0x00000000eab00000,0x00000000ec380000,0x00000000ec380000)
  from space 2048K, 98% used [0x00000000ec400000,0x00000000ec5f6460,0x00000000ec600000)
  to   space 3072K, 0% used [0x00000000ec680000,0x00000000ec680000,0x00000000ec980000)
 ParOldGen       total 68608K, used 7878K [0x00000000c0000000, 0x00000000c4300000, 0x00000000eab00000)
  object space 68608K, 11% used [0x00000000c0000000,0x00000000c07b1818,0x00000000c4300000)
 Metaspace       used 27768K, committed 28416K, reserved 1081344K
  class space    used 2781K, committed 3072K, reserved 1048576K
}
Event: 4.132 GC heap after
{Heap after GC invocations=7 (full 1):
 PSYoungGen      total 27648K, used 2676K [0x00000000eab00000, 0x00000000ec980000, 0x0000000100000000)
  eden space 24576K, 0% used [0x00000000eab00000,0x00000000eab00000,0x00000000ec300000)
  from space 3072K, 87% used [0x00000000ec680000,0x00000000ec91d1d8,0x00000000ec980000)
  to   space 3072K, 0% used [0x00000000ec380000,0x00000000ec380000,0x00000000ec680000)
 ParOldGen       total 68608K, used 7886K [0x00000000c0000000, 0x00000000c4300000, 0x00000000eab00000)
  object space 68608K, 11% used [0x00000000c0000000,0x00000000c07b3818,0x00000000c4300000)
 Metaspace       used 27768K, committed 28416K, reserved 1081344K
  class space    used 2781K, committed 3072K, reserved 1048576K
}
Event: 4.431 GC heap before
{Heap before GC invocations=8 (full 1):
 PSYoungGen      total 27648K, used 27252K [0x00000000eab00000, 0x00000000ec980000, 0x0000000100000000)
  eden space 24576K, 100% used [0x00000000eab00000,0x00000000ec300000,0x00000000ec300000)
  from space 3072K, 87% used [0x00000000ec680000,0x00000000ec91d1d8,0x00000000ec980000)
  to   space 3072K, 0% used [0x00000000ec380000,0x00000000ec380000,0x00000000ec680000)
 ParOldGen       total 68608K, used 7886K [0x00000000c0000000, 0x00000000c4300000, 0x00000000eab00000)
  object space 68608K, 11% used [0x00000000c0000000,0x00000000c07b3818,0x00000000c4300000)
 Metaspace       used 30596K, committed 31296K, reserved 1081344K
  class space    used 3016K, committed 3328K, reserved 1048576K
}
Event: 4.434 GC heap after
{Heap after GC invocations=8 (full 1):
 PSYoungGen      total 27136K, used 3063K [0x00000000eab00000, 0x00000000ec980000, 0x0000000100000000)
  eden space 24064K, 0% used [0x00000000eab00000,0x00000000eab00000,0x00000000ec280000)
  from space 3072K, 99% used [0x00000000ec380000,0x00000000ec67dff8,0x00000000ec680000)
  to   space 3072K, 0% used [0x00000000ec680000,0x00000000ec680000,0x00000000ec980000)
 ParOldGen       total 68608K, used 8006K [0x00000000c0000000, 0x00000000c4300000, 0x00000000eab00000)
  object space 68608K, 11% used [0x00000000c0000000,0x00000000c07d1818,0x00000000c4300000)
 Metaspace       used 30596K, committed 31296K, reserved 1081344K
  class space    used 3016K, committed 3328K, reserved 1048576K
}
Event: 4.908 GC heap before
{Heap before GC invocations=9 (full 1):
 PSYoungGen      total 27136K, used 27127K [0x00000000eab00000, 0x00000000ec980000, 0x0000000100000000)
  eden space 24064K, 100% used [0x00000000eab00000,0x00000000ec280000,0x00000000ec280000)
  from space 3072K, 99% used [0x00000000ec380000,0x00000000ec67dff8,0x00000000ec680000)
  to   space 3072K, 0% used [0x00000000ec680000,0x00000000ec680000,0x00000000ec980000)
 ParOldGen       total 68608K, used 8006K [0x00000000c0000000, 0x00000000c4300000, 0x00000000eab00000)
  object space 68608K, 11% used [0x00000000c0000000,0x00000000c07d1818,0x00000000c4300000)
 Metaspace       used 34624K, committed 35392K, reserved 1081344K
  class space    used 3513K, committed 3904K, reserved 1048576K
}
Event: 4.911 GC heap after
{Heap after GC invocations=9 (full 1):
 PSYoungGen      total 26624K, used 3045K [0x00000000eab00000, 0x00000000ecb00000, 0x0000000100000000)
  eden space 23552K, 0% used [0x00000000eab00000,0x00000000eab00000,0x00000000ec200000)
  from space 3072K, 99% used [0x00000000ec680000,0x00000000ec9794a0,0x00000000ec980000)
  to   space 4608K, 0% used [0x00000000ec200000,0x00000000ec200000,0x00000000ec680000)
 ParOldGen       total 68608K, used 9301K [0x00000000c0000000, 0x00000000c4300000, 0x00000000eab00000)
  object space 68608K, 13% used [0x00000000c0000000,0x00000000c09156a0,0x00000000c4300000)
 Metaspace       used 34624K, committed 35392K, reserved 1081344K
  class space    used 3513K, committed 3904K, reserved 1048576K
}
Event: 4.956 GC heap before
{Heap before GC invocations=10 (full 1):
 PSYoungGen      total 26624K, used 6677K [0x00000000eab00000, 0x00000000ecb00000, 0x0000000100000000)
  eden space 23552K, 15% used [0x00000000eab00000,0x00000000eae8bf88,0x00000000ec200000)
  from space 3072K, 99% used [0x00000000ec680000,0x00000000ec9794a0,0x00000000ec980000)
  to   space 4608K, 0% used [0x00000000ec200000,0x00000000ec200000,0x00000000ec680000)
 ParOldGen       total 68608K, used 9301K [0x00000000c0000000, 0x00000000c4300000, 0x00000000eab00000)
  object space 68608K, 13% used [0x00000000c0000000,0x00000000c09156a0,0x00000000c4300000)
 Metaspace       used 35079K, committed 35840K, reserved 1081344K
  class space    used 3573K, committed 3904K, reserved 1048576K
}
Event: 4.958 GC heap after
{Heap after GC invocations=10 (full 1):
 PSYoungGen      total 25600K, used 1546K [0x00000000eab00000, 0x00000000ec800000, 0x0000000100000000)
  eden space 23552K, 0% used [0x00000000eab00000,0x00000000eab00000,0x00000000ec200000)
  from space 2048K, 75% used [0x00000000ec200000,0x00000000ec382868,0x00000000ec400000)
  to   space 3072K, 0% used [0x00000000ec500000,0x00000000ec500000,0x00000000ec800000)
 ParOldGen       total 68608K, used 11230K [0x00000000c0000000, 0x00000000c4300000, 0x00000000eab00000)
  object space 68608K, 16% used [0x00000000c0000000,0x00000000c0af79d8,0x00000000c4300000)
 Metaspace       used 35079K, committed 35840K, reserved 1081344K
  class space    used 3573K, committed 3904K, reserved 1048576K
}
Event: 4.958 GC heap before
{Heap before GC invocations=11 (full 2):
 PSYoungGen      total 25600K, used 1546K [0x00000000eab00000, 0x00000000ec800000, 0x0000000100000000)
  eden space 23552K, 0% used [0x00000000eab00000,0x00000000eab00000,0x00000000ec200000)
  from space 2048K, 75% used [0x00000000ec200000,0x00000000ec382868,0x00000000ec400000)
  to   space 3072K, 0% used [0x00000000ec500000,0x00000000ec500000,0x00000000ec800000)
 ParOldGen       total 68608K, used 11230K [0x00000000c0000000, 0x00000000c4300000, 0x00000000eab00000)
  object space 68608K, 16% used [0x00000000c0000000,0x00000000c0af79d8,0x00000000c4300000)
 Metaspace       used 35079K, committed 35840K, reserved 1081344K
  class space    used 3573K, committed 3904K, reserved 1048576K
}
Event: 4.985 GC heap after
{Heap after GC invocations=11 (full 2):
 PSYoungGen      total 25600K, used 0K [0x00000000eab00000, 0x00000000ec800000, 0x0000000100000000)
  eden space 23552K, 0% used [0x00000000eab00000,0x00000000eab00000,0x00000000ec200000)
  from space 2048K, 0% used [0x00000000ec200000,0x00000000ec200000,0x00000000ec400000)
  to   space 3072K, 0% used [0x00000000ec500000,0x00000000ec500000,0x00000000ec800000)
 ParOldGen       total 68608K, used 12369K [0x00000000c0000000, 0x00000000c4300000, 0x00000000eab00000)
  object space 68608K, 18% used [0x00000000c0000000,0x00000000c0c14550,0x00000000c4300000)
 Metaspace       used 35079K, committed 35840K, reserved 1081344K
  class space    used 3573K, committed 3904K, reserved 1048576K
}
Event: 5.269 GC heap before
{Heap before GC invocations=12 (full 2):
 PSYoungGen      total 25600K, used 23551K [0x00000000eab00000, 0x00000000ec800000, 0x0000000100000000)
  eden space 23552K, 99% used [0x00000000eab00000,0x00000000ec1fffc0,0x00000000ec200000)
  from space 2048K, 0% used [0x00000000ec200000,0x00000000ec200000,0x00000000ec400000)
  to   space 3072K, 0% used [0x00000000ec500000,0x00000000ec500000,0x00000000ec800000)
 ParOldGen       total 68608K, used 12369K [0x00000000c0000000, 0x00000000c4300000, 0x00000000eab00000)
  object space 68608K, 18% used [0x00000000c0000000,0x00000000c0c14550,0x00000000c4300000)
 Metaspace       used 37463K, committed 38272K, reserved 1089536K
  class space    used 3894K, committed 4288K, reserved 1048576K
}
Event: 5.271 GC heap after
{Heap after GC invocations=12 (full 2):
 PSYoungGen      total 24064K, used 928K [0x00000000eab00000, 0x00000000ec600000, 0x0000000100000000)
  eden space 23040K, 0% used [0x00000000eab00000,0x00000000eab00000,0x00000000ec180000)
  from space 1024K, 90% used [0x00000000ec500000,0x00000000ec5e8000,0x00000000ec600000)
  to   space 1536K, 0% used [0x00000000ec300000,0x00000000ec300000,0x00000000ec480000)
 ParOldGen       total 68608K, used 12377K [0x00000000c0000000, 0x00000000c4300000, 0x00000000eab00000)
  object space 68608K, 18% used [0x00000000c0000000,0x00000000c0c16550,0x00000000c4300000)
 Metaspace       used 37463K, committed 38272K, reserved 1089536K
  class space    used 3894K, committed 4288K, reserved 1048576K
}
Event: 5.533 GC heap before
{Heap before GC invocations=13 (full 2):
 PSYoungGen      total 24064K, used 23967K [0x00000000eab00000, 0x00000000ec600000, 0x0000000100000000)
  eden space 23040K, 99% used [0x00000000eab00000,0x00000000ec17ffb8,0x00000000ec180000)
  from space 1024K, 90% used [0x00000000ec500000,0x00000000ec5e8000,0x00000000ec600000)
  to   space 1536K, 0% used [0x00000000ec300000,0x00000000ec300000,0x00000000ec480000)
 ParOldGen       total 68608K, used 12377K [0x00000000c0000000, 0x00000000c4300000, 0x00000000eab00000)
  object space 68608K, 18% used [0x00000000c0000000,0x00000000c0c16550,0x00000000c4300000)
 Metaspace       used 40375K, committed 41216K, reserved 1089536K
  class space    used 4280K, committed 4672K, reserved 1048576K
}
Event: 5.535 GC heap after
{Heap after GC invocations=13 (full 2):
 PSYoungGen      total 24064K, used 1216K [0x00000000eab00000, 0x00000000ec580000, 0x0000000100000000)
  eden space 22528K, 0% used [0x00000000eab00000,0x00000000eab00000,0x00000000ec100000)
  from space 1536K, 79% used [0x00000000ec300000,0x00000000ec430000,0x00000000ec480000)
  to   space 1024K, 0% used [0x00000000ec480000,0x00000000ec480000,0x00000000ec580000)
 ParOldGen       total 68608K, used 13097K [0x00000000c0000000, 0x00000000c4300000, 0x00000000eab00000)
  object space 68608K, 19% used [0x00000000c0000000,0x00000000c0cca498,0x00000000c4300000)
 Metaspace       used 40375K, committed 41216K, reserved 1089536K
  class space    used 4280K, committed 4672K, reserved 1048576K
}

Dll operation events (10 events):
Event: 0.010 Loaded shared library c:\Users\kiemp\.vscode\extensions\redhat.java-1.16.0-win32-x64\jre\17.0.6-win32-x86_64\bin\java.dll
Event: 0.168 Loaded shared library c:\Users\kiemp\.vscode\extensions\redhat.java-1.16.0-win32-x64\jre\17.0.6-win32-x86_64\bin\zip.dll
Event: 0.172 Loaded shared library C:\Users\kiemp\.vscode\extensions\redhat.java-1.16.0-win32-x64\jre\17.0.6-win32-x86_64\bin\instrument.dll
Event: 0.188 Loaded shared library C:\Users\kiemp\.vscode\extensions\redhat.java-1.16.0-win32-x64\jre\17.0.6-win32-x86_64\bin\net.dll
Event: 0.191 Loaded shared library C:\Users\kiemp\.vscode\extensions\redhat.java-1.16.0-win32-x64\jre\17.0.6-win32-x86_64\bin\nio.dll
Event: 0.202 Loaded shared library C:\Users\kiemp\.vscode\extensions\redhat.java-1.16.0-win32-x64\jre\17.0.6-win32-x86_64\bin\zip.dll
Event: 0.222 Loaded shared library C:\Users\kiemp\.vscode\extensions\redhat.java-1.16.0-win32-x64\jre\17.0.6-win32-x86_64\bin\jimage.dll
Event: 0.284 Loaded shared library c:\Users\kiemp\.vscode\extensions\redhat.java-1.16.0-win32-x64\jre\17.0.6-win32-x86_64\bin\verify.dll
Event: 1.900 Loaded shared library C:\Users\kiemp\AppData\Roaming\Code\User\globalStorage\redhat.java\1.16.0\config_win\org.eclipse.equinox.launcher\org.eclipse.equinox.launcher.win32.win32.x86_64_1.2.700.v20221108-1024\eclipse_11801.dll
Event: 4.847 Loaded shared library C:\Users\kiemp\AppData\Local\Temp\jna-102045354\jna1225488816768478431.dll

Deoptimization events (20 events):
Event: 5.401 Thread 0x000001527e77c510 Uncommon trap: trap_request=0xffffffde fr.pc=0x0000015207d61494 relative=0x0000000000000494
Event: 5.401 Thread 0x000001527e77c510 Uncommon trap: reason=class_check action=maybe_recompile pc=0x0000015207d61494 method=java.lang.reflect.Executable.declaredAnnotations()Ljava/util/Map; @ 23 c2
Event: 5.401 Thread 0x000001527e77c510 DEOPT PACKING pc=0x0000015207d61494 sp=0x00000015deffe4f0
Event: 5.401 Thread 0x000001527e77c510 DEOPT UNPACKING pc=0x00000152074a66a3 sp=0x00000015deffe4c0 mode 2
Event: 5.409 Thread 0x00000152745316b0 Uncommon trap: trap_request=0xffffff45 fr.pc=0x0000015207cc7b54 relative=0x0000000000005a74
Event: 5.409 Thread 0x00000152745316b0 Uncommon trap: reason=unstable_if action=reinterpret pc=0x0000015207cc7b54 method=jdk.internal.org.objectweb.asm.Frame.execute(IILjdk/internal/org/objectweb/asm/Symbol;Ljdk/internal/org/objectweb/asm/SymbolTable;)V @ 1 c2
Event: 5.409 Thread 0x00000152745316b0 DEOPT PACKING pc=0x0000015207cc7b54 sp=0x00000015dcbfdd60
Event: 5.409 Thread 0x00000152745316b0 DEOPT UNPACKING pc=0x00000152074a66a3 sp=0x00000015dcbfdcf8 mode 2
Event: 5.557 Thread 0x000001527e7ffee0 Uncommon trap: trap_request=0xffffff45 fr.pc=0x0000015207c0ac0c relative=0x00000000000001ec
Event: 5.557 Thread 0x000001527e7ffee0 Uncommon trap: reason=unstable_if action=reinterpret pc=0x0000015207c0ac0c method=java.net.URI$Parser.scan(IIJJ)I @ 42 c2
Event: 5.557 Thread 0x000001527e7ffee0 DEOPT PACKING pc=0x0000015207c0ac0c sp=0x00000015dfcfdf90
Event: 5.557 Thread 0x000001527e7ffee0 DEOPT UNPACKING pc=0x00000152074a66a3 sp=0x00000015dfcfdf10 mode 2
Event: 5.557 Thread 0x000001527e7ffee0 Uncommon trap: trap_request=0xffffff45 fr.pc=0x0000015207d2de6c relative=0x000000000000012c
Event: 5.557 Thread 0x000001527e7ffee0 Uncommon trap: reason=unstable_if action=reinterpret pc=0x0000015207d2de6c method=java.nio.charset.CharsetDecoder.decode(Ljava/nio/ByteBuffer;Ljava/nio/CharBuffer;Z)Ljava/nio/charset/CoderResult; @ 1 c2
Event: 5.557 Thread 0x000001527e7ffee0 DEOPT PACKING pc=0x0000015207d2de6c sp=0x00000015dfcfdfd0
Event: 5.557 Thread 0x000001527e7ffee0 DEOPT UNPACKING pc=0x00000152074a66a3 sp=0x00000015dfcfdf88 mode 2
Event: 6.215 Thread 0x000001527e77c510 Uncommon trap: trap_request=0xffffff45 fr.pc=0x0000015207cdffb0 relative=0x0000000000000c30
Event: 6.215 Thread 0x000001527e77c510 Uncommon trap: reason=unstable_if action=reinterpret pc=0x0000015207cdffb0 method=java.util.Properties$LineReader.readLine()I @ 182 c2
Event: 6.215 Thread 0x000001527e77c510 DEOPT PACKING pc=0x0000015207cdffb0 sp=0x00000015deffe3e0
Event: 6.215 Thread 0x000001527e77c510 DEOPT UNPACKING pc=0x00000152074a66a3 sp=0x00000015deffe370 mode 2

Classes unloaded (7 events):
Event: 3.149 Thread 0x00000152793a6270 Unloading class 0x0000000100216400 'java/lang/invoke/LambdaForm$MH+0x0000000100216400'
Event: 3.149 Thread 0x00000152793a6270 Unloading class 0x0000000100216000 'java/lang/invoke/LambdaForm$MH+0x0000000100216000'
Event: 3.149 Thread 0x00000152793a6270 Unloading class 0x0000000100215c00 'java/lang/invoke/LambdaForm$MH+0x0000000100215c00'
Event: 3.149 Thread 0x00000152793a6270 Unloading class 0x0000000100215400 'java/lang/invoke/LambdaForm$MH+0x0000000100215400'
Event: 3.149 Thread 0x00000152793a6270 Unloading class 0x0000000100215000 'java/lang/invoke/LambdaForm$BMH+0x0000000100215000'
Event: 3.149 Thread 0x00000152793a6270 Unloading class 0x0000000100214c00 'java/lang/invoke/LambdaForm$DMH+0x0000000100214c00'
Event: 3.149 Thread 0x00000152793a6270 Unloading class 0x0000000100212000 'java/lang/invoke/LambdaForm$DMH+0x0000000100212000'

Classes redefined (0 events):
No events

Internal exceptions (20 events):
Event: 4.397 Thread 0x000001527e405b00 Exception <a 'java/lang/ClassNotFoundException'{0x00000000ec1e4b00}: com/sun/org/apache/xerces/internal/impl/msg/spi/XMLMessagesProvider> (0x00000000ec1e4b00) 
thrown [s\src\hotspot\share\classfile\systemDictionary.cpp, line 256]
Event: 4.440 Thread 0x000001527e405b00 Exception <a 'java/lang/NoSuchMethodError'{0x00000000eaba0ec0}: 'void java.lang.invoke.DirectMethodHandle$Holder.invokeVirtual(java.lang.Object, java.lang.Object)'> (0x00000000eaba0ec0) 
thrown [s\src\hotspot\share\interpreter\linkResolver.cpp, line 759]
Event: 4.477 Thread 0x000001527e405b00 Exception <a 'java/lang/NoSuchMethodError'{0x00000000eadd6370}: 'java.lang.Object java.lang.invoke.DirectMethodHandle$Holder.invokeStaticInit(java.lang.Object, int, int, int, int)'> (0x00000000eadd6370) 
thrown [s\src\hotspot\share\interpreter\linkResolver.cpp, line 759]
Event: 4.563 Thread 0x000001527e405b00 Exception <a 'java/lang/NoSuchMethodError'{0x00000000eaef4018}: 'java.lang.Object java.lang.invoke.DirectMethodHandle$Holder.invokeStaticInit(java.lang.Object, java.lang.Object, int, int, int, int)'> (0x00000000eaef4018) 
thrown [s\src\hotspot\share\interpreter\linkResolver.cpp, line 759]
Event: 4.634 Thread 0x000001527e405b00 Exception <a 'java/lang/ClassNotFoundException'{0x00000000eb2219f0}: com/sun/org/apache/xml/internal/serializer/spi/XMLEntitiesProvider> (0x00000000eb2219f0) 
thrown [s\src\hotspot\share\classfile\systemDictionary.cpp, line 256]
Event: 4.748 Thread 0x000001527e405b00 Exception <a 'java/io/FileNotFoundException'{0x00000000eb656f60}> (0x00000000eb656f60) 
thrown [s\src\hotspot\share\prims\jni.cpp, line 516]
Event: 4.882 Thread 0x000001527e405b00 Exception <a 'java/lang/UnsatisfiedLinkError'{0x00000000ebfb8cd0}: The specified procedure could not be found.
> (0x00000000ebfb8cd0) 
thrown [s\src\hotspot\share\prims\jni.cpp, line 535]
Event: 4.892 Thread 0x000001527e405b00 Exception <a 'java/io/FileNotFoundException'{0x00000000ec053b20}> (0x00000000ec053b20) 
thrown [s\src\hotspot\share\prims\jni.cpp, line 516]
Event: 4.903 Thread 0x000001527e405b00 Exception <a 'java/io/FileNotFoundException'{0x00000000ec1609a0}> (0x00000000ec1609a0) 
thrown [s\src\hotspot\share\prims\jni.cpp, line 516]
Event: 4.919 Thread 0x000001527e405b00 Exception <a 'java/lang/UnsatisfiedLinkError'{0x00000000eab43e80}: The specified procedure could not be found.
> (0x00000000eab43e80) 
thrown [s\src\hotspot\share\prims\jni.cpp, line 535]
Event: 5.053 Thread 0x00000152745316b0 Exception <a 'java/lang/NoSuchMethodError'{0x00000000eb095438}: 'java.lang.Object java.lang.invoke.DirectMethodHandle$Holder.invokeStatic(java.lang.Object, java.lang.Object, long, java.lang.Object)'> (0x00000000eb095438) 
thrown [s\src\hotspot\share\interpreter\linkResolver.cpp, line 759]
Event: 5.054 Thread 0x00000152745316b0 Exception <a 'java/lang/NoSuchMethodError'{0x00000000eb098ed0}: 'java.lang.Object java.lang.invoke.DirectMethodHandle$Holder.invokeStaticInit(java.lang.Object, java.lang.Object, long, java.lang.Object)'> (0x00000000eb098ed0) 
thrown [s\src\hotspot\share\interpreter\linkResolver.cpp, line 759]
Event: 5.055 Thread 0x00000152745316b0 Exception <a 'java/lang/NoSuchMethodError'{0x00000000eb09f4e0}: 'java.lang.Object java.lang.invoke.DirectMethodHandle$Holder.newInvokeSpecial(java.lang.Object, java.lang.Object, long)'> (0x00000000eb09f4e0) 
thrown [s\src\hotspot\share\interpreter\linkResolver.cpp, line 759]
Event: 5.055 Thread 0x00000152745316b0 Exception <a 'java/lang/NoSuchMethodError'{0x00000000eb0c1808}: 'java.lang.Object java.lang.invoke.Invokers$Holder.linkToTargetMethod(java.lang.Object, long, java.lang.Object)'> (0x00000000eb0c1808) 
thrown [s\src\hotspot\share\interpreter\linkResolver.cpp, line 759]
Event: 5.060 Thread 0x000001527e77c510 Exception <a 'java/lang/NoClassDefFoundError'{0x00000000eb0f1748}: javax/enterprise/inject/Typed> (0x00000000eb0f1748) 
thrown [s\src\hotspot\share\classfile\systemDictionary.cpp, line 245]
Event: 5.143 Thread 0x00000152745316b0 Exception <a 'java/lang/NoSuchMethodError'{0x00000000eb89c700}: 'void java.lang.invoke.DirectMethodHandle$Holder.invokeStatic(java.lang.Object, java.lang.Object, java.lang.Object, java.lang.Object)'> (0x00000000eb89c700) 
thrown [s\src\hotspot\share\interpreter\linkResolver.cpp, line 759]
Event: 5.393 Thread 0x00000152745316b0 Exception <a 'java/lang/NoSuchMethodError'{0x00000000eb7a5b08}: 'void java.lang.invoke.DirectMethodHandle$Holder.invokeSpecial(java.lang.Object, java.lang.Object, java.lang.Object, java.lang.Object, java.lang.Object, java.lang.Object)'> (0x00000000eb7a5b08) 
thrown [s\src\hotspot\share\interpreter\linkResolver.cpp, line 759]
Event: 5.395 Thread 0x00000152745316b0 Exception <a 'java/lang/IncompatibleClassChangeError'{0x00000000eb7ae950}: Found class java.lang.Object, but interface was expected> (0x00000000eb7ae950) 
thrown [s\src\hotspot\share\interpreter\linkResolver.cpp, line 826]
Event: 5.561 Thread 0x000001527e7ffee0 Exception <a 'java/io/FileNotFoundException'{0x00000000eacac380}> (0x00000000eacac380) 
thrown [s\src\hotspot\share\prims\jni.cpp, line 516]
Event: 6.169 Thread 0x000001527e77c510 Exception <a 'java/lang/NoClassDefFoundError'{0x00000000ebf404b0}: com/google/inject/servlet/ServletModuleTargetVisitor> (0x00000000ebf404b0) 
thrown [s\src\hotspot\share\classfile\systemDictionary.cpp, line 245]

VM Operations (20 events):
Event: 4.956 Executing VM operation: CollectForMetadataAllocation
Event: 4.985 Executing VM operation: CollectForMetadataAllocation done
Event: 5.041 Executing VM operation: HandshakeAllThreads
Event: 5.041 Executing VM operation: HandshakeAllThreads done
Event: 5.208 Executing VM operation: HandshakeAllThreads
Event: 5.211 Executing VM operation: HandshakeAllThreads done
Event: 5.269 Executing VM operation: ParallelGCFailedAllocation
Event: 5.271 Executing VM operation: ParallelGCFailedAllocation done
Event: 5.475 Executing VM operation: HandshakeAllThreads
Event: 5.475 Executing VM operation: HandshakeAllThreads done
Event: 5.533 Executing VM operation: ParallelGCFailedAllocation
Event: 5.535 Executing VM operation: ParallelGCFailedAllocation done
Event: 5.547 Executing VM operation: HandshakeAllThreads
Event: 5.548 Executing VM operation: HandshakeAllThreads done
Event: 5.568 Executing VM operation: HandshakeAllThreads
Event: 5.568 Executing VM operation: HandshakeAllThreads done
Event: 5.992 Executing VM operation: HandshakeAllThreads
Event: 5.992 Executing VM operation: HandshakeAllThreads done
Event: 6.146 Executing VM operation: ICBufferFull
Event: 6.147 Executing VM operation: ICBufferFull done

Events (20 events):
Event: 5.623 loading class sun/reflect/generics/scope/ConstructorScope
Event: 5.624 loading class sun/reflect/generics/scope/ConstructorScope done
Event: 5.624 loading class sun/reflect/generics/tree/VoidDescriptor
Event: 5.624 loading class sun/reflect/generics/tree/VoidDescriptor done
Event: 5.761 loading class java/nio/channels/SocketChannel
Event: 5.761 loading class java/nio/channels/NetworkChannel
Event: 5.762 loading class java/nio/channels/NetworkChannel done
Event: 5.762 loading class java/nio/channels/spi/AbstractSelectableChannel
Event: 5.762 loading class java/nio/channels/SelectableChannel
Event: 5.762 loading class java/nio/channels/SelectableChannel done
Event: 5.762 loading class java/nio/channels/spi/AbstractSelectableChannel done
Event: 5.762 loading class java/nio/channels/SocketChannel done
Event: 5.763 loading class java/nio/channels/ServerSocketChannel
Event: 5.763 loading class java/nio/channels/ServerSocketChannel done
Event: 5.765 loading class javax/net/ssl/SSLSocketFactory
Event: 5.766 loading class javax/net/SocketFactory
Event: 5.766 loading class javax/net/SocketFactory done
Event: 5.766 loading class javax/net/ssl/SSLSocketFactory done
Event: 6.192 loading class java/lang/ProcessEnvironment$CheckedKeySet
Event: 6.192 loading class java/lang/ProcessEnvironment$CheckedKeySet done


Dynamic libraries:
0x00007ff71a680000 - 0x00007ff71a68e000 	c:\Users\kiemp\.vscode\extensions\redhat.java-1.16.0-win32-x64\jre\17.0.6-win32-x86_64\bin\java.exe
0x00007ffda4630000 - 0x00007ffda4844000 	C:\WINDOWS\SYSTEM32\ntdll.dll
0x00007ffda2440000 - 0x00007ffda2502000 	C:\WINDOWS\System32\KERNEL32.DLL
0x00007ffda1aa0000 - 0x00007ffda1e3c000 	C:\WINDOWS\System32\KERNELBASE.dll
0x00007ffda2320000 - 0x00007ffda2431000 	C:\WINDOWS\System32\ucrtbase.dll
0x00007ffd713a0000 - 0x00007ffd713b9000 	c:\Users\kiemp\.vscode\extensions\redhat.java-1.16.0-win32-x64\jre\17.0.6-win32-x86_64\bin\VCRUNTIME140.dll
0x00007ffd734b0000 - 0x00007ffd734c7000 	c:\Users\kiemp\.vscode\extensions\redhat.java-1.16.0-win32-x64\jre\17.0.6-win32-x86_64\bin\jli.dll
0x00007ffda34d0000 - 0x00007ffda367b000 	C:\WINDOWS\System32\USER32.dll
0x00007ffda1a70000 - 0x00007ffda1a96000 	C:\WINDOWS\System32\win32u.dll
0x00007ffd8fe10000 - 0x00007ffd9009e000 	C:\WINDOWS\WinSxS\amd64_microsoft.windows.common-controls_6595b64144ccf1df_6.0.22621.608_none_a9444ca7c10bb01d\COMCTL32.dll
0x00007ffda3db0000 - 0x00007ffda3dd9000 	C:\WINDOWS\System32\GDI32.dll
0x00007ffda29d0000 - 0x00007ffda2a77000 	C:\WINDOWS\System32\msvcrt.dll
0x00007ffda1e40000 - 0x00007ffda1f53000 	C:\WINDOWS\System32\gdi32full.dll
0x00007ffda1fd0000 - 0x00007ffda206a000 	C:\WINDOWS\System32\msvcp_win.dll
0x00007ffda2990000 - 0x00007ffda29c1000 	C:\WINDOWS\System32\IMM32.DLL
0x00007ffd7ea10000 - 0x00007ffd7ea1c000 	c:\Users\kiemp\.vscode\extensions\redhat.java-1.16.0-win32-x64\jre\17.0.6-win32-x86_64\bin\vcruntime140_1.dll
0x00007ffd585c0000 - 0x00007ffd58651000 	c:\Users\kiemp\.vscode\extensions\redhat.java-1.16.0-win32-x64\jre\17.0.6-win32-x86_64\bin\msvcp140.dll
0x00007ffd1a950000 - 0x00007ffd1b597000 	c:\Users\kiemp\.vscode\extensions\redhat.java-1.16.0-win32-x64\jre\17.0.6-win32-x86_64\bin\server\jvm.dll
0x00007ffda3b40000 - 0x00007ffda3bee000 	C:\WINDOWS\System32\ADVAPI32.dll
0x00007ffda4270000 - 0x00007ffda4314000 	C:\WINDOWS\System32\sechost.dll
0x00007ffda3a20000 - 0x00007ffda3b35000 	C:\WINDOWS\System32\RPCRT4.dll
0x00007ffd88c60000 - 0x00007ffd88c69000 	C:\WINDOWS\SYSTEM32\WSOCK32.dll
0x00007ffd993f0000 - 0x00007ffd993fa000 	C:\WINDOWS\SYSTEM32\VERSION.dll
0x00007ffda4450000 - 0x00007ffda44c1000 	C:\WINDOWS\System32\WS2_32.dll
0x00007ffd99250000 - 0x00007ffd99284000 	C:\WINDOWS\SYSTEM32\WINMM.dll
0x00007ffda0ad0000 - 0x00007ffda0ae8000 	C:\WINDOWS\SYSTEM32\kernel.appcore.dll
0x00007ffd7e410000 - 0x00007ffd7e41a000 	c:\Users\kiemp\.vscode\extensions\redhat.java-1.16.0-win32-x64\jre\17.0.6-win32-x86_64\bin\jimage.dll
0x00007ffd97a60000 - 0x00007ffd97c8e000 	C:\WINDOWS\SYSTEM32\DBGHELP.DLL
0x00007ffda3de0000 - 0x00007ffda4169000 	C:\WINDOWS\System32\combase.dll
0x00007ffda3330000 - 0x00007ffda3407000 	C:\WINDOWS\System32\OLEAUT32.dll
0x00007ffd92800000 - 0x00007ffd92832000 	C:\WINDOWS\SYSTEM32\dbgcore.DLL
0x00007ffda21e0000 - 0x00007ffda225b000 	C:\WINDOWS\System32\bcryptPrimitives.dll
0x00007ffd7df10000 - 0x00007ffd7df1e000 	c:\Users\kiemp\.vscode\extensions\redhat.java-1.16.0-win32-x64\jre\17.0.6-win32-x86_64\bin\instrument.dll
0x00007ffd6e290000 - 0x00007ffd6e2b5000 	c:\Users\kiemp\.vscode\extensions\redhat.java-1.16.0-win32-x64\jre\17.0.6-win32-x86_64\bin\java.dll
0x00007ffd6d630000 - 0x00007ffd6d648000 	c:\Users\kiemp\.vscode\extensions\redhat.java-1.16.0-win32-x64\jre\17.0.6-win32-x86_64\bin\zip.dll
0x00007ffda2b40000 - 0x00007ffda3330000 	C:\WINDOWS\System32\SHELL32.dll
0x00007ffd9fa90000 - 0x00007ffda035d000 	C:\WINDOWS\SYSTEM32\windows.storage.dll
0x00007ffd9f950000 - 0x00007ffd9fa8e000 	C:\WINDOWS\SYSTEM32\wintypes.dll
0x00007ffda3820000 - 0x00007ffda3911000 	C:\WINDOWS\System32\SHCORE.dll
0x00007ffda3920000 - 0x00007ffda397e000 	C:\WINDOWS\System32\shlwapi.dll
0x00007ffda19a0000 - 0x00007ffda19c1000 	C:\WINDOWS\SYSTEM32\profapi.dll
0x00007ffd6c710000 - 0x00007ffd6c729000 	C:\Users\kiemp\.vscode\extensions\redhat.java-1.16.0-win32-x64\jre\17.0.6-win32-x86_64\bin\net.dll
0x00007ffd9a950000 - 0x00007ffd9aa87000 	C:\WINDOWS\SYSTEM32\WINHTTP.dll
0x00007ffda0f40000 - 0x00007ffda0fa9000 	C:\WINDOWS\system32\mswsock.dll
0x00007ffd62550000 - 0x00007ffd62565000 	C:\Users\kiemp\.vscode\extensions\redhat.java-1.16.0-win32-x64\jre\17.0.6-win32-x86_64\bin\nio.dll
0x00007ffd79eb0000 - 0x00007ffd79ec0000 	c:\Users\kiemp\.vscode\extensions\redhat.java-1.16.0-win32-x64\jre\17.0.6-win32-x86_64\bin\verify.dll
0x00007ffd8e950000 - 0x00007ffd8e98e000 	C:\Users\kiemp\AppData\Roaming\Code\User\globalStorage\redhat.java\1.16.0\config_win\org.eclipse.equinox.launcher\org.eclipse.equinox.launcher.win32.win32.x86_64_1.2.700.v20221108-1024\eclipse_11801.dll
0x00007ffda3680000 - 0x00007ffda381c000 	C:\WINDOWS\System32\ole32.dll
0x00007ffda1190000 - 0x00007ffda11ab000 	C:\WINDOWS\SYSTEM32\CRYPTSP.dll
0x00007ffda0a40000 - 0x00007ffda0a75000 	C:\WINDOWS\system32\rsaenh.dll
0x00007ffda1040000 - 0x00007ffda1068000 	C:\WINDOWS\SYSTEM32\USERENV.dll
0x00007ffda1330000 - 0x00007ffda1358000 	C:\WINDOWS\SYSTEM32\bcrypt.dll
0x00007ffda11b0000 - 0x00007ffda11bc000 	C:\WINDOWS\SYSTEM32\CRYPTBASE.dll
0x00007ffda05b0000 - 0x00007ffda05dd000 	C:\WINDOWS\SYSTEM32\IPHLPAPI.DLL
0x00007ffda3a10000 - 0x00007ffda3a19000 	C:\WINDOWS\System32\NSI.dll
0x00007ffd9a930000 - 0x00007ffd9a949000 	C:\WINDOWS\SYSTEM32\dhcpcsvc6.DLL
0x00007ffd9a810000 - 0x00007ffd9a82f000 	C:\WINDOWS\SYSTEM32\dhcpcsvc.DLL
0x00007ffda0620000 - 0x00007ffda0713000 	C:\WINDOWS\SYSTEM32\DNSAPI.dll
0x00007ffd58570000 - 0x00007ffd585b5000 	C:\Users\kiemp\AppData\Local\Temp\jna-102045354\jna1225488816768478431.dll
0x00007ffda4260000 - 0x00007ffda4268000 	C:\WINDOWS\System32\PSAPI.DLL

dbghelp: loaded successfully - version: 4.0.5 - missing functions: none
symbol engine: initialized successfully - sym options: 0x614 - pdb path: .;c:\Users\kiemp\.vscode\extensions\redhat.java-1.16.0-win32-x64\jre\17.0.6-win32-x86_64\bin;C:\WINDOWS\SYSTEM32;C:\WINDOWS\WinSxS\amd64_microsoft.windows.common-controls_6595b64144ccf1df_6.0.22621.608_none_a9444ca7c10bb01d;c:\Users\kiemp\.vscode\extensions\redhat.java-1.16.0-win32-x64\jre\17.0.6-win32-x86_64\bin\server;C:\Users\kiemp\AppData\Roaming\Code\User\globalStorage\redhat.java\1.16.0\config_win\org.eclipse.equinox.launcher\org.eclipse.equinox.launcher.win32.win32.x86_64_1.2.700.v20221108-1024;C:\Users\kiemp\AppData\Local\Temp\jna-102045354

VM Arguments:
jvm_args: --add-modules=ALL-SYSTEM --add-opens=java.base/java.util=ALL-UNNAMED --add-opens=java.base/java.lang=ALL-UNNAMED --add-opens=java.base/sun.nio.fs=ALL-UNNAMED -Declipse.application=org.eclipse.jdt.ls.core.id1 -Dosgi.bundles.defaultStartLevel=4 -Declipse.product=org.eclipse.jdt.ls.core.product -Djava.import.generatesMetadataFilesAtProjectRoot=false -Dfile.encoding=utf8 -XX:+UseParallelGC -XX:GCTimeRatio=4 -XX:AdaptiveSizePolicyWeight=90 -Dsun.zip.disableMemoryMapping=true -Xmx1G -Xms100m -Xlog:disable -javaagent:c:\Users\kiemp\.vscode\extensions\redhat.java-1.16.0-win32-x64\lombok\lombok-1.18.24.jar -XX:+HeapDumpOnOutOfMemoryError -XX:HeapDumpPath=c:\Users\kiemp\AppData\Roaming\Code\User\workspaceStorage\c592173f26da50b681d098185c37a910\redhat.java 
java_command: c:\Users\kiemp\.vscode\extensions\redhat.java-1.16.0-win32-x64\server\plugins\org.eclipse.equinox.launcher_1.6.400.v20210924-0641.jar -configuration c:\Users\kiemp\AppData\Roaming\Code\User\globalStorage\redhat.java\1.16.0\config_win -data c:\Users\kiemp\AppData\Roaming\Code\User\workspaceStorage\c592173f26da50b681d098185c37a910\redhat.java\jdt_ws
java_class_path (initial): c:\Users\kiemp\.vscode\extensions\redhat.java-1.16.0-win32-x64\server\plugins\org.eclipse.equinox.launcher_1.6.400.v20210924-0641.jar
Launcher Type: SUN_STANDARD

[Global flags]
    uintx AdaptiveSizePolicyWeight                 = 90                                        {product} {command line}
     intx CICompilerCount                          = 12                                        {product} {ergonomic}
    uintx GCTimeRatio                              = 4                                         {product} {command line}
     bool HeapDumpOnOutOfMemoryError               = true                                   {manageable} {command line}
    ccstr HeapDumpPath                             = c:\Users\kiemp\AppData\Roaming\Code\User\workspaceStorage\c592173f26da50b681d098185c37a910\redhat.java         {manageable} {command line}
   size_t InitialHeapSize                          = 104857600                                 {product} {command line}
   size_t MaxHeapSize                              = 1073741824                                {product} {command line}
   size_t MaxNewSize                               = 357564416                                 {product} {ergonomic}
   size_t MinHeapDeltaBytes                        = 524288                                    {product} {ergonomic}
   size_t MinHeapSize                              = 104857600                                 {product} {command line}
   size_t NewSize                                  = 34603008                                  {product} {ergonomic}
    uintx NonNMethodCodeHeapSize                   = 7602480                                {pd product} {ergonomic}
    uintx NonProfiledCodeHeapSize                  = 122027880                              {pd product} {ergonomic}
   size_t OldSize                                  = 70254592                                  {product} {ergonomic}
    uintx ProfiledCodeHeapSize                     = 122027880                              {pd product} {ergonomic}
    uintx ReservedCodeCacheSize                    = 251658240                              {pd product} {ergonomic}
     bool SegmentedCodeCache                       = true                                      {product} {ergonomic}
   size_t SoftMaxHeapSize                          = 1073741824                             {manageable} {ergonomic}
     bool UseCompressedClassPointers               = true                           {product lp64_product} {ergonomic}
     bool UseCompressedOops                        = true                           {product lp64_product} {ergonomic}
     bool UseLargePagesIndividualAllocation        = false                                  {pd product} {ergonomic}
     bool UseParallelGC                            = true                                      {product} {command line}

Logging:
Log output configuration:
 #0: stdout all=off uptime,level,tags
 #1: stderr all=off uptime,level,tags

Environment Variables:
JAVA_HOME=C:\Program Files\Java\jdk-17.0.4.101-hotspot
CLASSPATH=C:\xampp\tomcat\lib\servlet-api.jar
PATH=C:\Program Files (x86)\Common Files\Oracle\Java\javapath;C:\Program Files\Java\jdk-17.0.4.101-hotspot\bin;C:\Program Files (x86)\VMware\VMware Workstation\bin\;C:\WINDOWS\system32;C:\WINDOWS;C:\WINDOWS\System32\Wbem;C:\WINDOWS\System32\WindowsPowerShell\v1.0\;C:\WINDOWS\System32\OpenSSH\;C:\Program Files\Microsoft SQL Server\Client SDK\ODBC\170\Tools\Binn\;C:\Program Files (x86)\Microsoft SQL Server\150\Tools\Binn\;C:\Program Files\Microsoft SQL Server\150\Tools\Binn\;C:\Program Files\Microsoft SQL Server\150\DTS\Binn\;C:\Program Files (x86)\MinGW64\bin;C:\Program Files (x86)\NVIDIA Corporation\PhysX\Common;C:\Program Files\NVIDIA Corporation\NVIDIA NvDLISR;C:\Program Files\Azure Data Studio\bin;C:\Users\kiemp\AppData\Local\Microsoft\WindowsApps;C:\Users\kiemp\AppData\Local\Programs\Microsoft VS Code\bin;C:\Program Files\Docker\Docker\resources\bin;C:\ProgramData\DockerDesktop\version-bin;C:\Program Files\dotnet\;C:\Users\kiemp\AppData\Local\Programs\Python\Python310;C:\Users\kiemp\AppData\Local\Programs\Python\Python310\Scripts;C:\WINDOWS\system32;C:\WINDOWS;C:\WINDOWS\System32\Wbem;C:\WINDOWS\System32\WindowsPowerShell\v1.0\;C:\WINDOWS\System32\OpenSSH\;C:\Program Files (x86)\Microsoft SQL Server\150\DTS\Binn\;C:\xampp\tomcat\lib;C:\xampp\php;C:\ProgramData\ComposerSetup\bin;C:\Windows\System32;C:\Program Files\Git\cmd;C:\Program Files\MySQL\MySQL Server 8.0\bin;C:\Program Files\MySQL\MySQL Server 8.0\lib;%NVM_HOME%;%NVM_SYMLINK%;C:\Program Files\nodejs\;C:\Users\kiemp\AppData\Local\Programs\Python\Python310\Scripts\;C:\Users\kiemp\AppData\Local\Programs\Python\Python310\;C:\Users\kiemp\AppData\Local\Microsoft\WindowsApps;C:\Users\kiemp\AppData\Local\Programs\Microsoft VS Code\bin;C:\Program Files\Azure Data Studio\bin;C:\Program Files\JetBrains\IntelliJ IDEA Community Edition 2022.1\bin;;C:\Users\kiemp\AppData\Local\GitHubDesktop\bin;C:\Program Files\Java\jdk-18.0.2.1\bin;C:\Users\kiemp\AppData\Roaming\Composer\vendor\bin;C:\Users\kiemp\.dotnet\tools;C:\nvm;C:\
USERNAME=kiemp
OS=Windows_NT
PROCESSOR_IDENTIFIER=AMD64 Family 23 Model 96 Stepping 1, AuthenticAMD
TMP=C:\Users\kiemp\AppData\Local\Temp
TEMP=C:\Users\kiemp\AppData\Local\Temp



---------------  S Y S T E M  ---------------

OS:
 Windows 11 , 64 bit Build 22621 (10.0.22621.1485)
OS uptime: 0 days 1:10 hours

CPU: total 16 (initial active 16) (16 cores per cpu, 2 threads per core) family 23 model 96 stepping 1 microcode 0x0, cx8, cmov, fxsr, ht, mmx, 3dnowpref, sse, sse2, sse3, ssse3, sse4a, sse4.1, sse4.2, popcnt, lzcnt, tsc, tscinvbit, avx, avx2, aes, clmul, bmi1, bmi2, adx, sha, fma, vzeroupper, clflush, clflushopt

Memory: 4k page, system-wide physical 23983M (4969M free)
TotalPageFile size 26031M (AvailPageFile size 2M)
current process WorkingSet (physical memory assigned to process): 254M, peak: 254M
current process commit charge ("private bytes"): 372M, peak: 372M

vm_info: OpenJDK 64-Bit Server VM (17.0.6+10) for windows-amd64 JRE (17.0.6+10), built on Jan 18 2023 10:08:59 by "temurin" with MS VC++ 16.7 (VS2019)

END.
