#
# There is insufficient memory for the Java Runtime Environment to continue.
# Native memory allocation (malloc) failed to allocate 406928 bytes for Chunk::new
# Possible reasons:
#   The system is out of physical RAM or swap space
#   The process is running with CompressedOops enabled, and the Java Heap may be blocking the growth of the native heap
# Possible solutions:
#   Reduce memory load on the system
#   Increase physical memory or swap space
#   Check if swap backing store is full
#   Decrease Java heap size (-Xmx/-Xms)
#   Decrease number of Java threads
#   Decrease Java thread stack sizes (-Xss)
#   Set larger code cache with -XX:ReservedCodeCacheSize=
#   JVM is running with Zero Based Compressed Oops mode in which the Java heap is
#     placed in the first 32GB address space. The Java Heap base address is the
#     maximum limit for the native heap growth. Please use -XX:HeapBaseMinAddress
#     to set the Java Heap base and to place the Java Heap above 32GB virtual address.
# This output file may be truncated or incomplete.
#
#  Out of Memory Error (arena.cpp:189), pid=2604, tid=18288
#
# JRE version: OpenJDK Runtime Environment Temurin-17.0.4.1+1 (17.0.4.1+1) (build 17.0.4.1+1)
# Java VM: OpenJDK 64-Bit Server VM Temurin-17.0.4.1+1 (17.0.4.1+1, mixed mode, sharing, tiered, compressed oops, compressed class ptrs, g1 gc, windows-amd64)
# No core dump will be written. Minidumps are not enabled by default on client versions of Windows
#

---------------  S U M M A R Y ------------

Command Line: -javaagent:C:\Program Files\JetBrains\IntelliJ IDEA Community Edition 2022.1\lib\idea_rt.jar=64084:C:\Program Files\JetBrains\IntelliJ IDEA Community Edition 2022.1\bin -Dfile.encoding=UTF-8 com.dev.music_manager_backend.MusicManagerBackEndApplication

Host: AMD Ryzen 7 4800H with Radeon Graphics         , 16 cores, 23G,  Windows 11 , 64 bit Build 22621 (10.0.22621.1344)
Time: Sun Mar 26 16:27:11 2023 SE Asia Standard Time elapsed time: 0.842109 seconds (0d 0h 0m 0s)

---------------  T H R E A D  ---------------

Current thread (0x0000026d25d7a220):  JavaThread "C2 CompilerThread1" daemon [_thread_in_native, id=18288, stack(0x000000f801700000,0x000000f801800000)]


Current CompileTask:
C2:    842 1510       4       jdk.internal.loader.URLClassPath::getResource (74 bytes)

Stack: [0x000000f801700000,0x000000f801800000]
Native frames: (J=compiled Java code, j=interpreted, Vv=VM code, C=native code)
V  [jvm.dll+0x67731a]
V  [jvm.dll+0x832284]
V  [jvm.dll+0x833a2e]
V  [jvm.dll+0x834093]
V  [jvm.dll+0x245775]
V  [jvm.dll+0xabd7b]
V  [jvm.dll+0xac30c]
V  [jvm.dll+0x363a97]
V  [jvm.dll+0x1bbf38]
V  [jvm.dll+0x2187d9]
V  [jvm.dll+0x217aa1]
V  [jvm.dll+0x1a3f8d]
V  [jvm.dll+0x227498]
V  [jvm.dll+0x2255e5]
V  [jvm.dll+0x7e7e9b]
V  [jvm.dll+0x7e240a]
V  [jvm.dll+0x6761a5]
C  [ucrtbase.dll+0x29363]
C  [KERNEL32.DLL+0x126bd]
C  [ntdll.dll+0x5a9f8]


---------------  P R O C E S S  ---------------

Threads class SMR info:
_java_thread_list=0x0000026d265f08c0, length=17, elements={
0x0000026d7cf0cbc0, 0x0000026d24cb7390, 0x0000026d24cb7f40, 0x0000026d25c02090,
0x0000026d25c02950, 0x0000026d25c03210, 0x0000026d25c03ad0, 0x0000026d25c04860,
0x0000026d25c08c10, 0x0000026d25c09600, 0x0000026d25d02660, 0x0000026d25d0a080,
0x0000026d25d0c860, 0x0000026d25d7a220, 0x0000026d25f6bac0, 0x0000026d25fbd290,
0x0000026d26d26fa0
}

Java Threads: ( => current thread )
  0x0000026d7cf0cbc0 JavaThread "main" [_thread_in_vm, id=30552, stack(0x000000f800400000,0x000000f800500000)]
  0x0000026d24cb7390 JavaThread "Reference Handler" daemon [_thread_blocked, id=3504, stack(0x000000f800b00000,0x000000f800c00000)]
  0x0000026d24cb7f40 JavaThread "Finalizer" daemon [_thread_blocked, id=33544, stack(0x000000f800c00000,0x000000f800d00000)]
  0x0000026d25c02090 JavaThread "Signal Dispatcher" daemon [_thread_blocked, id=13344, stack(0x000000f800d00000,0x000000f800e00000)]
  0x0000026d25c02950 JavaThread "Attach Listener" daemon [_thread_blocked, id=34600, stack(0x000000f800e00000,0x000000f800f00000)]
  0x0000026d25c03210 JavaThread "Service Thread" daemon [_thread_blocked, id=34604, stack(0x000000f800f00000,0x000000f801000000)]
  0x0000026d25c03ad0 JavaThread "Monitor Deflation Thread" daemon [_thread_blocked, id=28792, stack(0x000000f801000000,0x000000f801100000)]
  0x0000026d25c04860 JavaThread "C2 CompilerThread0" daemon [_thread_in_native, id=28824, stack(0x000000f801100000,0x000000f801200000)]
  0x0000026d25c08c10 JavaThread "C1 CompilerThread0" daemon [_thread_blocked, id=23680, stack(0x000000f801200000,0x000000f801300000)]
  0x0000026d25c09600 JavaThread "Sweeper thread" daemon [_thread_blocked, id=18428, stack(0x000000f801300000,0x000000f801400000)]
  0x0000026d25d02660 JavaThread "Common-Cleaner" daemon [_thread_blocked, id=32068, stack(0x000000f801400000,0x000000f801500000)]
  0x0000026d25d0a080 JavaThread "C1 CompilerThread1" daemon [_thread_blocked, id=35204, stack(0x000000f801500000,0x000000f801600000)]
  0x0000026d25d0c860 JavaThread "C1 CompilerThread2" daemon [_thread_blocked, id=28404, stack(0x000000f801600000,0x000000f801700000)]
=>0x0000026d25d7a220 JavaThread "C2 CompilerThread1" daemon [_thread_in_native, id=18288, stack(0x000000f801700000,0x000000f801800000)]
  0x0000026d25f6bac0 JavaThread "Monitor Ctrl-Break" daemon [_thread_in_native, id=11716, stack(0x000000f801800000,0x000000f801900000)]
  0x0000026d25fbd290 JavaThread "Notification Thread" daemon [_thread_blocked, id=35788, stack(0x000000f801900000,0x000000f801a00000)]
  0x0000026d26d26fa0 JavaThread "C2 CompilerThread2" daemon [_thread_blocked, id=26652, stack(0x000000f801b00000,0x000000f801c00000)]

Other Threads:
  0x0000026d24cb28f0 VMThread "VM Thread" [stack: 0x000000f800a00000,0x000000f800b00000] [id=29484]
  0x0000026d260e0350 WatcherThread [stack: 0x000000f801a00000,0x000000f801b00000] [id=17468]
  0x0000026d7cf93d60 GCTaskThread "GC Thread#0" [stack: 0x000000f800500000,0x000000f800600000] [id=23124]
  0x0000026d26896d90 GCTaskThread "GC Thread#1" [stack: 0x000000f801c00000,0x000000f801d00000] [id=29844]
  0x0000026d26c46da0 GCTaskThread "GC Thread#2" [stack: 0x000000f801d00000,0x000000f801e00000] [id=7600]
  0x0000026d26c694c0 GCTaskThread "GC Thread#3" [stack: 0x000000f801e00000,0x000000f801f00000] [id=21276]
  0x0000026d26ae37e0 GCTaskThread "GC Thread#4" [stack: 0x000000f801f00000,0x000000f802000000] [id=35368]
  0x0000026d26d2f950 GCTaskThread "GC Thread#5" [stack: 0x000000f802000000,0x000000f802100000] [id=19252]
  0x0000026d26d30210 GCTaskThread "GC Thread#6" [stack: 0x000000f802100000,0x000000f802200000] [id=25532]
  0x0000026d26d306d0 GCTaskThread "GC Thread#7" [stack: 0x000000f802200000,0x000000f802300000] [id=21960]
  0x0000026d26d30980 GCTaskThread "GC Thread#8" [stack: 0x000000f802300000,0x000000f802400000] [id=7584]
  0x0000026d7cfa0950 ConcurrentGCThread "G1 Main Marker" [stack: 0x000000f800600000,0x000000f800700000] [id=27888]
  0x0000026d7cfa2770 ConcurrentGCThread "G1 Conc#0" [stack: 0x000000f800700000,0x000000f800800000] [id=10852]
  0x0000026d24b6ff70 ConcurrentGCThread "G1 Refine#0" [stack: 0x000000f800800000,0x000000f800900000] [id=29044]
  0x0000026d24b70830 ConcurrentGCThread "G1 Service" [stack: 0x000000f800900000,0x000000f800a00000] [id=34092]

Threads with active compile tasks:
C2 CompilerThread0      868 1545       4       org.springframework.boot.context.properties.source.ConfigurationPropertyName$ElementsParser::parse (234 bytes)
C2 CompilerThread1      868 1510       4       jdk.internal.loader.URLClassPath::getResource (74 bytes)

VM state: not at safepoint (normal execution)

VM Mutex/Monitor currently owned by a thread: None

Heap address: 0x0000000689400000, size: 5996 MB, Compressed Oops mode: Zero based, Oop shift amount: 3

CDS archive(s) mapped at: [0x0000000800000000-0x0000000800bc0000-0x0000000800bc0000), size 12320768, SharedBaseAddress: 0x0000000800000000, ArchiveRelocationMode: 0.
Compressed class space mapped at: 0x0000000800c00000-0x0000000840c00000, reserved size: 1073741824
Narrow klass base: 0x0000000800000000, Narrow klass shift: 0, Narrow klass range: 0x100000000

GC Precious Log:
 CPUs: 16 total, 16 available
 Memory: 23983M
 Large Page Support: Disabled
 NUMA Support: Disabled
 Compressed Oops: Enabled (Zero based)
 Heap Region Size: 4M
 Heap Min Capacity: 8M
 Heap Initial Capacity: 376M
 Heap Max Capacity: 5996M
 Pre-touch: Disabled
 Parallel Workers: 13
 Concurrent Workers: 3
 Concurrent Refinement Workers: 13
 Periodic GC: Disabled

Heap:
 garbage-first heap   total 385024K, used 14658K [0x0000000689400000, 0x0000000800000000)
  region size 4096K, 4 young (16384K), 1 survivors (4096K)
 Metaspace       used 8370K, committed 8576K, reserved 1064960K
  class space    used 1055K, committed 1152K, reserved 1048576K

Heap Regions: E=young(eden), S=young(survivor), O=old, HS=humongous(starts), HC=humongous(continues), CS=collection set, F=free, OA=open archive, CA=closed archive, TAMS=top-at-mark-start (previous, next)
|   0|0x0000000689400000, 0x0000000689650a00, 0x0000000689800000| 57%| O|  |TAMS 0x0000000689400000, 0x0000000689400000| Untracked 
|   1|0x0000000689800000, 0x0000000689800000, 0x0000000689c00000|  0%| F|  |TAMS 0x0000000689800000, 0x0000000689800000| Untracked 
|   2|0x0000000689c00000, 0x0000000689c00000, 0x000000068a000000|  0%| F|  |TAMS 0x0000000689c00000, 0x0000000689c00000| Untracked 
|   3|0x000000068a000000, 0x000000068a000000, 0x000000068a400000|  0%| F|  |TAMS 0x000000068a000000, 0x000000068a000000| Untracked 
|   4|0x000000068a400000, 0x000000068a400000, 0x000000068a800000|  0%| F|  |TAMS 0x000000068a400000, 0x000000068a400000| Untracked 
|   5|0x000000068a800000, 0x000000068a800000, 0x000000068ac00000|  0%| F|  |TAMS 0x000000068a800000, 0x000000068a800000| Untracked 
|   6|0x000000068ac00000, 0x000000068ac00000, 0x000000068b000000|  0%| F|  |TAMS 0x000000068ac00000, 0x000000068ac00000| Untracked 
|   7|0x000000068b000000, 0x000000068b000000, 0x000000068b400000|  0%| F|  |TAMS 0x000000068b000000, 0x000000068b000000| Untracked 
|   8|0x000000068b400000, 0x000000068b400000, 0x000000068b800000|  0%| F|  |TAMS 0x000000068b400000, 0x000000068b400000| Untracked 
|   9|0x000000068b800000, 0x000000068b800000, 0x000000068bc00000|  0%| F|  |TAMS 0x000000068b800000, 0x000000068b800000| Untracked 
|  10|0x000000068bc00000, 0x000000068bc00000, 0x000000068c000000|  0%| F|  |TAMS 0x000000068bc00000, 0x000000068bc00000| Untracked 
|  11|0x000000068c000000, 0x000000068c000000, 0x000000068c400000|  0%| F|  |TAMS 0x000000068c000000, 0x000000068c000000| Untracked 
|  12|0x000000068c400000, 0x000000068c400000, 0x000000068c800000|  0%| F|  |TAMS 0x000000068c400000, 0x000000068c400000| Untracked 
|  13|0x000000068c800000, 0x000000068c800000, 0x000000068cc00000|  0%| F|  |TAMS 0x000000068c800000, 0x000000068c800000| Untracked 
|  14|0x000000068cc00000, 0x000000068cc00000, 0x000000068d000000|  0%| F|  |TAMS 0x000000068cc00000, 0x000000068cc00000| Untracked 
|  15|0x000000068d000000, 0x000000068d000000, 0x000000068d400000|  0%| F|  |TAMS 0x000000068d000000, 0x000000068d000000| Untracked 
|  16|0x000000068d400000, 0x000000068d400000, 0x000000068d800000|  0%| F|  |TAMS 0x000000068d400000, 0x000000068d400000| Untracked 
|  17|0x000000068d800000, 0x000000068d800000, 0x000000068dc00000|  0%| F|  |TAMS 0x000000068d800000, 0x000000068d800000| Untracked 
|  18|0x000000068dc00000, 0x000000068dc00000, 0x000000068e000000|  0%| F|  |TAMS 0x000000068dc00000, 0x000000068dc00000| Untracked 
|  19|0x000000068e000000, 0x000000068e000000, 0x000000068e400000|  0%| F|  |TAMS 0x000000068e000000, 0x000000068e000000| Untracked 
|  20|0x000000068e400000, 0x000000068e400000, 0x000000068e800000|  0%| F|  |TAMS 0x000000068e400000, 0x000000068e400000| Untracked 
|  21|0x000000068e800000, 0x000000068e800000, 0x000000068ec00000|  0%| F|  |TAMS 0x000000068e800000, 0x000000068e800000| Untracked 
|  22|0x000000068ec00000, 0x000000068ec00000, 0x000000068f000000|  0%| F|  |TAMS 0x000000068ec00000, 0x000000068ec00000| Untracked 
|  23|0x000000068f000000, 0x000000068f000000, 0x000000068f400000|  0%| F|  |TAMS 0x000000068f000000, 0x000000068f000000| Untracked 
|  24|0x000000068f400000, 0x000000068f400000, 0x000000068f800000|  0%| F|  |TAMS 0x000000068f400000, 0x000000068f400000| Untracked 
|  25|0x000000068f800000, 0x000000068f800000, 0x000000068fc00000|  0%| F|  |TAMS 0x000000068f800000, 0x000000068f800000| Untracked 
|  26|0x000000068fc00000, 0x000000068fc00000, 0x0000000690000000|  0%| F|  |TAMS 0x000000068fc00000, 0x000000068fc00000| Untracked 
|  27|0x0000000690000000, 0x0000000690000000, 0x0000000690400000|  0%| F|  |TAMS 0x0000000690000000, 0x0000000690000000| Untracked 
|  28|0x0000000690400000, 0x0000000690400000, 0x0000000690800000|  0%| F|  |TAMS 0x0000000690400000, 0x0000000690400000| Untracked 
|  29|0x0000000690800000, 0x0000000690800000, 0x0000000690c00000|  0%| F|  |TAMS 0x0000000690800000, 0x0000000690800000| Untracked 
|  30|0x0000000690c00000, 0x0000000690c00000, 0x0000000691000000|  0%| F|  |TAMS 0x0000000690c00000, 0x0000000690c00000| Untracked 
|  31|0x0000000691000000, 0x0000000691000000, 0x0000000691400000|  0%| F|  |TAMS 0x0000000691000000, 0x0000000691000000| Untracked 
|  32|0x0000000691400000, 0x0000000691400000, 0x0000000691800000|  0%| F|  |TAMS 0x0000000691400000, 0x0000000691400000| Untracked 
|  33|0x0000000691800000, 0x0000000691800000, 0x0000000691c00000|  0%| F|  |TAMS 0x0000000691800000, 0x0000000691800000| Untracked 
|  34|0x0000000691c00000, 0x0000000691c00000, 0x0000000692000000|  0%| F|  |TAMS 0x0000000691c00000, 0x0000000691c00000| Untracked 
|  35|0x0000000692000000, 0x0000000692000000, 0x0000000692400000|  0%| F|  |TAMS 0x0000000692000000, 0x0000000692000000| Untracked 
|  36|0x0000000692400000, 0x0000000692400000, 0x0000000692800000|  0%| F|  |TAMS 0x0000000692400000, 0x0000000692400000| Untracked 
|  37|0x0000000692800000, 0x0000000692800000, 0x0000000692c00000|  0%| F|  |TAMS 0x0000000692800000, 0x0000000692800000| Untracked 
|  38|0x0000000692c00000, 0x0000000692c00000, 0x0000000693000000|  0%| F|  |TAMS 0x0000000692c00000, 0x0000000692c00000| Untracked 
|  39|0x0000000693000000, 0x0000000693000000, 0x0000000693400000|  0%| F|  |TAMS 0x0000000693000000, 0x0000000693000000| Untracked 
|  40|0x0000000693400000, 0x0000000693400000, 0x0000000693800000|  0%| F|  |TAMS 0x0000000693400000, 0x0000000693400000| Untracked 
|  41|0x0000000693800000, 0x0000000693800000, 0x0000000693c00000|  0%| F|  |TAMS 0x0000000693800000, 0x0000000693800000| Untracked 
|  42|0x0000000693c00000, 0x0000000693c00000, 0x0000000694000000|  0%| F|  |TAMS 0x0000000693c00000, 0x0000000693c00000| Untracked 
|  43|0x0000000694000000, 0x0000000694000000, 0x0000000694400000|  0%| F|  |TAMS 0x0000000694000000, 0x0000000694000000| Untracked 
|  44|0x0000000694400000, 0x0000000694400000, 0x0000000694800000|  0%| F|  |TAMS 0x0000000694400000, 0x0000000694400000| Untracked 
|  45|0x0000000694800000, 0x0000000694800000, 0x0000000694c00000|  0%| F|  |TAMS 0x0000000694800000, 0x0000000694800000| Untracked 
|  46|0x0000000694c00000, 0x0000000694c00000, 0x0000000695000000|  0%| F|  |TAMS 0x0000000694c00000, 0x0000000694c00000| Untracked 
|  47|0x0000000695000000, 0x0000000695000000, 0x0000000695400000|  0%| F|  |TAMS 0x0000000695000000, 0x0000000695000000| Untracked 
|  48|0x0000000695400000, 0x0000000695400000, 0x0000000695800000|  0%| F|  |TAMS 0x0000000695400000, 0x0000000695400000| Untracked 
|  49|0x0000000695800000, 0x0000000695800000, 0x0000000695c00000|  0%| F|  |TAMS 0x0000000695800000, 0x0000000695800000| Untracked 
|  50|0x0000000695c00000, 0x0000000695c00000, 0x0000000696000000|  0%| F|  |TAMS 0x0000000695c00000, 0x0000000695c00000| Untracked 
|  51|0x0000000696000000, 0x0000000696000000, 0x0000000696400000|  0%| F|  |TAMS 0x0000000696000000, 0x0000000696000000| Untracked 
|  52|0x0000000696400000, 0x0000000696400000, 0x0000000696800000|  0%| F|  |TAMS 0x0000000696400000, 0x0000000696400000| Untracked 
|  53|0x0000000696800000, 0x0000000696800000, 0x0000000696c00000|  0%| F|  |TAMS 0x0000000696800000, 0x0000000696800000| Untracked 
|  54|0x0000000696c00000, 0x0000000696c00000, 0x0000000697000000|  0%| F|  |TAMS 0x0000000696c00000, 0x0000000696c00000| Untracked 
|  55|0x0000000697000000, 0x0000000697000000, 0x0000000697400000|  0%| F|  |TAMS 0x0000000697000000, 0x0000000697000000| Untracked 
|  56|0x0000000697400000, 0x0000000697400000, 0x0000000697800000|  0%| F|  |TAMS 0x0000000697400000, 0x0000000697400000| Untracked 
|  57|0x0000000697800000, 0x0000000697800000, 0x0000000697c00000|  0%| F|  |TAMS 0x0000000697800000, 0x0000000697800000| Untracked 
|  58|0x0000000697c00000, 0x0000000697c00000, 0x0000000698000000|  0%| F|  |TAMS 0x0000000697c00000, 0x0000000697c00000| Untracked 
|  59|0x0000000698000000, 0x0000000698000000, 0x0000000698400000|  0%| F|  |TAMS 0x0000000698000000, 0x0000000698000000| Untracked 
|  60|0x0000000698400000, 0x0000000698400000, 0x0000000698800000|  0%| F|  |TAMS 0x0000000698400000, 0x0000000698400000| Untracked 
|  61|0x0000000698800000, 0x0000000698800000, 0x0000000698c00000|  0%| F|  |TAMS 0x0000000698800000, 0x0000000698800000| Untracked 
|  62|0x0000000698c00000, 0x0000000698c00000, 0x0000000699000000|  0%| F|  |TAMS 0x0000000698c00000, 0x0000000698c00000| Untracked 
|  63|0x0000000699000000, 0x0000000699000000, 0x0000000699400000|  0%| F|  |TAMS 0x0000000699000000, 0x0000000699000000| Untracked 
|  64|0x0000000699400000, 0x0000000699400000, 0x0000000699800000|  0%| F|  |TAMS 0x0000000699400000, 0x0000000699400000| Untracked 
|  65|0x0000000699800000, 0x0000000699800000, 0x0000000699c00000|  0%| F|  |TAMS 0x0000000699800000, 0x0000000699800000| Untracked 
|  66|0x0000000699c00000, 0x0000000699c00000, 0x000000069a000000|  0%| F|  |TAMS 0x0000000699c00000, 0x0000000699c00000| Untracked 
|  67|0x000000069a000000, 0x000000069a000000, 0x000000069a400000|  0%| F|  |TAMS 0x000000069a000000, 0x000000069a000000| Untracked 
|  68|0x000000069a400000, 0x000000069a400000, 0x000000069a800000|  0%| F|  |TAMS 0x000000069a400000, 0x000000069a400000| Untracked 
|  69|0x000000069a800000, 0x000000069a800000, 0x000000069ac00000|  0%| F|  |TAMS 0x000000069a800000, 0x000000069a800000| Untracked 
|  70|0x000000069ac00000, 0x000000069ac00000, 0x000000069b000000|  0%| F|  |TAMS 0x000000069ac00000, 0x000000069ac00000| Untracked 
|  71|0x000000069b000000, 0x000000069b000000, 0x000000069b400000|  0%| F|  |TAMS 0x000000069b000000, 0x000000069b000000| Untracked 
|  72|0x000000069b400000, 0x000000069b400000, 0x000000069b800000|  0%| F|  |TAMS 0x000000069b400000, 0x000000069b400000| Untracked 
|  73|0x000000069b800000, 0x000000069b800000, 0x000000069bc00000|  0%| F|  |TAMS 0x000000069b800000, 0x000000069b800000| Untracked 
|  74|0x000000069bc00000, 0x000000069bc00000, 0x000000069c000000|  0%| F|  |TAMS 0x000000069bc00000, 0x000000069bc00000| Untracked 
|  75|0x000000069c000000, 0x000000069c000000, 0x000000069c400000|  0%| F|  |TAMS 0x000000069c000000, 0x000000069c000000| Untracked 
|  76|0x000000069c400000, 0x000000069c400000, 0x000000069c800000|  0%| F|  |TAMS 0x000000069c400000, 0x000000069c400000| Untracked 
|  77|0x000000069c800000, 0x000000069c800000, 0x000000069cc00000|  0%| F|  |TAMS 0x000000069c800000, 0x000000069c800000| Untracked 
|  78|0x000000069cc00000, 0x000000069cc00000, 0x000000069d000000|  0%| F|  |TAMS 0x000000069cc00000, 0x000000069cc00000| Untracked 
|  79|0x000000069d000000, 0x000000069d000000, 0x000000069d400000|  0%| F|  |TAMS 0x000000069d000000, 0x000000069d000000| Untracked 
|  80|0x000000069d400000, 0x000000069d400000, 0x000000069d800000|  0%| F|  |TAMS 0x000000069d400000, 0x000000069d400000| Untracked 
|  81|0x000000069d800000, 0x000000069d800000, 0x000000069dc00000|  0%| F|  |TAMS 0x000000069d800000, 0x000000069d800000| Untracked 
|  82|0x000000069dc00000, 0x000000069dc00000, 0x000000069e000000|  0%| F|  |TAMS 0x000000069dc00000, 0x000000069dc00000| Untracked 
|  83|0x000000069e000000, 0x000000069e000000, 0x000000069e400000|  0%| F|  |TAMS 0x000000069e000000, 0x000000069e000000| Untracked 
|  84|0x000000069e400000, 0x000000069e400000, 0x000000069e800000|  0%| F|  |TAMS 0x000000069e400000, 0x000000069e400000| Untracked 
|  85|0x000000069e800000, 0x000000069e800000, 0x000000069ec00000|  0%| F|  |TAMS 0x000000069e800000, 0x000000069e800000| Untracked 
|  86|0x000000069ec00000, 0x000000069ec00000, 0x000000069f000000|  0%| F|  |TAMS 0x000000069ec00000, 0x000000069ec00000| Untracked 
|  87|0x000000069f000000, 0x000000069f000000, 0x000000069f400000|  0%| F|  |TAMS 0x000000069f000000, 0x000000069f000000| Untracked 
|  88|0x000000069f400000, 0x000000069f800000, 0x000000069f800000|100%| S|CS|TAMS 0x000000069f400000, 0x000000069f400000| Complete 
|  89|0x000000069f800000, 0x000000069f800000, 0x000000069fc00000|  0%| F|  |TAMS 0x000000069f800000, 0x000000069f800000| Untracked 
|  90|0x000000069fc00000, 0x000000069fc00000, 0x00000006a0000000|  0%| F|  |TAMS 0x000000069fc00000, 0x000000069fc00000| Untracked 
|  91|0x00000006a0000000, 0x00000006a0400000, 0x00000006a0400000|100%| E|  |TAMS 0x00000006a0000000, 0x00000006a0000000| Complete 
|  92|0x00000006a0400000, 0x00000006a0800000, 0x00000006a0800000|100%| E|CS|TAMS 0x00000006a0400000, 0x00000006a0400000| Complete 
|  93|0x00000006a0800000, 0x00000006a0c00000, 0x00000006a0c00000|100%| E|CS|TAMS 0x00000006a0800000, 0x00000006a0800000| Complete 

Card table byte_map: [0x0000026d7e430000,0x0000026d7eff0000] _byte_map_base: 0x0000026d7afe6000

Marking Bits (Prev, Next): (CMBitMap*) 0x0000026d7cf94370, (CMBitMap*) 0x0000026d7cf943b0
 Prev Bits: [0x0000026d16a10000, 0x0000026d1c7c0000)
 Next Bits: [0x0000026d1c7c0000, 0x0000026d22570000)

Polling page: 0x0000026d7aec0000

Metaspace:

Usage:
  Non-class:      7.15 MB used.
      Class:      1.03 MB used.
       Both:      8.19 MB used.

Virtual space:
  Non-class space:       16.00 MB reserved,       7.31 MB ( 46%) committed,  2 nodes.
      Class space:        1.00 GB reserved,       1.12 MB ( <1%) committed,  1 nodes.
             Both:        1.02 GB reserved,       8.44 MB ( <1%) committed. 

Chunk freelists:
   Non-Class:  3.87 MB
       Class:  2.73 MB
        Both:  6.61 MB

MaxMetaspaceSize: unlimited
CompressedClassSpaceSize: 1.00 GB
Initial GC threshold: 21.00 MB
Current GC threshold: 21.00 MB
CDS: on
MetaspaceReclaimPolicy: balanced
 - commit_granule_bytes: 65536.
 - commit_granule_words: 8192.
 - virtual_space_node_default_size: 1048576.
 - enlarge_chunks_in_place: 1.
 - new_chunks_are_fully_committed: 0.
 - uncommit_free_chunks: 1.
 - use_allocation_guard: 0.
 - handle_deallocations: 1.


Internal statistics:

num_allocs_failed_limit: 0.
num_arena_births: 154.
num_arena_deaths: 0.
num_vsnodes_births: 3.
num_vsnodes_deaths: 0.
num_space_committed: 135.
num_space_uncommitted: 0.
num_chunks_returned_to_freelist: 0.
num_chunks_taken_from_freelist: 409.
num_chunk_merges: 0.
num_chunk_splits: 255.
num_chunks_enlarged: 190.
num_purges: 0.
num_inconsistent_stats: 0.

CodeHeap 'non-profiled nmethods': size=119168Kb used=534Kb max_used=534Kb free=118633Kb
 bounds [0x0000026d0f5b0000, 0x0000026d0f820000, 0x0000026d16a10000]
CodeHeap 'profiled nmethods': size=119104Kb used=2878Kb max_used=2878Kb free=116225Kb
 bounds [0x0000026d08160000, 0x0000026d08430000, 0x0000026d0f5b0000]
CodeHeap 'non-nmethods': size=7488Kb used=2285Kb max_used=2314Kb free=5202Kb
 bounds [0x0000026d07a10000, 0x0000026d07c80000, 0x0000026d08160000]
 total_blobs=2021 nmethods=1575 adapters=356
 compilation: enabled
              stopped_count=0, restarted_count=0
 full_count=0

Compilation events (20 events):
Event: 0.830 Thread 0x0000026d25c08c10 nmethod 1550 0x0000026d08421c10 code [0x0000026d08421e40, 0x0000026d084227d8]
Event: 0.830 Thread 0x0000026d25d0c860 nmethod 1551 0x0000026d08422a10 code [0x0000026d08422c00, 0x0000026d08422f88]
Event: 0.833 Thread 0x0000026d25d0c860 1553       3       ch.qos.logback.core.subst.Tokenizer::handleLiteralState (141 bytes)
Event: 0.833 Thread 0x0000026d25d0c860 nmethod 1553 0x0000026d08423110 code [0x0000026d084233c0, 0x0000026d08423d28]
Event: 0.835 Thread 0x0000026d25d0c860 1554       3       java.lang.ProcessEnvironment$NameComparator::compare (13 bytes)
Event: 0.835 Thread 0x0000026d25d0a080 1555       3       java.lang.ProcessEnvironment$NameComparator::compare (90 bytes)
Event: 0.835 Thread 0x0000026d25d0c860 nmethod 1554 0x0000026d08424090 code [0x0000026d08424240, 0x0000026d08424568]
Event: 0.835 Thread 0x0000026d25d0c860 1556       3       java.util.ImmutableCollections$List12::size (16 bytes)
Event: 0.835 Thread 0x0000026d25d0c860 nmethod 1556 0x0000026d08424690 code [0x0000026d08424820, 0x0000026d084249b8]
Event: 0.835 Thread 0x0000026d25d0c860 1557       3       java.lang.invoke.LambdaFormEditor$TransformKey::bval (26 bytes)
Event: 0.835 Thread 0x0000026d25d0c860 nmethod 1557 0x0000026d08424a90 code [0x0000026d08424c20, 0x0000026d08424d18]
Event: 0.836 Thread 0x0000026d25d0c860 1558       3       java.lang.invoke.DirectMethodHandle$Holder::invokeStatic (17 bytes)
Event: 0.836 Thread 0x0000026d25d0a080 nmethod 1555 0x0000026d08424d90 code [0x0000026d084250a0, 0x0000026d084262f8]
Event: 0.836 Thread 0x0000026d25c08c10 1559       3       java.util.Properties::getProperty (50 bytes)
Event: 0.836 Thread 0x0000026d25d0c860 nmethod 1558 0x0000026d08426b90 code [0x0000026d08426d60, 0x0000026d08427278]
Event: 0.836 Thread 0x0000026d25d0c860 1560       1       java.util.logging.LogManager$LoggerContext::getOwner (5 bytes)
Event: 0.837 Thread 0x0000026d25d0c860 nmethod 1560 0x0000026d0f634d90 code [0x0000026d0f634f20, 0x0000026d0f634ff8]
Event: 0.837 Thread 0x0000026d25c08c10 nmethod 1559 0x0000026d08427390 code [0x0000026d08427560, 0x0000026d08427a78]
Event: 0.837 Thread 0x0000026d25d0c860 1561       3       ch.qos.logback.core.subst.Parser::peekAtCurentToken (35 bytes)
Event: 0.837 Thread 0x0000026d25d0c860 nmethod 1561 0x0000026d08427b90 code [0x0000026d08427d60, 0x0000026d08428198]

GC Heap History (2 events):
Event: 0.563 GC heap before
{Heap before GC invocations=0 (full 0):
 garbage-first heap   total 385024K, used 20480K [0x0000000689400000, 0x0000000800000000)
  region size 4096K, 5 young (20480K), 0 survivors (0K)
 Metaspace       used 5464K, committed 5632K, reserved 1056768K
  class space    used 623K, committed 704K, reserved 1048576K
}
Event: 0.567 GC heap after
{Heap after GC invocations=1 (full 0):
 garbage-first heap   total 385024K, used 6466K [0x0000000689400000, 0x0000000800000000)
  region size 4096K, 1 young (4096K), 1 survivors (4096K)
 Metaspace       used 5464K, committed 5632K, reserved 1056768K
  class space    used 623K, committed 704K, reserved 1048576K
}

Deoptimization events (20 events):
Event: 0.742 Thread 0x0000026d7cf0cbc0 Uncommon trap: trap_request=0xffffff45 fr.pc=0x0000026d0f5c5bb4 relative=0x0000000000000414
Event: 0.742 Thread 0x0000026d7cf0cbc0 Uncommon trap: reason=unstable_if action=reinterpret pc=0x0000026d0f5c5bb4 method=java.lang.StringLatin1.canEncode(I)Z @ 4 c2
Event: 0.742 Thread 0x0000026d7cf0cbc0 DEOPT PACKING pc=0x0000026d0f5c5bb4 sp=0x000000f8004fd550
Event: 0.742 Thread 0x0000026d7cf0cbc0 DEOPT UNPACKING pc=0x0000026d07a623a3 sp=0x000000f8004fd478 mode 2
Event: 0.742 Thread 0x0000026d7cf0cbc0 Uncommon trap: trap_request=0xffffff45 fr.pc=0x0000026d0f5cb714 relative=0x00000000000003f4
Event: 0.742 Thread 0x0000026d7cf0cbc0 Uncommon trap: reason=unstable_if action=reinterpret pc=0x0000026d0f5cb714 method=java.lang.AbstractStringBuilder.isLatin1()Z @ 10 c2
Event: 0.742 Thread 0x0000026d7cf0cbc0 DEOPT PACKING pc=0x0000026d0f5cb714 sp=0x000000f8004fd500
Event: 0.742 Thread 0x0000026d7cf0cbc0 DEOPT UNPACKING pc=0x0000026d07a623a3 sp=0x000000f8004fd480 mode 2
Event: 0.742 Thread 0x0000026d7cf0cbc0 Uncommon trap: trap_request=0xffffff45 fr.pc=0x0000026d0f618b5c relative=0x000000000000005c
Event: 0.742 Thread 0x0000026d7cf0cbc0 Uncommon trap: reason=unstable_if action=reinterpret pc=0x0000026d0f618b5c method=java.lang.AbstractStringBuilder.isLatin1()Z @ 10 c2
Event: 0.742 Thread 0x0000026d7cf0cbc0 DEOPT PACKING pc=0x0000026d0f618b5c sp=0x000000f8004fd4e0
Event: 0.742 Thread 0x0000026d7cf0cbc0 DEOPT UNPACKING pc=0x0000026d07a623a3 sp=0x000000f8004fd470 mode 2
Event: 0.742 Thread 0x0000026d7cf0cbc0 Uncommon trap: trap_request=0xffffff45 fr.pc=0x0000026d0f61bff4 relative=0x00000000000003d4
Event: 0.742 Thread 0x0000026d7cf0cbc0 Uncommon trap: reason=unstable_if action=reinterpret pc=0x0000026d0f61bff4 method=java.lang.AbstractStringBuilder.isLatin1()Z @ 10 c2
Event: 0.742 Thread 0x0000026d7cf0cbc0 DEOPT PACKING pc=0x0000026d0f61bff4 sp=0x000000f8004fd6a0
Event: 0.742 Thread 0x0000026d7cf0cbc0 DEOPT UNPACKING pc=0x0000026d07a623a3 sp=0x000000f8004fd620 mode 2
Event: 0.742 Thread 0x0000026d7cf0cbc0 Uncommon trap: trap_request=0xffffff45 fr.pc=0x0000026d0f5c1038 relative=0x0000000000000038
Event: 0.742 Thread 0x0000026d7cf0cbc0 Uncommon trap: reason=unstable_if action=reinterpret pc=0x0000026d0f5c1038 method=java.lang.StringLatin1.canEncode(I)Z @ 4 c2
Event: 0.742 Thread 0x0000026d7cf0cbc0 DEOPT PACKING pc=0x0000026d0f5c1038 sp=0x000000f8004fd4f0
Event: 0.742 Thread 0x0000026d7cf0cbc0 DEOPT UNPACKING pc=0x0000026d07a623a3 sp=0x000000f8004fd480 mode 2

Classes unloaded (0 events):
No events

Classes redefined (0 events):
No events

Internal exceptions (20 events):
Event: 0.651 Thread 0x0000026d7cf0cbc0 Exception <a 'java/lang/NoSuchMethodError'{0x00000006a0b4a288}: 'java.lang.Object java.lang.invoke.Invokers$Holder.invokeExact_MT(java.lang.Object, java.lang.Object, java.lang.Object, java.lang.Object, java.lang.Object, java.lang.Object)'> (0x00000006a0b4a288) 
thrown [s\src\hotspot\share\interpreter\linkResolver.cpp, line 759]
Event: 0.661 Thread 0x0000026d7cf0cbc0 Exception <a 'java/lang/NoSuchMethodError'{0x00000006a0bb7658}: 'java.lang.Object java.lang.invoke.DirectMethodHandle$Holder.invokeSpecial(java.lang.Object, java.lang.Object, java.lang.Object, java.lang.Object, java.lang.Object, java.lang.Object, int)'> (0x00000006a0bb7658) 
thrown [s\src\hotspot\share\interpreter\linkResolver.cpp, line 759]
Event: 0.662 Thread 0x0000026d7cf0cbc0 Exception <a 'java/lang/NoSuchMethodError'{0x00000006a0bc1bc0}: 'java.lang.Object java.lang.invoke.DirectMethodHandle$Holder.newInvokeSpecial(java.lang.Object, java.lang.Object, java.lang.Object, java.lang.Object, java.lang.Object, java.lang.Object, int)'> (0x00000006a0bc1bc0) 
thrown [s\src\hotspot\share\interpreter\linkResolver.cpp, line 759]
Event: 0.662 Thread 0x0000026d7cf0cbc0 Exception <a 'java/lang/NoSuchMethodError'{0x00000006a0bc6c00}: 'java.lang.Object java.lang.invoke.DirectMethodHandle$Holder.invokeSpecial(java.lang.Object, java.lang.Object, java.lang.Object, java.lang.Object, java.lang.Object, java.lang.Object, java.lang.Object, int)'> (0x00000006a0bc6c00) 
thrown [s\src\hotspot\share\interpreter\linkResolver.cpp, line 759]
Event: 0.690 Thread 0x0000026d7cf0cbc0 Exception <a 'java/lang/NoSuchMethodError'{0x00000006a04ecf28}: 'int java.lang.invoke.DirectMethodHandle$Holder.invokeInterface(java.lang.Object, java.lang.Object)'> (0x00000006a04ecf28) 
thrown [s\src\hotspot\share\interpreter\linkResolver.cpp, line 759]
Event: 0.708 Thread 0x0000026d7cf0cbc0 Exception <a 'java/lang/NoSuchMethodError'{0x00000006a05cb0b8}: 'void java.lang.invoke.DirectMethodHandle$Holder.invokeSpecial(java.lang.Object, java.lang.Object, java.lang.Object, java.lang.Object, java.lang.Object)'> (0x00000006a05cb0b8) 
thrown [s\src\hotspot\share\interpreter\linkResolver.cpp, line 759]
Event: 0.752 Thread 0x0000026d7cf0cbc0 Exception <a 'java/lang/NoSuchMethodError'{0x00000006a0000b18}: 'void java.lang.invoke.DirectMethodHandle$Holder.invokeSpecial(java.lang.Object, java.lang.Object, java.lang.Object, java.lang.Object, java.lang.Object, java.lang.Object)'> (0x00000006a0000b18) 
thrown [s\src\hotspot\share\interpreter\linkResolver.cpp, line 759]
Event: 0.778 Thread 0x0000026d7cf0cbc0 Exception <a 'java/lang/NoSuchMethodError'{0x00000006a00b7a38}: 'java.lang.Object java.lang.invoke.DirectMethodHandle$Holder.invokeSpecial(java.lang.Object, java.lang.Object, java.lang.Object, int, java.lang.Object)'> (0x00000006a00b7a38) 
thrown [s\src\hotspot\share\interpreter\linkResolver.cpp, line 759]
Event: 0.779 Thread 0x0000026d7cf0cbc0 Exception <a 'java/lang/NoSuchMethodError'{0x00000006a00c0098}: 'java.lang.Object java.lang.invoke.DirectMethodHandle$Holder.newInvokeSpecial(java.lang.Object, java.lang.Object, java.lang.Object, int, java.lang.Object)'> (0x00000006a00c0098) 
thrown [s\src\hotspot\share\interpreter\linkResolver.cpp, line 759]
Event: 0.779 Thread 0x0000026d7cf0cbc0 Exception <a 'java/lang/NoSuchMethodError'{0x00000006a00c7a68}: 'java.lang.Object java.lang.invoke.Invokers$Holder.linkToTargetMethod(java.lang.Object, java.lang.Object, int, java.lang.Object, java.lang.Object)'> (0x00000006a00c7a68) 
thrown [s\src\hotspot\share\interpreter\linkResolver.cpp, line 759]
Event: 0.781 Thread 0x0000026d7cf0cbc0 Exception <a 'java/lang/NoSuchMethodError'{0x00000006a00d6d68}: 'java.lang.Object java.lang.invoke.DirectMethodHandle$Holder.newInvokeSpecial(java.lang.Object, int, java.lang.Object)'> (0x00000006a00d6d68) 
thrown [s\src\hotspot\share\interpreter\linkResolver.cpp, line 759]
Event: 0.781 Thread 0x0000026d7cf0cbc0 Exception <a 'java/lang/NoSuchMethodError'{0x00000006a00dba48}: 'int java.lang.invoke.DirectMethodHandle$Holder.invokeSpecialIFC(java.lang.Object, java.lang.Object, java.lang.Object, java.lang.Object)'> (0x00000006a00dba48) 
thrown [s\src\hotspot\share\interpreter\linkResolver.cpp, line 759]
Event: 0.799 Thread 0x0000026d7cf0cbc0 Exception <a 'java/lang/NoSuchMethodError'{0x00000006a0196a28}: 'void java.lang.invoke.DirectMethodHandle$Holder.invokeInterface(java.lang.Object, java.lang.Object, java.lang.Object)'> (0x00000006a0196a28) 
thrown [s\src\hotspot\share\interpreter\linkResolver.cpp, line 759]
Event: 0.812 Thread 0x0000026d7cf0cbc0 Exception <a 'java/lang/NoSuchMethodError'{0x00000006a0209bd0}: 'void java.lang.invoke.DirectMethodHandle$Holder.invokeStaticInit(java.lang.Object, java.lang.Object)'> (0x00000006a0209bd0) 
thrown [s\src\hotspot\share\interpreter\linkResolver.cpp, line 759]
Event: 0.814 Thread 0x0000026d7cf0cbc0 Exception <a 'java/lang/NoSuchMethodError'{0x00000006a0216c50}: 'void java.lang.invoke.DirectMethodHandle$Holder.invokeStaticInit(java.lang.Object, java.lang.Object, java.lang.Object)'> (0x00000006a0216c50) 
thrown [s\src\hotspot\share\interpreter\linkResolver.cpp, line 759]
Event: 0.819 Thread 0x0000026d7cf0cbc0 Exception <a 'java/lang/NoSuchMethodError'{0x00000006a0253d48}: 'java.lang.Object java.lang.invoke.DirectMethodHandle$Holder.invokeStatic(java.lang.Object, java.lang.Object, long, java.lang.Object)'> (0x00000006a0253d48) 
thrown [s\src\hotspot\share\interpreter\linkResolver.cpp, line 759]
Event: 0.819 Thread 0x0000026d7cf0cbc0 Exception <a 'java/lang/NoSuchMethodError'{0x00000006a02577e0}: 'java.lang.Object java.lang.invoke.DirectMethodHandle$Holder.invokeStaticInit(java.lang.Object, java.lang.Object, long, java.lang.Object)'> (0x00000006a02577e0) 
thrown [s\src\hotspot\share\interpreter\linkResolver.cpp, line 759]
Event: 0.819 Thread 0x0000026d7cf0cbc0 Exception <a 'java/lang/NoSuchMethodError'{0x00000006a025df20}: 'java.lang.Object java.lang.invoke.DirectMethodHandle$Holder.newInvokeSpecial(java.lang.Object, java.lang.Object, long)'> (0x00000006a025df20) 
thrown [s\src\hotspot\share\interpreter\linkResolver.cpp, line 759]
Event: 0.820 Thread 0x0000026d7cf0cbc0 Exception <a 'java/lang/NoSuchMethodError'{0x00000006a0261a90}: 'java.lang.Object java.lang.invoke.Invokers$Holder.linkToTargetMethod(java.lang.Object, long, java.lang.Object)'> (0x00000006a0261a90) 
thrown [s\src\hotspot\share\interpreter\linkResolver.cpp, line 759]
Event: 0.827 Thread 0x0000026d7cf0cbc0 Exception <a 'java/lang/NoSuchMethodError'{0x00000006a02a09e8}: 'void java.lang.invoke.DirectMethodHandle$Holder.invokeVirtual(java.lang.Object, java.lang.Object, java.lang.Object, java.lang.Object)'> (0x00000006a02a09e8) 
thrown [s\src\hotspot\share\interpreter\linkResolver.cpp, line 759]

VM Operations (14 events):
Event: 0.083 Executing VM operation: HandshakeAllThreads
Event: 0.083 Executing VM operation: HandshakeAllThreads done
Event: 0.209 Executing VM operation: HandshakeAllThreads
Event: 0.209 Executing VM operation: HandshakeAllThreads done
Event: 0.240 Executing VM operation: HandshakeAllThreads
Event: 0.240 Executing VM operation: HandshakeAllThreads done
Event: 0.246 Executing VM operation: HandshakeAllThreads
Event: 0.246 Executing VM operation: HandshakeAllThreads done
Event: 0.502 Executing VM operation: HandshakeAllThreads
Event: 0.502 Executing VM operation: HandshakeAllThreads done
Event: 0.563 Executing VM operation: G1CollectForAllocation
Event: 0.568 Executing VM operation: G1CollectForAllocation done
Event: 0.700 Executing VM operation: HandshakeAllThreads
Event: 0.700 Executing VM operation: HandshakeAllThreads done

Events (20 events):
Event: 0.820 loading class java/util/concurrent/ThreadPoolExecutor
Event: 0.820 loading class java/util/concurrent/ThreadPoolExecutor done
Event: 0.820 loading class java/util/concurrent/ThreadPoolExecutor$AbortPolicy
Event: 0.820 loading class java/util/concurrent/RejectedExecutionHandler
Event: 0.820 loading class java/util/concurrent/RejectedExecutionHandler done
Event: 0.820 loading class java/util/concurrent/ThreadPoolExecutor$AbortPolicy done
Event: 0.820 loading class java/util/concurrent/SynchronousQueue
Event: 0.820 loading class java/util/concurrent/SynchronousQueue done
Event: 0.820 loading class java/util/concurrent/SynchronousQueue$TransferStack
Event: 0.820 loading class java/util/concurrent/SynchronousQueue$Transferer
Event: 0.820 loading class java/util/concurrent/SynchronousQueue$Transferer done
Event: 0.820 loading class java/util/concurrent/SynchronousQueue$TransferStack done
Event: 0.820 loading class java/util/concurrent/SynchronousQueue$TransferStack$SNode
Event: 0.820 loading class java/util/concurrent/ForkJoinPool$ManagedBlocker
Event: 0.821 loading class java/util/concurrent/ForkJoinPool$ManagedBlocker done
Event: 0.821 loading class java/util/concurrent/SynchronousQueue$TransferStack$SNode done
Event: 0.834 loading class java/util/Stack
Event: 0.834 loading class java/util/Stack done
Event: 0.834 loading class java/util/Vector$Itr
Event: 0.835 loading class java/util/Vector$Itr done


Dynamic libraries:
0x00007ff7129b0000 - 0x00007ff7129be000 	C:\Program Files\Java\jdk-17.0.4.101-hotspot\bin\java.exe
0x00007ffd9e790000 - 0x00007ffd9e9a4000 	C:\WINDOWS\SYSTEM32\ntdll.dll
0x00007ffd9dbd0000 - 0x00007ffd9dc93000 	C:\WINDOWS\System32\KERNEL32.DLL
0x00007ffd9bf70000 - 0x00007ffd9c30c000 	C:\WINDOWS\System32\KERNELBASE.dll
0x00007ffd9be20000 - 0x00007ffd9bf31000 	C:\WINDOWS\System32\ucrtbase.dll
0x00007ffd89b10000 - 0x00007ffd89b29000 	C:\Program Files\Java\jdk-17.0.4.101-hotspot\bin\VCRUNTIME140.dll
0x00007ffd83b80000 - 0x00007ffd83b98000 	C:\Program Files\Java\jdk-17.0.4.101-hotspot\bin\jli.dll
0x00007ffd9dca0000 - 0x00007ffd9de4d000 	C:\WINDOWS\System32\USER32.dll
0x00007ffd894c0000 - 0x00007ffd8974e000 	C:\WINDOWS\WinSxS\amd64_microsoft.windows.common-controls_6595b64144ccf1df_6.0.22621.608_none_a9444ca7c10bb01d\COMCTL32.dll
0x00007ffd9bf40000 - 0x00007ffd9bf66000 	C:\WINDOWS\System32\win32u.dll
0x00007ffd9d980000 - 0x00007ffd9da27000 	C:\WINDOWS\System32\msvcrt.dll
0x00007ffd9cc10000 - 0x00007ffd9cc39000 	C:\WINDOWS\System32\GDI32.dll
0x00007ffd9bd00000 - 0x00007ffd9be13000 	C:\WINDOWS\System32\gdi32full.dll
0x00007ffd9c310000 - 0x00007ffd9c3aa000 	C:\WINDOWS\System32\msvcp_win.dll
0x00007ffd9cc40000 - 0x00007ffd9cc71000 	C:\WINDOWS\System32\IMM32.DLL
0x00007ffd97100000 - 0x00007ffd9710c000 	C:\Program Files\Java\jdk-17.0.4.101-hotspot\bin\vcruntime140_1.dll
0x00007ffd6c990000 - 0x00007ffd6ca21000 	C:\Program Files\Java\jdk-17.0.4.101-hotspot\bin\msvcp140.dll
0x00007ffd029d0000 - 0x00007ffd03616000 	C:\Program Files\Java\jdk-17.0.4.101-hotspot\bin\server\jvm.dll
0x00007ffd9d8d0000 - 0x00007ffd9d97e000 	C:\WINDOWS\System32\ADVAPI32.dll
0x00007ffd9d810000 - 0x00007ffd9d8b4000 	C:\WINDOWS\System32\sechost.dll
0x00007ffd9caf0000 - 0x00007ffd9cc05000 	C:\WINDOWS\System32\RPCRT4.dll
0x00007ffd9e6e0000 - 0x00007ffd9e6e8000 	C:\WINDOWS\System32\PSAPI.DLL
0x00007ffd8ba90000 - 0x00007ffd8ba99000 	C:\WINDOWS\SYSTEM32\WSOCK32.dll
0x00007ffd92680000 - 0x00007ffd9268a000 	C:\WINDOWS\SYSTEM32\VERSION.dll
0x00007ffd91fd0000 - 0x00007ffd92004000 	C:\WINDOWS\SYSTEM32\WINMM.dll
0x00007ffd9cc80000 - 0x00007ffd9ccf1000 	C:\WINDOWS\System32\WS2_32.dll
0x00007ffd9ac20000 - 0x00007ffd9ac38000 	C:\WINDOWS\SYSTEM32\kernel.appcore.dll
0x00007ffd96fd0000 - 0x00007ffd96fda000 	C:\Program Files\Java\jdk-17.0.4.101-hotspot\bin\jimage.dll
0x00007ffd91240000 - 0x00007ffd9146e000 	C:\WINDOWS\SYSTEM32\DBGHELP.DLL
0x00007ffd9df00000 - 0x00007ffd9e289000 	C:\WINDOWS\System32\combase.dll
0x00007ffd9e440000 - 0x00007ffd9e517000 	C:\WINDOWS\System32\OLEAUT32.dll
0x00007ffd8b3a0000 - 0x00007ffd8b3d2000 	C:\WINDOWS\SYSTEM32\dbgcore.DLL
0x00007ffd9c3b0000 - 0x00007ffd9c42b000 	C:\WINDOWS\System32\bcryptPrimitives.dll
0x00007ffd95fb0000 - 0x00007ffd95fbe000 	C:\Program Files\Java\jdk-17.0.4.101-hotspot\bin\instrument.dll
0x00007ffd83350000 - 0x00007ffd83375000 	C:\Program Files\Java\jdk-17.0.4.101-hotspot\bin\java.dll
0x00007ffd6c8b0000 - 0x00007ffd6c986000 	C:\Program Files\Java\jdk-17.0.4.101-hotspot\bin\jsvml.dll
0x00007ffd9cda0000 - 0x00007ffd9d590000 	C:\WINDOWS\System32\SHELL32.dll
0x00007ffd99be0000 - 0x00007ffd9a4ae000 	C:\WINDOWS\SYSTEM32\windows.storage.dll
0x00007ffd99aa0000 - 0x00007ffd99bde000 	C:\WINDOWS\SYSTEM32\wintypes.dll
0x00007ffd9d710000 - 0x00007ffd9d801000 	C:\WINDOWS\System32\SHCORE.dll
0x00007ffd9d690000 - 0x00007ffd9d6ee000 	C:\WINDOWS\System32\shlwapi.dll
0x00007ffd9bb00000 - 0x00007ffd9bb21000 	C:\WINDOWS\SYSTEM32\profapi.dll
0x00007ffd83240000 - 0x00007ffd83258000 	C:\Program Files\Java\jdk-17.0.4.101-hotspot\bin\zip.dll
0x00007ffd834f0000 - 0x00007ffd83509000 	C:\Program Files\Java\jdk-17.0.4.101-hotspot\bin\net.dll
0x00007ffd93cd0000 - 0x00007ffd93dff000 	C:\WINDOWS\SYSTEM32\WINHTTP.dll
0x00007ffd9b090000 - 0x00007ffd9b0f9000 	C:\WINDOWS\system32\mswsock.dll
0x00007ffd83260000 - 0x00007ffd83275000 	C:\Program Files\Java\jdk-17.0.4.101-hotspot\bin\nio.dll
0x00007ffd83220000 - 0x00007ffd8323a000 	C:\Program Files\JetBrains\IntelliJ IDEA Community Edition 2022.1\bin\breakgen64.dll

dbghelp: loaded successfully - version: 4.0.5 - missing functions: none
symbol engine: initialized successfully - sym options: 0x614 - pdb path: .;C:\Program Files\Java\jdk-17.0.4.101-hotspot\bin;C:\WINDOWS\SYSTEM32;C:\WINDOWS\WinSxS\amd64_microsoft.windows.common-controls_6595b64144ccf1df_6.0.22621.608_none_a9444ca7c10bb01d;C:\Program Files\Java\jdk-17.0.4.101-hotspot\bin\server;C:\Program Files\JetBrains\IntelliJ IDEA Community Edition 2022.1\bin

VM Arguments:
jvm_args: -javaagent:C:\Program Files\JetBrains\IntelliJ IDEA Community Edition 2022.1\lib\idea_rt.jar=64084:C:\Program Files\JetBrains\IntelliJ IDEA Community Edition 2022.1\bin -Dfile.encoding=UTF-8 
java_command: com.dev.music_manager_backend.MusicManagerBackEndApplication
java_class_path (initial): D:\GitHub\music_management_reactjs\MusicManager_Backend\target\classes;C:\Users\kiemp\.m2\repository\org\springframework\spring-webmvc\6.0.5\spring-webmvc-6.0.5.jar;C:\Users\kiemp\.m2\repository\org\springframework\spring-aop\6.0.4\spring-aop-6.0.4.jar;C:\Users\kiemp\.m2\repository\org\springframework\spring-beans\6.0.4\spring-beans-6.0.4.jar;C:\Users\kiemp\.m2\repository\org\springframework\spring-context\6.0.4\spring-context-6.0.4.jar;C:\Users\kiemp\.m2\repository\org\springframework\spring-core\6.0.4\spring-core-6.0.4.jar;C:\Users\kiemp\.m2\repository\org\springframework\spring-jcl\6.0.4\spring-jcl-6.0.4.jar;C:\Users\kiemp\.m2\repository\org\springframework\spring-expression\6.0.4\spring-expression-6.0.4.jar;C:\Users\kiemp\.m2\repository\org\springframework\spring-web\6.0.4\spring-web-6.0.4.jar;C:\Users\kiemp\.m2\repository\org\springframework\boot\spring-boot-starter-data-jpa\3.0.2\spring-boot-starter-data-jpa-3.0.2.jar;C:\Users\kiemp\.m2\repository\org\springframework\boot\spring-boot-starter-aop\3.0.2\spring-boot-starter-aop-3.0.2.jar;C:\Users\kiemp\.m2\repository\org\aspectj\aspectjweaver\1.9.19\aspectjweaver-1.9.19.jar;C:\Users\kiemp\.m2\repository\org\springframework\boot\spring-boot-starter-jdbc\3.0.2\spring-boot-starter-jdbc-3.0.2.jar;C:\Users\kiemp\.m2\repository\com\zaxxer\HikariCP\5.0.1\HikariCP-5.0.1.jar;C:\Users\kiemp\.m2\repository\org\springframework\spring-jdbc\6.0.4\spring-jdbc-6.0.4.jar;C:\Users\kiemp\.m2\repository\org\hibernate\orm\hibernate-core\6.1.6.Final\hibernate-core-6.1.6.Final.jar;C:\Users\kiemp\.m2\repository\jakarta\persistence\jakarta.persistence-api\3.1.0\jakarta.persistence-api-3.1.0.jar;C:\Users\kiemp\.m2\repository\jakarta\transaction\jakarta.transaction-api\2.0.1\jakarta.transaction-api-2.0.1.jar;C:\Users\kiemp\.m2\repository\org\hibernate\common\hibernate-commons-annotations\6.0.2.Final\hibernate-commons-annotations-6.0.2.Final.jar;C:\Users\kiemp\.m2\repository\org\jboss\jandex\2.4.2.Final\jandex-2
Launcher Type: SUN_STANDARD

[Global flags]
     intx CICompilerCount                          = 12                                        {product} {ergonomic}
     uint ConcGCThreads                            = 3                                         {product} {ergonomic}
     uint G1ConcRefinementThreads                  = 13                                        {product} {ergonomic}
   size_t G1HeapRegionSize                         = 4194304                                   {product} {ergonomic}
    uintx GCDrainStackTargetSize                   = 64                                        {product} {ergonomic}
   size_t InitialHeapSize                          = 394264576                                 {product} {ergonomic}
   size_t MarkStackSize                            = 4194304                                   {product} {ergonomic}
   size_t MaxHeapSize                              = 6287261696                                {product} {ergonomic}
   size_t MaxNewSize                               = 3770679296                                {product} {ergonomic}
   size_t MinHeapDeltaBytes                        = 4194304                                   {product} {ergonomic}
   size_t MinHeapSize                              = 8388608                                   {product} {ergonomic}
    uintx NonNMethodCodeHeapSize                   = 7602480                                {pd product} {ergonomic}
    uintx NonProfiledCodeHeapSize                  = 122027880                              {pd product} {ergonomic}
    uintx ProfiledCodeHeapSize                     = 122027880                              {pd product} {ergonomic}
    uintx ReservedCodeCacheSize                    = 251658240                              {pd product} {ergonomic}
     bool SegmentedCodeCache                       = true                                      {product} {ergonomic}
   size_t SoftMaxHeapSize                          = 6287261696                             {manageable} {ergonomic}
     bool UseCompressedClassPointers               = true                           {product lp64_product} {ergonomic}
     bool UseCompressedOops                        = true                           {product lp64_product} {ergonomic}
     bool UseG1GC                                  = true                                      {product} {ergonomic}
     bool UseLargePagesIndividualAllocation        = false                                  {pd product} {ergonomic}

Logging:
Log output configuration:
 #0: stdout all=warning uptime,level,tags
 #1: stderr all=off uptime,level,tags

Environment Variables:
JAVA_HOME=C:\Program Files\Java\jdk-17.0.4.101-hotspot
CLASSPATH=C:\xampp\tomcat\lib\servlet-api.jar
PATH=C:\Program Files (x86)\Common Files\Oracle\Java\javapath;C:\Program Files\Java\jdk-17.0.4.101-hotspot\bin;C:\Program Files (x86)\VMware\VMware Workstation\bin\;C:\WINDOWS\system32;C:\WINDOWS;C:\WINDOWS\System32\Wbem;C:\WINDOWS\System32\WindowsPowerShell\v1.0\;C:\WINDOWS\System32\OpenSSH\;C:\Program Files\Microsoft SQL Server\Client SDK\ODBC\170\Tools\Binn\;C:\Program Files (x86)\Microsoft SQL Server\150\Tools\Binn\;C:\Program Files\Microsoft SQL Server\150\Tools\Binn\;C:\Program Files\Microsoft SQL Server\150\DTS\Binn\;C:\Program Files (x86)\MinGW64\bin;C:\Program Files (x86)\NVIDIA Corporation\PhysX\Common;C:\Program Files\NVIDIA Corporation\NVIDIA NvDLISR;C:\Program Files\Azure Data Studio\bin;C:\Users\kiemp\AppData\Local\Microsoft\WindowsApps;C:\Users\kiemp\AppData\Local\Programs\Microsoft VS Code\bin;C:\Program Files\Docker\Docker\resources\bin;C:\ProgramData\DockerDesktop\version-bin;C:\Program Files\dotnet\;C:\Users\kiemp\AppData\Local\Programs\Python\Python310;C:\Users\kiemp\AppData\Local\Programs\Python\Python310\Scripts;C:\WINDOWS\system32;C:\WINDOWS;C:\WINDOWS\System32\Wbem;C:\WINDOWS\System32\WindowsPowerShell\v1.0\;C:\WINDOWS\System32\OpenSSH\;C:\Program Files (x86)\Microsoft SQL Server\150\DTS\Binn\;C:\xampp\tomcat\lib;C:\xampp\php;C:\ProgramData\ComposerSetup\bin;C:\Windows\System32;C:\Program Files\Git\cmd;C:\Program Files (x86)\nodejs\;C:\Program Files (x86)\nodejs;C:\Users\kiemp\AppData\Local\Programs\Python\Python310\Scripts\;C:\Users\kiemp\AppData\Local\Programs\Python\Python310\;C:\Users\kiemp\AppData\Local\Microsoft\WindowsApps;C:\Users\kiemp\AppData\Local\Programs\Microsoft VS Code\bin;C:\Program Files\Azure Data Studio\bin;C:\Program Files\JetBrains\IntelliJ IDEA Community Edition 2022.1\bin;;C:\Users\kiemp\AppData\Local\GitHubDesktop\bin;C:\Program Files\Java\jdk-18.0.2.1\bin;C:\Users\kiemp\AppData\Roaming\Composer\vendor\bin;C:\Users\kiemp\.dotnet\tools;C:\Users\kiemp\AppData\Roaming\npm
USERNAME=kiemp
OS=Windows_NT
PROCESSOR_IDENTIFIER=AMD64 Family 23 Model 96 Stepping 1, AuthenticAMD
TMP=C:\Users\kiemp\AppData\Local\Temp
TEMP=C:\Users\kiemp\AppData\Local\Temp



---------------  S Y S T E M  ---------------

OS:
 Windows 11 , 64 bit Build 22621 (10.0.22621.1344)
OS uptime: 1 days 21:55 hours

CPU: total 16 (initial active 16) (16 cores per cpu, 2 threads per core) family 23 model 96 stepping 1 microcode 0x0, cx8, cmov, fxsr, ht, mmx, 3dnowpref, sse, sse2, sse3, ssse3, sse4a, sse4.1, sse4.2, popcnt, lzcnt, tsc, tscinvbit, avx, avx2, aes, clmul, bmi1, bmi2, adx, sha, fma, vzeroupper, clflush, clflushopt

Memory: 4k page, system-wide physical 23983M (8198M free)
TotalPageFile size 26031M (AvailPageFile size 4M)
current process WorkingSet (physical memory assigned to process): 94M, peak: 94M
current process commit charge ("private bytes"): 510M, peak: 510M

vm_info: OpenJDK 64-Bit Server VM (17.0.4.1+1) for windows-amd64 JRE (17.0.4.1+1), built on Aug 17 2022 07:42:43 by "temurin" with MS VC++ 16.7 (VS2019)

END.
